[ 2017-05-11T00:00:24+08:00 ] 127.0.0.1 /Home/Index/login
INFO: [ app_init ] --START--
INFO: Run Behavior\BuildLiteBehavior [ RunTime:0.000000s ]
INFO: [ app_init ] --END-- [ RunTime:0.002000s ]
INFO: [ app_begin ] --START--
INFO: Run Behavior\ReadHtmlCacheBehavior [ RunTime:0.001000s ]
INFO: [ app_begin ] --END-- [ RunTime:0.002000s ]
NOTIC: [8] A session had already been started - ignoring session_start() D:\wamp\www\lushantc\ThinkPHP\Common\functions.php 第 1263 行.
SQL: SHOW COLUMNS FROM `category` [ RunTime:0.0050s ]
SQL: SELECT * FROM `category`  [ RunTime:0.0010s ]
NOTIC: [8] Undefined offset: 1 D:\wamp\www\lushantc\Application\Common\Common\function.php 第 11 行.
NOTIC: [8] Undefined offset: 2 D:\wamp\www\lushantc\Application\Common\Common\function.php 第 11 行.
NOTIC: [8] Undefined offset: 3 D:\wamp\www\lushantc\Application\Common\Common\function.php 第 11 行.
NOTIC: [8] Undefined offset: 4 D:\wamp\www\lushantc\Application\Common\Common\function.php 第 11 行.
NOTIC: [8] Undefined offset: 5 D:\wamp\www\lushantc\Application\Common\Common\function.php 第 11 行.
NOTIC: [8192] mysql_connect(): The mysql extension is deprecated and will be removed in the future: use mysqli or PDO instead D:\wamp\www\lushantc\Application\Home\Controller\IndexController.class.php 第 66 行.
NOTIC: [2] mysql_fetch_array() expects parameter 1 to be resource, boolean given D:\wamp\www\lushantc\Application\Home\Controller\IndexController.class.php 第 75 行.

[ 2017-05-11T00:01:28+08:00 ] 127.0.0.1 /Home/Index/login
INFO: [ app_init ] --START--
INFO: Run Behavior\BuildLiteBehavior [ RunTime:0.000000s ]
INFO: [ app_init ] --END-- [ RunTime:0.000000s ]
INFO: [ app_begin ] --START--
INFO: Run Behavior\ReadHtmlCacheBehavior [ RunTime:0.000000s ]
INFO: [ app_begin ] --END-- [ RunTime:0.002001s ]
NOTIC: [8] A session had already been started - ignoring session_start() D:\wamp\www\lushantc\ThinkPHP\Common\functions.php 第 1263 行.
SQL: SHOW COLUMNS FROM `category` [ RunTime:0.0040s ]
SQL: SELECT * FROM `category`  [ RunTime:0.0010s ]
NOTIC: [8] Undefined offset: 1 D:\wamp\www\lushantc\Application\Common\Common\function.php 第 11 行.
NOTIC: [8] Undefined offset: 2 D:\wamp\www\lushantc\Application\Common\Common\function.php 第 11 行.
NOTIC: [8] Undefined offset: 3 D:\wamp\www\lushantc\Application\Common\Common\function.php 第 11 行.
NOTIC: [8] Undefined offset: 4 D:\wamp\www\lushantc\Application\Common\Common\function.php 第 11 行.
NOTIC: [8] Undefined offset: 5 D:\wamp\www\lushantc\Application\Common\Common\function.php 第 11 行.

[ 2017-05-11T00:02:01+08:00 ] 127.0.0.1 /Home/Index/login
INFO: [ app_init ] --START--
INFO: Run Behavior\BuildLiteBehavior [ RunTime:0.000000s ]
INFO: [ app_init ] --END-- [ RunTime:0.001000s ]
INFO: [ app_begin ] --START--
INFO: Run Behavior\ReadHtmlCacheBehavior [ RunTime:0.001000s ]
INFO: [ app_begin ] --END-- [ RunTime:0.001000s ]
NOTIC: [8] A session had already been started - ignoring session_start() D:\wamp\www\lushantc\ThinkPHP\Common\functions.php 第 1263 行.
SQL: SHOW COLUMNS FROM `category` [ RunTime:0.0040s ]
SQL: SELECT * FROM `category`  [ RunTime:0.0010s ]
NOTIC: [8] Undefined offset: 1 D:\wamp\www\lushantc\Application\Common\Common\function.php 第 11 行.
NOTIC: [8] Undefined offset: 2 D:\wamp\www\lushantc\Application\Common\Common\function.php 第 11 行.
NOTIC: [8] Undefined offset: 3 D:\wamp\www\lushantc\Application\Common\Common\function.php 第 11 行.
NOTIC: [8] Undefined offset: 4 D:\wamp\www\lushantc\Application\Common\Common\function.php 第 11 行.
NOTIC: [8] Undefined offset: 5 D:\wamp\www\lushantc\Application\Common\Common\function.php 第 11 行.

[ 2017-05-11T00:02:16+08:00 ] 127.0.0.1 /Home/Index/login
INFO: [ app_init ] --START--
INFO: Run Behavior\BuildLiteBehavior [ RunTime:0.000000s ]
INFO: [ app_init ] --END-- [ RunTime:0.001000s ]
INFO: [ app_begin ] --START--
INFO: Run Behavior\ReadHtmlCacheBehavior [ RunTime:0.002000s ]
INFO: [ app_begin ] --END-- [ RunTime:0.002000s ]
NOTIC: [8] A session had already been started - ignoring session_start() D:\wamp\www\lushantc\ThinkPHP\Common\functions.php 第 1263 行.
SQL: SHOW COLUMNS FROM `category` [ RunTime:0.0040s ]
SQL: SELECT * FROM `category`  [ RunTime:0.0000s ]
NOTIC: [8] Undefined offset: 1 D:\wamp\www\lushantc\Application\Common\Common\function.php 第 11 行.
NOTIC: [8] Undefined offset: 2 D:\wamp\www\lushantc\Application\Common\Common\function.php 第 11 行.
NOTIC: [8] Undefined offset: 3 D:\wamp\www\lushantc\Application\Common\Common\function.php 第 11 行.
NOTIC: [8] Undefined offset: 4 D:\wamp\www\lushantc\Application\Common\Common\function.php 第 11 行.
NOTIC: [8] Undefined offset: 5 D:\wamp\www\lushantc\Application\Common\Common\function.php 第 11 行.
NOTIC: [8192] mysql_connect(): The mysql extension is deprecated and will be removed in the future: use mysqli or PDO instead D:\wamp\www\lushantc\Application\Home\Controller\IndexController.class.php 第 66 行.
NOTIC: [2] mysql_fetch_array() expects parameter 1 to be resource, boolean given D:\wamp\www\lushantc\Application\Home\Controller\IndexController.class.php 第 75 行.

[ 2017-05-11T00:02:38+08:00 ] 127.0.0.1 /Home/Index/login
INFO: [ app_init ] --START--
INFO: Run Behavior\BuildLiteBehavior [ RunTime:0.000000s ]
INFO: [ app_init ] --END-- [ RunTime:0.001000s ]
INFO: [ app_begin ] --START--
INFO: Run Behavior\ReadHtmlCacheBehavior [ RunTime:0.001001s ]
INFO: [ app_begin ] --END-- [ RunTime:0.001001s ]
NOTIC: [8] A session had already been started - ignoring session_start() D:\wamp\www\lushantc\ThinkPHP\Common\functions.php 第 1263 行.
SQL: SHOW COLUMNS FROM `category` [ RunTime:0.0060s ]
SQL: SELECT * FROM `category`  [ RunTime:0.0010s ]
NOTIC: [8] Undefined offset: 1 D:\wamp\www\lushantc\Application\Common\Common\function.php 第 11 行.
NOTIC: [8] Undefined offset: 2 D:\wamp\www\lushantc\Application\Common\Common\function.php 第 11 行.
NOTIC: [8] Undefined offset: 3 D:\wamp\www\lushantc\Application\Common\Common\function.php 第 11 行.
NOTIC: [8] Undefined offset: 4 D:\wamp\www\lushantc\Application\Common\Common\function.php 第 11 行.
NOTIC: [8] Undefined offset: 5 D:\wamp\www\lushantc\Application\Common\Common\function.php 第 11 行.
NOTIC: [8192] mysql_connect(): The mysql extension is deprecated and will be removed in the future: use mysqli or PDO instead D:\wamp\www\lushantc\Application\Home\Controller\IndexController.class.php 第 66 行.

[ 2017-05-11T00:03:08+08:00 ] 127.0.0.1 /Home/Index/login
INFO: [ app_init ] --START--
INFO: Run Behavior\BuildLiteBehavior [ RunTime:0.001000s ]
INFO: [ app_init ] --END-- [ RunTime:0.002000s ]
INFO: [ app_begin ] --START--
INFO: Run Behavior\ReadHtmlCacheBehavior [ RunTime:0.002000s ]
INFO: [ app_begin ] --END-- [ RunTime:0.002000s ]
NOTIC: [8] A session had already been started - ignoring session_start() D:\wamp\www\lushantc\ThinkPHP\Common\functions.php 第 1263 行.
SQL: SHOW COLUMNS FROM `category` [ RunTime:0.0040s ]
SQL: SELECT * FROM `category`  [ RunTime:0.0010s ]
NOTIC: [8] Undefined offset: 1 D:\wamp\www\lushantc\Application\Common\Common\function.php 第 11 行.
NOTIC: [8] Undefined offset: 2 D:\wamp\www\lushantc\Application\Common\Common\function.php 第 11 行.
NOTIC: [8] Undefined offset: 3 D:\wamp\www\lushantc\Application\Common\Common\function.php 第 11 行.
NOTIC: [8] Undefined offset: 4 D:\wamp\www\lushantc\Application\Common\Common\function.php 第 11 行.
NOTIC: [8] Undefined offset: 5 D:\wamp\www\lushantc\Application\Common\Common\function.php 第 11 行.
NOTIC: [8192] mysql_connect(): The mysql extension is deprecated and will be removed in the future: use mysqli or PDO instead D:\wamp\www\lushantc\Application\Home\Controller\IndexController.class.php 第 66 行.
NOTIC: [2] mysql_fetch_array() expects parameter 1 to be resource, boolean given D:\wamp\www\lushantc\Application\Home\Controller\IndexController.class.php 第 75 行.

[ 2017-05-11T00:04:12+08:00 ] 127.0.0.1 /Home/Index/login
INFO: [ app_init ] --START--
INFO: Run Behavior\BuildLiteBehavior [ RunTime:0.000000s ]
INFO: [ app_init ] --END-- [ RunTime:0.002000s ]
INFO: [ app_begin ] --START--
INFO: Run Behavior\ReadHtmlCacheBehavior [ RunTime:0.001000s ]
INFO: [ app_begin ] --END-- [ RunTime:0.001000s ]
NOTIC: [8] A session had already been started - ignoring session_start() D:\wamp\www\lushantc\ThinkPHP\Common\functions.php 第 1263 行.
SQL: SHOW COLUMNS FROM `category` [ RunTime:0.0050s ]
SQL: SELECT * FROM `category`  [ RunTime:0.0010s ]
NOTIC: [8] Undefined offset: 1 D:\wamp\www\lushantc\Application\Common\Common\function.php 第 11 行.
NOTIC: [8] Undefined offset: 2 D:\wamp\www\lushantc\Application\Common\Common\function.php 第 11 行.
NOTIC: [8] Undefined offset: 3 D:\wamp\www\lushantc\Application\Common\Common\function.php 第 11 行.
NOTIC: [8] Undefined offset: 4 D:\wamp\www\lushantc\Application\Common\Common\function.php 第 11 行.
NOTIC: [8] Undefined offset: 5 D:\wamp\www\lushantc\Application\Common\Common\function.php 第 11 行.
INFO: [ view_parse ] --START--
INFO: [ template_filter ] --START--
INFO: Run Behavior\ContentReplaceBehavior [ RunTime:0.000000s ]
INFO: [ template_filter ] --END-- [ RunTime:0.001000s ]
NOTIC: [8] Undefined index: HTTP_REFERER D:\wamp\www\lushantc\Application\Runtime\Cache\Home\ccea6a400660ce54d68cab67b9f68781.php 第 47 行.
INFO: Run Behavior\ParseTemplateBehavior [ RunTime:0.020001s ]
INFO: [ view_parse ] --END-- [ RunTime:0.020001s ]
INFO: [ view_filter ] --START--
INFO: Run Behavior\WriteHtmlCacheBehavior [ RunTime:0.001000s ]
INFO: [ view_filter ] --END-- [ RunTime:0.002000s ]
INFO: [ app_end ] --START--
INFO: Run Behavior\ShowPageTraceBehavior [ RunTime:0.002000s ]
INFO: [ app_end ] --END-- [ RunTime:0.002000s ]

[ 2017-05-11T00:04:18+08:00 ] 127.0.0.1 /Home/Index/login
INFO: [ app_init ] --START--
INFO: Run Behavior\BuildLiteBehavior [ RunTime:0.000000s ]
INFO: [ app_init ] --END-- [ RunTime:0.001000s ]
INFO: [ app_begin ] --START--
INFO: Run Behavior\ReadHtmlCacheBehavior [ RunTime:0.002000s ]
INFO: [ app_begin ] --END-- [ RunTime:0.002000s ]
NOTIC: [8] A session had already been started - ignoring session_start() D:\wamp\www\lushantc\ThinkPHP\Common\functions.php 第 1263 行.
SQL: SHOW COLUMNS FROM `category` [ RunTime:0.0040s ]
SQL: SELECT * FROM `category`  [ RunTime:0.0010s ]
NOTIC: [8] Undefined offset: 1 D:\wamp\www\lushantc\Application\Common\Common\function.php 第 11 行.
NOTIC: [8] Undefined offset: 2 D:\wamp\www\lushantc\Application\Common\Common\function.php 第 11 行.
NOTIC: [8] Undefined offset: 3 D:\wamp\www\lushantc\Application\Common\Common\function.php 第 11 行.
NOTIC: [8] Undefined offset: 4 D:\wamp\www\lushantc\Application\Common\Common\function.php 第 11 行.
NOTIC: [8] Undefined offset: 5 D:\wamp\www\lushantc\Application\Common\Common\function.php 第 11 行.
NOTIC: [8192] mysql_connect(): The mysql extension is deprecated and will be removed in the future: use mysqli or PDO instead D:\wamp\www\lushantc\Application\Home\Controller\IndexController.class.php 第 66 行.
NOTIC: [2] mysql_fetch_array() expects parameter 1 to be resource, boolean given D:\wamp\www\lushantc\Application\Home\Controller\IndexController.class.php 第 75 行.

[ 2017-05-11T00:04:22+08:00 ] 127.0.0.1 /Home/Index/login
INFO: [ app_init ] --START--
INFO: Run Behavior\BuildLiteBehavior [ RunTime:0.000000s ]
INFO: [ app_init ] --END-- [ RunTime:0.002001s ]
INFO: [ app_begin ] --START--
INFO: Run Behavior\ReadHtmlCacheBehavior [ RunTime:0.001000s ]
INFO: [ app_begin ] --END-- [ RunTime:0.002000s ]
NOTIC: [8] A session had already been started - ignoring session_start() D:\wamp\www\lushantc\ThinkPHP\Common\functions.php 第 1263 行.
SQL: SHOW COLUMNS FROM `category` [ RunTime:0.0060s ]
SQL: SELECT * FROM `category`  [ RunTime:0.0020s ]
NOTIC: [8] Undefined offset: 1 D:\wamp\www\lushantc\Application\Common\Common\function.php 第 11 行.
NOTIC: [8] Undefined offset: 2 D:\wamp\www\lushantc\Application\Common\Common\function.php 第 11 行.
NOTIC: [8] Undefined offset: 3 D:\wamp\www\lushantc\Application\Common\Common\function.php 第 11 行.
NOTIC: [8] Undefined offset: 4 D:\wamp\www\lushantc\Application\Common\Common\function.php 第 11 行.
NOTIC: [8] Undefined offset: 5 D:\wamp\www\lushantc\Application\Common\Common\function.php 第 11 行.
NOTIC: [8192] mysql_connect(): The mysql extension is deprecated and will be removed in the future: use mysqli or PDO instead D:\wamp\www\lushantc\Application\Home\Controller\IndexController.class.php 第 66 行.
NOTIC: [2] mysql_fetch_array() expects parameter 1 to be resource, boolean given D:\wamp\www\lushantc\Application\Home\Controller\IndexController.class.php 第 75 行.

[ 2017-05-11T00:04:52+08:00 ] 127.0.0.1 /Home/Index/login
INFO: [ app_init ] --START--
INFO: Run Behavior\BuildLiteBehavior [ RunTime:0.000000s ]
INFO: [ app_init ] --END-- [ RunTime:0.001000s ]
INFO: [ app_begin ] --START--
INFO: Run Behavior\ReadHtmlCacheBehavior [ RunTime:0.001000s ]
INFO: [ app_begin ] --END-- [ RunTime:0.001000s ]
NOTIC: [8] A session had already been started - ignoring session_start() D:\wamp\www\lushantc\ThinkPHP\Common\functions.php 第 1263 行.
SQL: SHOW COLUMNS FROM `category` [ RunTime:0.0060s ]
SQL: SELECT * FROM `category`  [ RunTime:0.0010s ]
NOTIC: [8] Undefined offset: 1 D:\wamp\www\lushantc\Application\Common\Common\function.php 第 11 行.
NOTIC: [8] Undefined offset: 2 D:\wamp\www\lushantc\Application\Common\Common\function.php 第 11 行.
NOTIC: [8] Undefined offset: 3 D:\wamp\www\lushantc\Application\Common\Common\function.php 第 11 行.
NOTIC: [8] Undefined offset: 4 D:\wamp\www\lushantc\Application\Common\Common\function.php 第 11 行.
NOTIC: [8] Undefined offset: 5 D:\wamp\www\lushantc\Application\Common\Common\function.php 第 11 行.
NOTIC: [8192] mysql_connect(): The mysql extension is deprecated and will be removed in the future: use mysqli or PDO instead D:\wamp\www\lushantc\Application\Home\Controller\IndexController.class.php 第 66 行.
NOTIC: [2] mysql_fetch_array() expects parameter 1 to be resource, boolean given D:\wamp\www\lushantc\Application\Home\Controller\IndexController.class.php 第 75 行.

[ 2017-05-11T00:06:26+08:00 ] 127.0.0.1 /Home/Index/login
INFO: [ app_init ] --START--
INFO: Run Behavior\BuildLiteBehavior [ RunTime:0.000000s ]
INFO: [ app_init ] --END-- [ RunTime:0.002000s ]
INFO: [ app_begin ] --START--
INFO: Run Behavior\ReadHtmlCacheBehavior [ RunTime:0.001000s ]
INFO: [ app_begin ] --END-- [ RunTime:0.003000s ]
NOTIC: [8] A session had already been started - ignoring session_start() D:\wamp\www\lushantc\ThinkPHP\Common\functions.php 第 1263 行.
SQL: SHOW COLUMNS FROM `category` [ RunTime:0.0040s ]
SQL: SELECT * FROM `category`  [ RunTime:0.0010s ]
NOTIC: [8] Undefined offset: 1 D:\wamp\www\lushantc\Application\Common\Common\function.php 第 11 行.
NOTIC: [8] Undefined offset: 2 D:\wamp\www\lushantc\Application\Common\Common\function.php 第 11 行.
NOTIC: [8] Undefined offset: 3 D:\wamp\www\lushantc\Application\Common\Common\function.php 第 11 行.
NOTIC: [8] Undefined offset: 4 D:\wamp\www\lushantc\Application\Common\Common\function.php 第 11 行.
NOTIC: [8] Undefined offset: 5 D:\wamp\www\lushantc\Application\Common\Common\function.php 第 11 行.
NOTIC: [8192] mysql_connect(): The mysql extension is deprecated and will be removed in the future: use mysqli or PDO instead D:\wamp\www\lushantc\Application\Home\Controller\IndexController.class.php 第 66 行.
NOTIC: [2] mysql_fetch_array() expects parameter 1 to be resource, boolean given D:\wamp\www\lushantc\Application\Home\Controller\IndexController.class.php 第 75 行.

[ 2017-05-11T00:07:27+08:00 ] 127.0.0.1 /Home/Index/login
INFO: [ app_init ] --START--
INFO: Run Behavior\BuildLiteBehavior [ RunTime:0.000000s ]
INFO: [ app_init ] --END-- [ RunTime:0.001000s ]
INFO: [ app_begin ] --START--
INFO: Run Behavior\ReadHtmlCacheBehavior [ RunTime:0.002000s ]
INFO: [ app_begin ] --END-- [ RunTime:0.002000s ]
NOTIC: [8] A session had already been started - ignoring session_start() D:\wamp\www\lushantc\ThinkPHP\Common\functions.php 第 1263 行.
SQL: SHOW COLUMNS FROM `category` [ RunTime:0.0060s ]
SQL: SELECT * FROM `category`  [ RunTime:0.0010s ]
NOTIC: [8] Undefined offset: 1 D:\wamp\www\lushantc\Application\Common\Common\function.php 第 11 行.
NOTIC: [8] Undefined offset: 2 D:\wamp\www\lushantc\Application\Common\Common\function.php 第 11 行.
NOTIC: [8] Undefined offset: 3 D:\wamp\www\lushantc\Application\Common\Common\function.php 第 11 行.
NOTIC: [8] Undefined offset: 4 D:\wamp\www\lushantc\Application\Common\Common\function.php 第 11 行.
NOTIC: [8] Undefined offset: 5 D:\wamp\www\lushantc\Application\Common\Common\function.php 第 11 行.
NOTIC: [8192] mysql_connect(): The mysql extension is deprecated and will be removed in the future: use mysqli or PDO instead D:\wamp\www\lushantc\Application\Home\Controller\IndexController.class.php 第 66 行.
NOTIC: [2] mysql_fetch_array() expects parameter 1 to be resource, boolean given D:\wamp\www\lushantc\Application\Home\Controller\IndexController.class.php 第 75 行.

[ 2017-05-11T00:08:07+08:00 ] 127.0.0.1 /Home/Index/login
INFO: [ app_init ] --START--
INFO: Run Behavior\BuildLiteBehavior [ RunTime:0.000000s ]
INFO: [ app_init ] --END-- [ RunTime:0.001000s ]
INFO: [ app_begin ] --START--
INFO: Run Behavior\ReadHtmlCacheBehavior [ RunTime:0.001000s ]
INFO: [ app_begin ] --END-- [ RunTime:0.002000s ]
NOTIC: [8] A session had already been started - ignoring session_start() D:\wamp\www\lushantc\ThinkPHP\Common\functions.php 第 1263 行.
SQL: SHOW COLUMNS FROM `category` [ RunTime:0.0070s ]
SQL: SELECT * FROM `category`  [ RunTime:0.0010s ]
NOTIC: [8] Undefined offset: 1 D:\wamp\www\lushantc\Application\Common\Common\function.php 第 11 行.
NOTIC: [8] Undefined offset: 2 D:\wamp\www\lushantc\Application\Common\Common\function.php 第 11 行.
NOTIC: [8] Undefined offset: 3 D:\wamp\www\lushantc\Application\Common\Common\function.php 第 11 行.
NOTIC: [8] Undefined offset: 4 D:\wamp\www\lushantc\Application\Common\Common\function.php 第 11 行.
NOTIC: [8] Undefined offset: 5 D:\wamp\www\lushantc\Application\Common\Common\function.php 第 11 行.
NOTIC: [8192] mysql_connect(): The mysql extension is deprecated and will be removed in the future: use mysqli or PDO instead D:\wamp\www\lushantc\Application\Home\Controller\IndexController.class.php 第 66 行.

[ 2017-05-11T00:09:49+08:00 ] 127.0.0.1 /Home/Index/login
INFO: [ app_init ] --START--
INFO: Run Behavior\BuildLiteBehavior [ RunTime:0.000000s ]
INFO: [ app_init ] --END-- [ RunTime:0.002000s ]
INFO: [ app_begin ] --START--
INFO: Run Behavior\ReadHtmlCacheBehavior [ RunTime:0.000000s ]
INFO: [ app_begin ] --END-- [ RunTime:0.001000s ]
NOTIC: [8] A session had already been started - ignoring session_start() D:\wamp\www\lushantc\ThinkPHP\Common\functions.php 第 1263 行.
SQL: SHOW COLUMNS FROM `category` [ RunTime:0.0060s ]
SQL: SELECT * FROM `category`  [ RunTime:0.0010s ]
NOTIC: [8] Undefined offset: 1 D:\wamp\www\lushantc\Application\Common\Common\function.php 第 11 行.
NOTIC: [8] Undefined offset: 2 D:\wamp\www\lushantc\Application\Common\Common\function.php 第 11 行.
NOTIC: [8] Undefined offset: 3 D:\wamp\www\lushantc\Application\Common\Common\function.php 第 11 行.
NOTIC: [8] Undefined offset: 4 D:\wamp\www\lushantc\Application\Common\Common\function.php 第 11 行.
NOTIC: [8] Undefined offset: 5 D:\wamp\www\lushantc\Application\Common\Common\function.php 第 11 行.
NOTIC: [8192] mysql_connect(): The mysql extension is deprecated and will be removed in the future: use mysqli or PDO instead D:\wamp\www\lushantc\Application\Home\Controller\IndexController.class.php 第 66 行.
NOTIC: [2] mysql_fetch_array() expects parameter 1 to be resource, boolean given D:\wamp\www\lushantc\Application\Home\Controller\IndexController.class.php 第 75 行.

[ 2017-05-11T00:10:44+08:00 ] 127.0.0.1 /Home/Index/login
INFO: [ app_init ] --START--
INFO: Run Behavior\BuildLiteBehavior [ RunTime:0.000000s ]
INFO: [ app_init ] --END-- [ RunTime:0.001000s ]
INFO: [ app_begin ] --START--
INFO: Run Behavior\ReadHtmlCacheBehavior [ RunTime:0.001000s ]
INFO: [ app_begin ] --END-- [ RunTime:0.002000s ]
NOTIC: [8] A session had already been started - ignoring session_start() D:\wamp\www\lushantc\ThinkPHP\Common\functions.php 第 1263 行.
SQL: SHOW COLUMNS FROM `category` [ RunTime:0.0050s ]
SQL: SELECT * FROM `category`  [ RunTime:0.0010s ]
NOTIC: [8] Undefined offset: 1 D:\wamp\www\lushantc\Application\Common\Common\function.php 第 11 行.
NOTIC: [8] Undefined offset: 2 D:\wamp\www\lushantc\Application\Common\Common\function.php 第 11 行.
NOTIC: [8] Undefined offset: 3 D:\wamp\www\lushantc\Application\Common\Common\function.php 第 11 行.
NOTIC: [8] Undefined offset: 4 D:\wamp\www\lushantc\Application\Common\Common\function.php 第 11 行.
NOTIC: [8] Undefined offset: 5 D:\wamp\www\lushantc\Application\Common\Common\function.php 第 11 行.
NOTIC: [8192] mysql_connect(): The mysql extension is deprecated and will be removed in the future: use mysqli or PDO instead D:\wamp\www\lushantc\Application\Home\Controller\IndexController.class.php 第 66 行.
NOTIC: [2] mysql_fetch_array() expects parameter 1 to be resource, boolean given D:\wamp\www\lushantc\Application\Home\Controller\IndexController.class.php 第 75 行.

[ 2017-05-11T00:10:59+08:00 ] 127.0.0.1 /Home/Index/login
INFO: [ app_init ] --START--
INFO: Run Behavior\BuildLiteBehavior [ RunTime:0.000000s ]
INFO: [ app_init ] --END-- [ RunTime:0.001000s ]
INFO: [ app_begin ] --START--
INFO: Run Behavior\ReadHtmlCacheBehavior [ RunTime:0.001000s ]
INFO: [ app_begin ] --END-- [ RunTime:0.001000s ]
NOTIC: [8] A session had already been started - ignoring session_start() D:\wamp\www\lushantc\ThinkPHP\Common\functions.php 第 1263 行.
SQL: SHOW COLUMNS FROM `category` [ RunTime:0.0050s ]
SQL: SELECT * FROM `category`  [ RunTime:0.0010s ]
NOTIC: [8] Undefined offset: 1 D:\wamp\www\lushantc\Application\Common\Common\function.php 第 11 行.
NOTIC: [8] Undefined offset: 2 D:\wamp\www\lushantc\Application\Common\Common\function.php 第 11 行.
NOTIC: [8] Undefined offset: 3 D:\wamp\www\lushantc\Application\Common\Common\function.php 第 11 行.
NOTIC: [8] Undefined offset: 4 D:\wamp\www\lushantc\Application\Common\Common\function.php 第 11 行.
NOTIC: [8] Undefined offset: 5 D:\wamp\www\lushantc\Application\Common\Common\function.php 第 11 行.
NOTIC: [8192] mysql_connect(): The mysql extension is deprecated and will be removed in the future: use mysqli or PDO instead D:\wamp\www\lushantc\Application\Home\Controller\IndexController.class.php 第 66 行.
NOTIC: [2] mysql_fetch_array() expects parameter 1 to be resource, boolean given D:\wamp\www\lushantc\Application\Home\Controller\IndexController.class.php 第 75 行.

[ 2017-05-11T00:14:55+08:00 ] 127.0.0.1 /Home/Index/login
INFO: [ app_init ] --START--
INFO: Run Behavior\BuildLiteBehavior [ RunTime:0.000000s ]
INFO: [ app_init ] --END-- [ RunTime:0.001000s ]
INFO: [ app_begin ] --START--
INFO: Run Behavior\ReadHtmlCacheBehavior [ RunTime:0.001000s ]
INFO: [ app_begin ] --END-- [ RunTime:0.001000s ]
NOTIC: [8] A session had already been started - ignoring session_start() D:\wamp\www\lushantc\ThinkPHP\Common\functions.php 第 1263 行.
SQL: SHOW COLUMNS FROM `category` [ RunTime:0.0050s ]
SQL: SELECT * FROM `category`  [ RunTime:0.0000s ]
NOTIC: [8] Undefined offset: 1 D:\wamp\www\lushantc\Application\Common\Common\function.php 第 11 行.
NOTIC: [8] Undefined offset: 2 D:\wamp\www\lushantc\Application\Common\Common\function.php 第 11 行.
NOTIC: [8] Undefined offset: 3 D:\wamp\www\lushantc\Application\Common\Common\function.php 第 11 行.
NOTIC: [8] Undefined offset: 4 D:\wamp\www\lushantc\Application\Common\Common\function.php 第 11 行.
NOTIC: [8] Undefined offset: 5 D:\wamp\www\lushantc\Application\Common\Common\function.php 第 11 行.
NOTIC: [8192] mysql_connect(): The mysql extension is deprecated and will be removed in the future: use mysqli or PDO instead D:\wamp\www\lushantc\Application\Home\Controller\IndexController.class.php 第 66 行.
NOTIC: [2] mysql_fetch_array() expects parameter 1 to be resource, boolean given D:\wamp\www\lushantc\Application\Home\Controller\IndexController.class.php 第 75 行.

[ 2017-05-11T00:15:10+08:00 ] 127.0.0.1 /Home/Index/login
INFO: [ app_init ] --START--
INFO: Run Behavior\BuildLiteBehavior [ RunTime:0.000000s ]
INFO: [ app_init ] --END-- [ RunTime:0.001000s ]
INFO: [ app_begin ] --START--
INFO: Run Behavior\ReadHtmlCacheBehavior [ RunTime:0.003000s ]
INFO: [ app_begin ] --END-- [ RunTime:0.003000s ]
NOTIC: [8] A session had already been started - ignoring session_start() D:\wamp\www\lushantc\ThinkPHP\Common\functions.php 第 1263 行.
SQL: SHOW COLUMNS FROM `category` [ RunTime:0.0040s ]
SQL: SELECT * FROM `category`  [ RunTime:0.0010s ]
NOTIC: [8] Undefined offset: 1 D:\wamp\www\lushantc\Application\Common\Common\function.php 第 11 行.
NOTIC: [8] Undefined offset: 2 D:\wamp\www\lushantc\Application\Common\Common\function.php 第 11 行.
NOTIC: [8] Undefined offset: 3 D:\wamp\www\lushantc\Application\Common\Common\function.php 第 11 行.
NOTIC: [8] Undefined offset: 4 D:\wamp\www\lushantc\Application\Common\Common\function.php 第 11 行.
NOTIC: [8] Undefined offset: 5 D:\wamp\www\lushantc\Application\Common\Common\function.php 第 11 行.
NOTIC: [8192] mysql_connect(): The mysql extension is deprecated and will be removed in the future: use mysqli or PDO instead D:\wamp\www\lushantc\Application\Home\Controller\IndexController.class.php 第 66 行.
NOTIC: [2] mysql_fetch_array() expects parameter 1 to be resource, boolean given D:\wamp\www\lushantc\Application\Home\Controller\IndexController.class.php 第 75 行.

[ 2017-05-11T00:15:16+08:00 ] 127.0.0.1 /Home/Index/login
INFO: [ app_init ] --START--
INFO: Run Behavior\BuildLiteBehavior [ RunTime:0.000000s ]
INFO: [ app_init ] --END-- [ RunTime:0.001000s ]
INFO: [ app_begin ] --START--
INFO: Run Behavior\ReadHtmlCacheBehavior [ RunTime:0.001000s ]
INFO: [ app_begin ] --END-- [ RunTime:0.001000s ]
NOTIC: [8] A session had already been started - ignoring session_start() D:\wamp\www\lushantc\ThinkPHP\Common\functions.php 第 1263 行.
SQL: SHOW COLUMNS FROM `category` [ RunTime:0.0050s ]
SQL: SELECT * FROM `category`  [ RunTime:0.0000s ]
NOTIC: [8] Undefined offset: 1 D:\wamp\www\lushantc\Application\Common\Common\function.php 第 11 行.
NOTIC: [8] Undefined offset: 2 D:\wamp\www\lushantc\Application\Common\Common\function.php 第 11 行.
NOTIC: [8] Undefined offset: 3 D:\wamp\www\lushantc\Application\Common\Common\function.php 第 11 行.
NOTIC: [8] Undefined offset: 4 D:\wamp\www\lushantc\Application\Common\Common\function.php 第 11 行.
NOTIC: [8] Undefined offset: 5 D:\wamp\www\lushantc\Application\Common\Common\function.php 第 11 行.
NOTIC: [8192] mysql_connect(): The mysql extension is deprecated and will be removed in the future: use mysqli or PDO instead D:\wamp\www\lushantc\Application\Home\Controller\IndexController.class.php 第 66 行.
NOTIC: [2] mysql_fetch_array() expects parameter 1 to be resource, boolean given D:\wamp\www\lushantc\Application\Home\Controller\IndexController.class.php 第 75 行.

[ 2017-05-11T00:16:00+08:00 ] 127.0.0.1 /Home/Index/login
INFO: [ app_init ] --START--
INFO: Run Behavior\BuildLiteBehavior [ RunTime:0.000000s ]
INFO: [ app_init ] --END-- [ RunTime:0.003000s ]
INFO: [ app_begin ] --START--
INFO: Run Behavior\ReadHtmlCacheBehavior [ RunTime:0.001000s ]
INFO: [ app_begin ] --END-- [ RunTime:0.001000s ]
NOTIC: [8] A session had already been started - ignoring session_start() D:\wamp\www\lushantc\ThinkPHP\Common\functions.php 第 1263 行.
SQL: SHOW COLUMNS FROM `category` [ RunTime:0.0040s ]
SQL: SELECT * FROM `category`  [ RunTime:0.0010s ]
NOTIC: [8] Undefined offset: 1 D:\wamp\www\lushantc\Application\Common\Common\function.php 第 11 行.
NOTIC: [8] Undefined offset: 2 D:\wamp\www\lushantc\Application\Common\Common\function.php 第 11 行.
NOTIC: [8] Undefined offset: 3 D:\wamp\www\lushantc\Application\Common\Common\function.php 第 11 行.
NOTIC: [8] Undefined offset: 4 D:\wamp\www\lushantc\Application\Common\Common\function.php 第 11 行.
NOTIC: [8] Undefined offset: 5 D:\wamp\www\lushantc\Application\Common\Common\function.php 第 11 行.
NOTIC: [8192] mysql_connect(): The mysql extension is deprecated and will be removed in the future: use mysqli or PDO instead D:\wamp\www\lushantc\Application\Home\Controller\IndexController.class.php 第 66 行.
NOTIC: [2] mysql_fetch_array() expects parameter 1 to be resource, boolean given D:\wamp\www\lushantc\Application\Home\Controller\IndexController.class.php 第 75 行.

[ 2017-05-11T00:16:29+08:00 ] 127.0.0.1 /Home/Index/login
INFO: [ app_init ] --START--
INFO: Run Behavior\BuildLiteBehavior [ RunTime:0.000000s ]
INFO: [ app_init ] --END-- [ RunTime:0.001001s ]
INFO: [ app_begin ] --START--
INFO: Run Behavior\ReadHtmlCacheBehavior [ RunTime:0.000000s ]
INFO: [ app_begin ] --END-- [ RunTime:0.002000s ]
NOTIC: [8] A session had already been started - ignoring session_start() D:\wamp\www\lushantc\ThinkPHP\Common\functions.php 第 1263 行.
SQL: SHOW COLUMNS FROM `category` [ RunTime:0.0060s ]
SQL: SELECT * FROM `category`  [ RunTime:0.0010s ]
NOTIC: [8] Undefined offset: 1 D:\wamp\www\lushantc\Application\Common\Common\function.php 第 11 行.
NOTIC: [8] Undefined offset: 2 D:\wamp\www\lushantc\Application\Common\Common\function.php 第 11 行.
NOTIC: [8] Undefined offset: 3 D:\wamp\www\lushantc\Application\Common\Common\function.php 第 11 行.
NOTIC: [8] Undefined offset: 4 D:\wamp\www\lushantc\Application\Common\Common\function.php 第 11 行.
NOTIC: [8] Undefined offset: 5 D:\wamp\www\lushantc\Application\Common\Common\function.php 第 11 行.
NOTIC: [8192] mysql_connect(): The mysql extension is deprecated and will be removed in the future: use mysqli or PDO instead D:\wamp\www\lushantc\Application\Home\Controller\IndexController.class.php 第 66 行.
NOTIC: [2] mysql_fetch_array() expects parameter 1 to be resource, boolean given D:\wamp\www\lushantc\Application\Home\Controller\IndexController.class.php 第 75 行.

[ 2017-05-11T00:16:57+08:00 ] 127.0.0.1 /Home/Index/login
INFO: [ app_init ] --START--
INFO: Run Behavior\BuildLiteBehavior [ RunTime:0.000000s ]
INFO: [ app_init ] --END-- [ RunTime:0.001000s ]
INFO: [ app_begin ] --START--
INFO: Run Behavior\ReadHtmlCacheBehavior [ RunTime:0.001000s ]
INFO: [ app_begin ] --END-- [ RunTime:0.001000s ]
NOTIC: [8] A session had already been started - ignoring session_start() D:\wamp\www\lushantc\ThinkPHP\Common\functions.php 第 1263 行.
SQL: SHOW COLUMNS FROM `category` [ RunTime:0.0040s ]
SQL: SELECT * FROM `category`  [ RunTime:0.0010s ]
NOTIC: [8] Undefined offset: 1 D:\wamp\www\lushantc\Application\Common\Common\function.php 第 11 行.
NOTIC: [8] Undefined offset: 2 D:\wamp\www\lushantc\Application\Common\Common\function.php 第 11 行.
NOTIC: [8] Undefined offset: 3 D:\wamp\www\lushantc\Application\Common\Common\function.php 第 11 行.
NOTIC: [8] Undefined offset: 4 D:\wamp\www\lushantc\Application\Common\Common\function.php 第 11 行.
NOTIC: [8] Undefined offset: 5 D:\wamp\www\lushantc\Application\Common\Common\function.php 第 11 行.
NOTIC: [8192] mysql_connect(): The mysql extension is deprecated and will be removed in the future: use mysqli or PDO instead D:\wamp\www\lushantc\Application\Home\Controller\IndexController.class.php 第 66 行.
NOTIC: [2] mysql_fetch_array() expects parameter 1 to be resource, boolean given D:\wamp\www\lushantc\Application\Home\Controller\IndexController.class.php 第 75 行.

[ 2017-05-11T00:17:33+08:00 ] 127.0.0.1 /Home/Index/login
INFO: [ app_init ] --START--
INFO: Run Behavior\BuildLiteBehavior [ RunTime:0.000000s ]
INFO: [ app_init ] --END-- [ RunTime:0.001000s ]
INFO: [ app_begin ] --START--
INFO: Run Behavior\ReadHtmlCacheBehavior [ RunTime:0.000000s ]
INFO: [ app_begin ] --END-- [ RunTime:0.001001s ]
NOTIC: [8] A session had already been started - ignoring session_start() D:\wamp\www\lushantc\ThinkPHP\Common\functions.php 第 1263 行.
SQL: SHOW COLUMNS FROM `category` [ RunTime:0.0050s ]
SQL: SELECT * FROM `category`  [ RunTime:0.0010s ]
NOTIC: [8] Undefined offset: 1 D:\wamp\www\lushantc\Application\Common\Common\function.php 第 11 行.
NOTIC: [8] Undefined offset: 2 D:\wamp\www\lushantc\Application\Common\Common\function.php 第 11 行.
NOTIC: [8] Undefined offset: 3 D:\wamp\www\lushantc\Application\Common\Common\function.php 第 11 行.
NOTIC: [8] Undefined offset: 4 D:\wamp\www\lushantc\Application\Common\Common\function.php 第 11 行.
NOTIC: [8] Undefined offset: 5 D:\wamp\www\lushantc\Application\Common\Common\function.php 第 11 行.
NOTIC: [8192] mysql_connect(): The mysql extension is deprecated and will be removed in the future: use mysqli or PDO instead D:\wamp\www\lushantc\Application\Home\Controller\IndexController.class.php 第 66 行.
NOTIC: [2] mysql_fetch_array() expects parameter 1 to be resource, boolean given D:\wamp\www\lushantc\Application\Home\Controller\IndexController.class.php 第 75 行.

[ 2017-05-11T00:21:30+08:00 ] 127.0.0.1 /Home/Index/login
INFO: [ app_init ] --START--
INFO: Run Behavior\BuildLiteBehavior [ RunTime:0.000000s ]
INFO: [ app_init ] --END-- [ RunTime:0.002000s ]
INFO: [ app_begin ] --START--
INFO: Run Behavior\ReadHtmlCacheBehavior [ RunTime:0.001000s ]
INFO: [ app_begin ] --END-- [ RunTime:0.002000s ]
NOTIC: [8] A session had already been started - ignoring session_start() D:\wamp\www\lushantc\ThinkPHP\Common\functions.php 第 1263 行.
SQL: SHOW COLUMNS FROM `category` [ RunTime:0.0080s ]
SQL: SELECT * FROM `category`  [ RunTime:0.0020s ]
NOTIC: [8] Undefined offset: 1 D:\wamp\www\lushantc\Application\Common\Common\function.php 第 11 行.
NOTIC: [8] Undefined offset: 2 D:\wamp\www\lushantc\Application\Common\Common\function.php 第 11 行.
NOTIC: [8] Undefined offset: 3 D:\wamp\www\lushantc\Application\Common\Common\function.php 第 11 行.
NOTIC: [8] Undefined offset: 4 D:\wamp\www\lushantc\Application\Common\Common\function.php 第 11 行.
NOTIC: [8] Undefined offset: 5 D:\wamp\www\lushantc\Application\Common\Common\function.php 第 11 行.
NOTIC: [8192] mysql_connect(): The mysql extension is deprecated and will be removed in the future: use mysqli or PDO instead D:\wamp\www\lushantc\Application\Home\Controller\IndexController.class.php 第 66 行.
NOTIC: [2] mysql_fetch_array() expects parameter 1 to be resource, boolean given D:\wamp\www\lushantc\Application\Home\Controller\IndexController.class.php 第 75 行.

[ 2017-05-11T00:22:04+08:00 ] 127.0.0.1 /Home/Index/login
INFO: [ app_init ] --START--
INFO: Run Behavior\BuildLiteBehavior [ RunTime:0.000000s ]
INFO: [ app_init ] --END-- [ RunTime:0.001000s ]
INFO: [ app_begin ] --START--
INFO: Run Behavior\ReadHtmlCacheBehavior [ RunTime:0.001000s ]
INFO: [ app_begin ] --END-- [ RunTime:0.001000s ]
NOTIC: [8] A session had already been started - ignoring session_start() D:\wamp\www\lushantc\ThinkPHP\Common\functions.php 第 1263 行.
SQL: SHOW COLUMNS FROM `category` [ RunTime:0.0040s ]
SQL: SELECT * FROM `category`  [ RunTime:0.0010s ]
NOTIC: [8] Undefined offset: 1 D:\wamp\www\lushantc\Application\Common\Common\function.php 第 11 行.
NOTIC: [8] Undefined offset: 2 D:\wamp\www\lushantc\Application\Common\Common\function.php 第 11 行.
NOTIC: [8] Undefined offset: 3 D:\wamp\www\lushantc\Application\Common\Common\function.php 第 11 行.
NOTIC: [8] Undefined offset: 4 D:\wamp\www\lushantc\Application\Common\Common\function.php 第 11 行.
NOTIC: [8] Undefined offset: 5 D:\wamp\www\lushantc\Application\Common\Common\function.php 第 11 行.
NOTIC: [8192] mysql_connect(): The mysql extension is deprecated and will be removed in the future: use mysqli or PDO instead D:\wamp\www\lushantc\Application\Home\Controller\IndexController.class.php 第 66 行.

[ 2017-05-11T00:22:13+08:00 ] 127.0.0.1 /Home/Index/login
INFO: [ app_init ] --START--
INFO: Run Behavior\BuildLiteBehavior [ RunTime:0.000000s ]
INFO: [ app_init ] --END-- [ RunTime:0.002000s ]
INFO: [ app_begin ] --START--
INFO: Run Behavior\ReadHtmlCacheBehavior [ RunTime:0.000000s ]
INFO: [ app_begin ] --END-- [ RunTime:0.001000s ]
NOTIC: [8] A session had already been started - ignoring session_start() D:\wamp\www\lushantc\ThinkPHP\Common\functions.php 第 1263 行.
SQL: SHOW COLUMNS FROM `category` [ RunTime:0.0050s ]
SQL: SELECT * FROM `category`  [ RunTime:0.0010s ]
NOTIC: [8] Undefined offset: 1 D:\wamp\www\lushantc\Application\Common\Common\function.php 第 11 行.
NOTIC: [8] Undefined offset: 2 D:\wamp\www\lushantc\Application\Common\Common\function.php 第 11 行.
NOTIC: [8] Undefined offset: 3 D:\wamp\www\lushantc\Application\Common\Common\function.php 第 11 行.
NOTIC: [8] Undefined offset: 4 D:\wamp\www\lushantc\Application\Common\Common\function.php 第 11 行.
NOTIC: [8] Undefined offset: 5 D:\wamp\www\lushantc\Application\Common\Common\function.php 第 11 行.
NOTIC: [8192] mysql_connect(): The mysql extension is deprecated and will be removed in the future: use mysqli or PDO instead D:\wamp\www\lushantc\Application\Home\Controller\IndexController.class.php 第 66 行.
NOTIC: [2] mysql_num_rows() expects parameter 1 to be resource, boolean given D:\wamp\www\lushantc\Application\Home\Controller\IndexController.class.php 第 75 行.

[ 2017-05-11T00:23:08+08:00 ] 127.0.0.1 /Home/Index/login
INFO: [ app_init ] --START--
INFO: Run Behavior\BuildLiteBehavior [ RunTime:0.000000s ]
INFO: [ app_init ] --END-- [ RunTime:0.000000s ]
INFO: [ app_begin ] --START--
INFO: Run Behavior\ReadHtmlCacheBehavior [ RunTime:0.001000s ]
INFO: [ app_begin ] --END-- [ RunTime:0.001000s ]
NOTIC: [8] A session had already been started - ignoring session_start() D:\wamp\www\lushantc\ThinkPHP\Common\functions.php 第 1263 行.
SQL: SHOW COLUMNS FROM `category` [ RunTime:0.0040s ]
SQL: SELECT * FROM `category`  [ RunTime:0.0010s ]
NOTIC: [8] Undefined offset: 1 D:\wamp\www\lushantc\Application\Common\Common\function.php 第 11 行.
NOTIC: [8] Undefined offset: 2 D:\wamp\www\lushantc\Application\Common\Common\function.php 第 11 行.
NOTIC: [8] Undefined offset: 3 D:\wamp\www\lushantc\Application\Common\Common\function.php 第 11 行.
NOTIC: [8] Undefined offset: 4 D:\wamp\www\lushantc\Application\Common\Common\function.php 第 11 行.
NOTIC: [8] Undefined offset: 5 D:\wamp\www\lushantc\Application\Common\Common\function.php 第 11 行.
NOTIC: [8192] mysql_connect(): The mysql extension is deprecated and will be removed in the future: use mysqli or PDO instead D:\wamp\www\lushantc\Application\Home\Controller\IndexController.class.php 第 66 行.
NOTIC: [2] mysql_fetch_array() expects parameter 1 to be resource, boolean given D:\wamp\www\lushantc\Application\Home\Controller\IndexController.class.php 第 75 行.

[ 2017-05-11T00:23:21+08:00 ] 127.0.0.1 /Home/Index/login
INFO: [ app_init ] --START--
INFO: Run Behavior\BuildLiteBehavior [ RunTime:0.000000s ]
INFO: [ app_init ] --END-- [ RunTime:0.002000s ]
INFO: [ app_begin ] --START--
INFO: Run Behavior\ReadHtmlCacheBehavior [ RunTime:0.001000s ]
INFO: [ app_begin ] --END-- [ RunTime:0.001000s ]
NOTIC: [8] A session had already been started - ignoring session_start() D:\wamp\www\lushantc\ThinkPHP\Common\functions.php 第 1263 行.
SQL: SHOW COLUMNS FROM `category` [ RunTime:0.0050s ]
SQL: SELECT * FROM `category`  [ RunTime:0.0010s ]
NOTIC: [8] Undefined offset: 1 D:\wamp\www\lushantc\Application\Common\Common\function.php 第 11 行.
NOTIC: [8] Undefined offset: 2 D:\wamp\www\lushantc\Application\Common\Common\function.php 第 11 行.
NOTIC: [8] Undefined offset: 3 D:\wamp\www\lushantc\Application\Common\Common\function.php 第 11 行.
NOTIC: [8] Undefined offset: 4 D:\wamp\www\lushantc\Application\Common\Common\function.php 第 11 行.
NOTIC: [8] Undefined offset: 5 D:\wamp\www\lushantc\Application\Common\Common\function.php 第 11 行.
NOTIC: [8192] mysql_connect(): The mysql extension is deprecated and will be removed in the future: use mysqli or PDO instead D:\wamp\www\lushantc\Application\Home\Controller\IndexController.class.php 第 66 行.
NOTIC: [2] mysql_fetch_array() expects parameter 1 to be resource, boolean given D:\wamp\www\lushantc\Application\Home\Controller\IndexController.class.php 第 75 行.

[ 2017-05-11T00:23:33+08:00 ] 127.0.0.1 /Home/Index/login
INFO: [ app_init ] --START--
INFO: Run Behavior\BuildLiteBehavior [ RunTime:0.000000s ]
INFO: [ app_init ] --END-- [ RunTime:0.002000s ]
INFO: [ app_begin ] --START--
INFO: Run Behavior\ReadHtmlCacheBehavior [ RunTime:0.001000s ]
INFO: [ app_begin ] --END-- [ RunTime:0.001000s ]
NOTIC: [8] A session had already been started - ignoring session_start() D:\wamp\www\lushantc\ThinkPHP\Common\functions.php 第 1263 行.
SQL: SHOW COLUMNS FROM `category` [ RunTime:0.0050s ]
SQL: SELECT * FROM `category`  [ RunTime:0.0010s ]
NOTIC: [8] Undefined offset: 1 D:\wamp\www\lushantc\Application\Common\Common\function.php 第 11 行.
NOTIC: [8] Undefined offset: 2 D:\wamp\www\lushantc\Application\Common\Common\function.php 第 11 行.
NOTIC: [8] Undefined offset: 3 D:\wamp\www\lushantc\Application\Common\Common\function.php 第 11 行.
NOTIC: [8] Undefined offset: 4 D:\wamp\www\lushantc\Application\Common\Common\function.php 第 11 行.
NOTIC: [8] Undefined offset: 5 D:\wamp\www\lushantc\Application\Common\Common\function.php 第 11 行.
NOTIC: [8192] mysql_connect(): The mysql extension is deprecated and will be removed in the future: use mysqli or PDO instead D:\wamp\www\lushantc\Application\Home\Controller\IndexController.class.php 第 66 行.

[ 2017-05-11T00:23:47+08:00 ] 127.0.0.1 /Home/Index/login
INFO: [ app_init ] --START--
INFO: Run Behavior\BuildLiteBehavior [ RunTime:0.000000s ]
INFO: [ app_init ] --END-- [ RunTime:0.001000s ]
INFO: [ app_begin ] --START--
INFO: Run Behavior\ReadHtmlCacheBehavior [ RunTime:0.001000s ]
INFO: [ app_begin ] --END-- [ RunTime:0.001000s ]
NOTIC: [8] A session had already been started - ignoring session_start() D:\wamp\www\lushantc\ThinkPHP\Common\functions.php 第 1263 行.
SQL: SHOW COLUMNS FROM `category` [ RunTime:0.0050s ]
SQL: SELECT * FROM `category`  [ RunTime:0.0010s ]
NOTIC: [8] Undefined offset: 1 D:\wamp\www\lushantc\Application\Common\Common\function.php 第 11 行.
NOTIC: [8] Undefined offset: 2 D:\wamp\www\lushantc\Application\Common\Common\function.php 第 11 行.
NOTIC: [8] Undefined offset: 3 D:\wamp\www\lushantc\Application\Common\Common\function.php 第 11 行.
NOTIC: [8] Undefined offset: 4 D:\wamp\www\lushantc\Application\Common\Common\function.php 第 11 行.
NOTIC: [8] Undefined offset: 5 D:\wamp\www\lushantc\Application\Common\Common\function.php 第 11 行.
NOTIC: [8192] mysql_connect(): The mysql extension is deprecated and will be removed in the future: use mysqli or PDO instead D:\wamp\www\lushantc\Application\Home\Controller\IndexController.class.php 第 66 行.
NOTIC: [2] mysql_fetch_array() expects parameter 1 to be resource, boolean given D:\wamp\www\lushantc\Application\Home\Controller\IndexController.class.php 第 75 行.

[ 2017-05-11T00:24:04+08:00 ] 127.0.0.1 /Home/Index/login
INFO: [ app_init ] --START--
INFO: Run Behavior\BuildLiteBehavior [ RunTime:0.000000s ]
INFO: [ app_init ] --END-- [ RunTime:0.001000s ]
INFO: [ app_begin ] --START--
INFO: Run Behavior\ReadHtmlCacheBehavior [ RunTime:0.001000s ]
INFO: [ app_begin ] --END-- [ RunTime:0.001000s ]
NOTIC: [8] A session had already been started - ignoring session_start() D:\wamp\www\lushantc\ThinkPHP\Common\functions.php 第 1263 行.
SQL: SHOW COLUMNS FROM `category` [ RunTime:0.0050s ]
SQL: SELECT * FROM `category`  [ RunTime:0.0000s ]
NOTIC: [8] Undefined offset: 1 D:\wamp\www\lushantc\Application\Common\Common\function.php 第 11 行.
NOTIC: [8] Undefined offset: 2 D:\wamp\www\lushantc\Application\Common\Common\function.php 第 11 行.
NOTIC: [8] Undefined offset: 3 D:\wamp\www\lushantc\Application\Common\Common\function.php 第 11 行.
NOTIC: [8] Undefined offset: 4 D:\wamp\www\lushantc\Application\Common\Common\function.php 第 11 行.
NOTIC: [8] Undefined offset: 5 D:\wamp\www\lushantc\Application\Common\Common\function.php 第 11 行.
SQL: SHOW COLUMNS FROM `user` [ RunTime:0.0050s ]
SQL: SELECT * FROM `user` WHERE `username` = 'xx\' union select * from user /*' LIMIT 1   [ RunTime:0.0010s ]
INFO: [ view_parse ] --START--
INFO: [ template_filter ] --START--
INFO: Run Behavior\ContentReplaceBehavior [ RunTime:0.000000s ]
INFO: [ template_filter ] --END-- [ RunTime:0.000000s ]
INFO: Run Behavior\ParseTemplateBehavior [ RunTime:0.011001s ]
INFO: [ view_parse ] --END-- [ RunTime:0.011001s ]
INFO: [ view_filter ] --START--
INFO: Run Behavior\WriteHtmlCacheBehavior [ RunTime:0.001000s ]
INFO: [ view_filter ] --END-- [ RunTime:0.001000s ]

[ 2017-05-11T00:24:08+08:00 ] 127.0.0.1 /Home/Index/login
INFO: [ app_init ] --START--
INFO: Run Behavior\BuildLiteBehavior [ RunTime:0.000000s ]
INFO: [ app_init ] --END-- [ RunTime:0.001000s ]
INFO: [ app_begin ] --START--
INFO: Run Behavior\ReadHtmlCacheBehavior [ RunTime:0.000000s ]
INFO: [ app_begin ] --END-- [ RunTime:0.002000s ]
NOTIC: [8] A session had already been started - ignoring session_start() D:\wamp\www\lushantc\ThinkPHP\Common\functions.php 第 1263 行.
SQL: SHOW COLUMNS FROM `category` [ RunTime:0.0060s ]
SQL: SELECT * FROM `category`  [ RunTime:0.0010s ]
NOTIC: [8] Undefined offset: 1 D:\wamp\www\lushantc\Application\Common\Common\function.php 第 11 行.
NOTIC: [8] Undefined offset: 2 D:\wamp\www\lushantc\Application\Common\Common\function.php 第 11 行.
NOTIC: [8] Undefined offset: 3 D:\wamp\www\lushantc\Application\Common\Common\function.php 第 11 行.
NOTIC: [8] Undefined offset: 4 D:\wamp\www\lushantc\Application\Common\Common\function.php 第 11 行.
NOTIC: [8] Undefined offset: 5 D:\wamp\www\lushantc\Application\Common\Common\function.php 第 11 行.
INFO: [ view_parse ] --START--
INFO: [ template_filter ] --START--
INFO: Run Behavior\ContentReplaceBehavior [ RunTime:0.000000s ]
INFO: [ template_filter ] --END-- [ RunTime:0.001000s ]
INFO: Run Behavior\ParseTemplateBehavior [ RunTime:0.021002s ]
INFO: [ view_parse ] --END-- [ RunTime:0.021002s ]
INFO: [ view_filter ] --START--
INFO: Run Behavior\WriteHtmlCacheBehavior [ RunTime:0.002000s ]
INFO: [ view_filter ] --END-- [ RunTime:0.002000s ]
INFO: [ app_end ] --START--
INFO: Run Behavior\ShowPageTraceBehavior [ RunTime:0.001000s ]
INFO: [ app_end ] --END-- [ RunTime:0.002000s ]

