[ 2017-04-20T07:31:43+08:00 ] 127.0.0.1 /user
INFO: [ app_init ] --START--
INFO: Run Behavior\BuildLiteBehavior [ RunTime:0.000000s ]
INFO: [ app_init ] --END-- [ RunTime:0.001000s ]
INFO: [ app_begin ] --START--
INFO: Run Behavior\ReadHtmlCacheBehavior [ RunTime:0.000000s ]
INFO: [ app_begin ] --END-- [ RunTime:0.001000s ]
NOTIC: [8] Undefined index: user_id D:\wamp\www\lushantc\Application\User\Controller\IndexController.class.php 第 19 行.
SQL: SHOW COLUMNS FROM `order` [ RunTime:0.0110s ]
SQL: SELECT COUNT(*) AS tp_count FROM `order` WHERE `uid` = null AND `delete` = 0 LIMIT 1   [ RunTime:0.0010s ]
SQL: SELECT * FROM `order` WHERE `uid` = null AND `delete` = 0 ORDER BY create_time LIMIT 0,2   [ RunTime:0.0010s ]
NOTIC: [8] Undefined index: user_id D:\wamp\www\lushantc\Application\User\Controller\IndexController.class.php 第 32 行.
SQL: SELECT COUNT(*) AS tp_count FROM `order` WHERE `uid` = null AND `delete` = 0 LIMIT 1   [ RunTime:0.0000s ]
NOTIC: [8] Undefined index: user_id D:\wamp\www\lushantc\Application\User\Controller\IndexController.class.php 第 33 行.
SQL: SELECT COUNT(*) AS tp_count FROM `order` WHERE `uid` = null AND `delete` = 0 AND `status` = 1 LIMIT 1   [ RunTime:0.0010s ]
NOTIC: [8] Undefined index: user_id D:\wamp\www\lushantc\Application\User\Controller\IndexController.class.php 第 34 行.
SQL: SELECT COUNT(*) AS tp_count FROM `order` WHERE `uid` = null AND `delete` = 0 AND `status` = 3 LIMIT 1   [ RunTime:0.0010s ]
NOTIC: [8] Undefined index: user_id D:\wamp\www\lushantc\Application\User\Controller\IndexController.class.php 第 35 行.
SQL: SELECT COUNT(*) AS tp_count FROM `order` WHERE `uid` = null AND `delete` = 0 AND `status` = 4 LIMIT 1   [ RunTime:0.0000s ]
NOTIC: [8] Undefined variable: c D:\wamp\www\lushantc\Application\User\Controller\IndexController.class.php 第 41 行.
INFO: [ view_parse ] --START--
INFO: [ template_filter ] --START--
INFO: Run Behavior\ContentReplaceBehavior [ RunTime:0.001000s ]
INFO: [ template_filter ] --END-- [ RunTime:0.001000s ]
INFO: Run Behavior\ParseTemplateBehavior [ RunTime:0.040002s ]
INFO: [ view_parse ] --END-- [ RunTime:0.040002s ]
INFO: [ view_filter ] --START--
INFO: Run Behavior\WriteHtmlCacheBehavior [ RunTime:0.000000s ]
INFO: [ view_filter ] --END-- [ RunTime:0.001000s ]
INFO: [ app_end ] --START--
INFO: Run Behavior\ShowPageTraceBehavior [ RunTime:0.001000s ]
INFO: [ app_end ] --END-- [ RunTime:0.002000s ]

[ 2017-04-20T07:31:48+08:00 ] 127.0.0.1 /user
INFO: [ app_init ] --START--
INFO: Run Behavior\BuildLiteBehavior [ RunTime:0.000000s ]
INFO: [ app_init ] --END-- [ RunTime:0.001000s ]
INFO: [ app_begin ] --START--
INFO: Run Behavior\ReadHtmlCacheBehavior [ RunTime:0.001000s ]
INFO: [ app_begin ] --END-- [ RunTime:0.001000s ]
NOTIC: [8] Undefined index: user_id D:\wamp\www\lushantc\Application\User\Controller\IndexController.class.php 第 19 行.
SQL: SHOW COLUMNS FROM `order` [ RunTime:0.0050s ]
SQL: SELECT COUNT(*) AS tp_count FROM `order` WHERE `uid` = null AND `delete` = 0 LIMIT 1   [ RunTime:0.0000s ]
SQL: SELECT * FROM `order` WHERE `uid` = null AND `delete` = 0 ORDER BY create_time LIMIT 0,2   [ RunTime:0.0010s ]
NOTIC: [8] Undefined index: user_id D:\wamp\www\lushantc\Application\User\Controller\IndexController.class.php 第 32 行.
SQL: SELECT COUNT(*) AS tp_count FROM `order` WHERE `uid` = null AND `delete` = 0 LIMIT 1   [ RunTime:0.0010s ]
NOTIC: [8] Undefined index: user_id D:\wamp\www\lushantc\Application\User\Controller\IndexController.class.php 第 33 行.
SQL: SELECT COUNT(*) AS tp_count FROM `order` WHERE `uid` = null AND `delete` = 0 AND `status` = 1 LIMIT 1   [ RunTime:0.0000s ]
NOTIC: [8] Undefined index: user_id D:\wamp\www\lushantc\Application\User\Controller\IndexController.class.php 第 34 行.
SQL: SELECT COUNT(*) AS tp_count FROM `order` WHERE `uid` = null AND `delete` = 0 AND `status` = 3 LIMIT 1   [ RunTime:0.0000s ]
NOTIC: [8] Undefined index: user_id D:\wamp\www\lushantc\Application\User\Controller\IndexController.class.php 第 35 行.
SQL: SELECT COUNT(*) AS tp_count FROM `order` WHERE `uid` = null AND `delete` = 0 AND `status` = 4 LIMIT 1   [ RunTime:0.0010s ]
NOTIC: [8] Undefined variable: c D:\wamp\www\lushantc\Application\User\Controller\IndexController.class.php 第 41 行.
INFO: [ view_parse ] --START--
INFO: [ template_filter ] --START--
INFO: Run Behavior\ContentReplaceBehavior [ RunTime:0.000000s ]
INFO: [ template_filter ] --END-- [ RunTime:0.001000s ]
INFO: Run Behavior\ParseTemplateBehavior [ RunTime:0.026002s ]
INFO: [ view_parse ] --END-- [ RunTime:0.026002s ]
INFO: [ view_filter ] --START--
INFO: Run Behavior\WriteHtmlCacheBehavior [ RunTime:0.000000s ]
INFO: [ view_filter ] --END-- [ RunTime:0.000000s ]
INFO: [ app_end ] --START--
INFO: Run Behavior\ShowPageTraceBehavior [ RunTime:0.000000s ]
INFO: [ app_end ] --END-- [ RunTime:0.002000s ]

