[ 2017-04-22T08:52:49+08:00 ] 127.0.0.1 /Public/css/images/point1.png
INFO: [ app_init ] --START--
INFO: Run Behavior\BuildLiteBehavior [ RunTime:0.000000s ]
INFO: [ app_init ] --END-- [ RunTime:0.003000s ]
ERR: æ— æ³•åŠ è½½æ¨¡å—:Public

[ 2017-04-22T08:52:49+08:00 ] 127.0.0.1 /Public/images/Home/ews.png
INFO: [ app_init ] --START--
INFO: Run Behavior\BuildLiteBehavior [ RunTime:0.000000s ]
INFO: [ app_init ] --END-- [ RunTime:0.001000s ]
ERR: æ— æ³•åŠ è½½æ¨¡å—:Public

[ 2017-04-22T08:52:49+08:00 ] 127.0.0.1 /Public/images/Home/wx.png
INFO: [ app_init ] --START--
INFO: Run Behavior\BuildLiteBehavior [ RunTime:0.000000s ]
INFO: [ app_init ] --END-- [ RunTime:0.002000s ]
ERR: æ— æ³•åŠ è½½æ¨¡å—:Public

[ 2017-04-22T08:52:49+08:00 ] 127.0.0.1 /Public/images/Home/sina.png
INFO: [ app_init ] --START--
INFO: Run Behavior\BuildLiteBehavior [ RunTime:0.000000s ]
INFO: [ app_init ] --END-- [ RunTime:0.002000s ]
ERR: æ— æ³•åŠ è½½æ¨¡å—:Public

[ 2017-04-22T08:52:49+08:00 ] 127.0.0.1 /Public/css/images/icon.png
INFO: [ app_init ] --START--
INFO: Run Behavior\BuildLiteBehavior [ RunTime:0.000000s ]
INFO: [ app_init ] --END-- [ RunTime:0.001000s ]
ERR: æ— æ³•åŠ è½½æ¨¡å—:Public

[ 2017-04-22T08:52:49+08:00 ] 127.0.0.1 /Public/images/Home/tell1.png
INFO: [ app_init ] --START--
INFO: Run Behavior\BuildLiteBehavior [ RunTime:0.000000s ]
INFO: [ app_init ] --END-- [ RunTime:0.001000s ]
ERR: æ— æ³•åŠ è½½æ¨¡å—:Public

[ 2017-04-22T08:52:49+08:00 ] 127.0.0.1 /Public/css/Home/Public/images/Home/search.jpg
INFO: [ app_init ] --START--
INFO: Run Behavior\BuildLiteBehavior [ RunTime:0.000000s ]
INFO: [ app_init ] --END-- [ RunTime:0.003001s ]
ERR: æ— æ³•åŠ è½½æ¨¡å—:Public

[ 2017-04-22T08:52:49+08:00 ] 127.0.0.1 /Public/css/images/bg.png
INFO: [ app_init ] --START--
INFO: Run Behavior\BuildLiteBehavior [ RunTime:0.000000s ]
INFO: [ app_init ] --END-- [ RunTime:0.001000s ]
ERR: æ— æ³•åŠ è½½æ¨¡å—:Public

[ 2017-04-22T08:52:49+08:00 ] 127.0.0.1 /Tools/submit_ajax.ashx?action=get_cart_count
INFO: [ app_init ] --START--
INFO: Run Behavior\BuildLiteBehavior [ RunTime:0.000000s ]
INFO: [ app_init ] --END-- [ RunTime:0.001000s ]
ERR: æ— æ³•åŠ è½½æ¨¡å—:Tools

[ 2017-04-22T08:52:49+08:00 ] 127.0.0.1 /Tools/submit_ajax.ashx?action=get_login_str
INFO: [ app_init ] --START--
INFO: Run Behavior\BuildLiteBehavior [ RunTime:0.000000s ]
INFO: [ app_init ] --END-- [ RunTime:0.001000s ]
ERR: æ— æ³•åŠ è½½æ¨¡å—:Tools

[ 2017-04-22T08:52:50+08:00 ] 127.0.0.1 /favicon.ico
INFO: [ app_init ] --START--
INFO: Run Behavior\BuildLiteBehavior [ RunTime:0.000000s ]
INFO: [ app_init ] --END-- [ RunTime:0.001000s ]
ERR: æ— æ³•åŠ è½½æ¨¡å—:Favicon

[ 2017-04-22T08:53:27+08:00 ] 127.0.0.1 /tongcheng.aspx
INFO: [ app_init ] --START--
INFO: Run Behavior\BuildLiteBehavior [ RunTime:0.000000s ]
INFO: [ app_init ] --END-- [ RunTime:0.000000s ]
ERR: æ— æ³•åŠ è½½æ¨¡å—:Tongcheng

[ 2017-04-22T08:54:11+08:00 ] 127.0.0.1 /Public/images/Home/pic3.jpg
INFO: [ app_init ] --START--
INFO: Run Behavior\BuildLiteBehavior [ RunTime:0.000000s ]
INFO: [ app_init ] --END-- [ RunTime:0.001000s ]
ERR: æ— æ³•åŠ è½½æ¨¡å—:Public

[ 2017-04-22T08:54:35+08:00 ] 127.0.0.1 /Public/images/Home/line.gif
INFO: [ app_init ] --START--
INFO: Run Behavior\BuildLiteBehavior [ RunTime:0.000000s ]
INFO: [ app_init ] --END-- [ RunTime:0.001000s ]
ERR: æ— æ³•åŠ è½½æ¨¡å—:Public

[ 2017-04-22T08:54:37+08:00 ] 127.0.0.1 /Public/images/Home/cenbg.jpg
INFO: [ app_init ] --START--
INFO: Run Behavior\BuildLiteBehavior [ RunTime:0.000000s ]
INFO: [ app_init ] --END-- [ RunTime:0.001000s ]
ERR: æ— æ³•åŠ è½½æ¨¡å—:Public

[ 2017-04-22T08:54:37+08:00 ] 127.0.0.1 /Public/images/Home/pagenav.png
INFO: [ app_init ] --START--
INFO: Run Behavior\BuildLiteBehavior [ RunTime:0.001000s ]
INFO: [ app_init ] --END-- [ RunTime:0.003000s ]
ERR: æ— æ³•åŠ è½½æ¨¡å—:Public

[ 2017-04-22T08:54:37+08:00 ] 127.0.0.1 /Public/images/Home/point1.png
INFO: [ app_init ] --START--
INFO: Run Behavior\BuildLiteBehavior [ RunTime:0.001000s ]
INFO: [ app_init ] --END-- [ RunTime:0.003000s ]
ERR: æ— æ³•åŠ è½½æ¨¡å—:Public

[ 2017-04-22T08:54:37+08:00 ] 127.0.0.1 /Public/images/Home/public_footer_title.png
INFO: [ app_init ] --START--
INFO: Run Behavior\BuildLiteBehavior [ RunTime:0.000000s ]
INFO: [ app_init ] --END-- [ RunTime:0.001000s ]
ERR: æ— æ³•åŠ è½½æ¨¡å—:Public

[ 2017-04-22T08:54:37+08:00 ] 127.0.0.1 /Public/images/Home/libg.jpg
INFO: [ app_init ] --START--
INFO: Run Behavior\BuildLiteBehavior [ RunTime:0.000000s ]
INFO: [ app_init ] --END-- [ RunTime:0.001000s ]
ERR: æ— æ³•åŠ è½½æ¨¡å—:Public

[ 2017-04-22T08:54:37+08:00 ] 127.0.0.1 /Public/images/Home/top_point.gif
INFO: [ app_init ] --START--
INFO: Run Behavior\BuildLiteBehavior [ RunTime:0.000000s ]
INFO: [ app_init ] --END-- [ RunTime:0.004001s ]
ERR: æ— æ³•åŠ è½½æ¨¡å—:Public

[ 2017-04-22T08:54:37+08:00 ] 127.0.0.1 /Tools/submit_ajax.ashx?action=get_cart_count
INFO: [ app_init ] --START--
INFO: Run Behavior\BuildLiteBehavior [ RunTime:0.000000s ]
INFO: [ app_init ] --END-- [ RunTime:0.001000s ]
ERR: æ— æ³•åŠ è½½æ¨¡å—:Tools

[ 2017-04-22T08:54:37+08:00 ] 127.0.0.1 /Tools/submit_ajax.ashx?action=get_login_str
INFO: [ app_init ] --START--
INFO: Run Behavior\BuildLiteBehavior [ RunTime:0.000000s ]
INFO: [ app_init ] --END-- [ RunTime:0.001000s ]
ERR: æ— æ³•åŠ è½½æ¨¡å—:Tools

[ 2017-04-22T08:54:37+08:00 ] 127.0.0.1 /handler/common_ajax.aspx?action=get_user_cart_count
INFO: [ app_init ] --START--
INFO: Run Behavior\BuildLiteBehavior [ RunTime:0.000000s ]
INFO: [ app_init ] --END-- [ RunTime:0.001000s ]
ERR: æ— æ³•åŠ è½½æ¨¡å—:Handler

[ 2017-04-22T08:54:37+08:00 ] 127.0.0.1 /handler/common_ajax.aspx?action=get_lgoin_str
INFO: [ app_init ] --START--
INFO: Run Behavior\BuildLiteBehavior [ RunTime:0.000000s ]
INFO: [ app_init ] --END-- [ RunTime:0.001000s ]
ERR: æ— æ³•åŠ è½½æ¨¡å—:Handler

[ 2017-04-22T08:54:37+08:00 ] 127.0.0.1 /Public/js/Home/lhgdialog/skins/icons/loading.gif
INFO: [ app_init ] --START--
INFO: Run Behavior\BuildLiteBehavior [ RunTime:0.000000s ]
INFO: [ app_init ] --END-- [ RunTime:0.001000s ]
ERR: æ— æ³•åŠ è½½æ¨¡å—:Public

[ 2017-04-22T09:10:59+08:00 ] 127.0.0.1 /Public/images/Home/wx.png
INFO: [ app_init ] --START--
INFO: Run Behavior\BuildLiteBehavior [ RunTime:0.000000s ]
INFO: [ app_init ] --END-- [ RunTime:0.001000s ]
ERR: æ— æ³•åŠ è½½æ¨¡å—:Public

[ 2017-04-22T09:10:59+08:00 ] 127.0.0.1 /Public/images/Home/ews.png
INFO: [ app_init ] --START--
INFO: Run Behavior\BuildLiteBehavior [ RunTime:0.000000s ]
INFO: [ app_init ] --END-- [ RunTime:0.002000s ]
ERR: æ— æ³•åŠ è½½æ¨¡å—:Public

[ 2017-04-22T09:10:59+08:00 ] 127.0.0.1 /Public/css/Home/Public/images/Home/search.jpg
INFO: [ app_init ] --START--
INFO: Run Behavior\BuildLiteBehavior [ RunTime:0.000000s ]
INFO: [ app_init ] --END-- [ RunTime:0.002000s ]
ERR: æ— æ³•åŠ è½½æ¨¡å—:Public

[ 2017-04-22T09:10:59+08:00 ] 127.0.0.1 /Public/images/Home/sina.png
INFO: [ app_init ] --START--
INFO: Run Behavior\BuildLiteBehavior [ RunTime:0.000000s ]
INFO: [ app_init ] --END-- [ RunTime:0.001000s ]
ERR: æ— æ³•åŠ è½½æ¨¡å—:Public

[ 2017-04-22T09:10:59+08:00 ] 127.0.0.1 /Public/css/images/icon.png
INFO: [ app_init ] --START--
INFO: Run Behavior\BuildLiteBehavior [ RunTime:0.000000s ]
INFO: [ app_init ] --END-- [ RunTime:0.002000s ]
ERR: æ— æ³•åŠ è½½æ¨¡å—:Public

[ 2017-04-22T09:10:59+08:00 ] 127.0.0.1 /Public/css/images/bg.png
INFO: [ app_init ] --START--
INFO: Run Behavior\BuildLiteBehavior [ RunTime:0.000000s ]
INFO: [ app_init ] --END-- [ RunTime:0.002000s ]
ERR: æ— æ³•åŠ è½½æ¨¡å—:Public

[ 2017-04-22T09:10:59+08:00 ] 127.0.0.1 /Public/images/Home/tell1.png
INFO: [ app_init ] --START--
INFO: Run Behavior\BuildLiteBehavior [ RunTime:0.000000s ]
INFO: [ app_init ] --END-- [ RunTime:0.002000s ]
ERR: æ— æ³•åŠ è½½æ¨¡å—:Public

[ 2017-04-22T09:10:59+08:00 ] 127.0.0.1 /Tools/submit_ajax.ashx?action=get_login_str
INFO: [ app_init ] --START--
INFO: Run Behavior\BuildLiteBehavior [ RunTime:0.000000s ]
INFO: [ app_init ] --END-- [ RunTime:0.002000s ]
ERR: æ— æ³•åŠ è½½æ¨¡å—:Tools

[ 2017-04-22T09:10:59+08:00 ] 127.0.0.1 /Tools/submit_ajax.ashx?action=get_cart_count
INFO: [ app_init ] --START--
INFO: Run Behavior\BuildLiteBehavior [ RunTime:0.000000s ]
INFO: [ app_init ] --END-- [ RunTime:0.010001s ]
ERR: æ— æ³•åŠ è½½æ¨¡å—:Tools

[ 2017-04-22T09:13:39+08:00 ] 127.0.0.1 /Public/css/images/icon2.png
INFO: [ app_init ] --START--
INFO: Run Behavior\BuildLiteBehavior [ RunTime:0.000000s ]
INFO: [ app_init ] --END-- [ RunTime:0.001000s ]
ERR: æ— æ³•åŠ è½½æ¨¡å—:Public

[ 2017-04-22T09:13:39+08:00 ] 127.0.0.1 /Public/js/Home/lhgdialog/skins/icons/loading.gif
INFO: [ app_init ] --START--
INFO: Run Behavior\BuildLiteBehavior [ RunTime:0.000000s ]
INFO: [ app_init ] --END-- [ RunTime:0.001000s ]
ERR: æ— æ³•åŠ è½½æ¨¡å—:Public

[ 2017-04-22T09:18:56+08:00 ] 127.0.0.1 /Public/js/jquery-1.7.2.min.js
INFO: [ app_init ] --START--
INFO: Run Behavior\BuildLiteBehavior [ RunTime:0.000000s ]
INFO: [ app_init ] --END-- [ RunTime:0.001000s ]
ERR: æ— æ³•åŠ è½½æ¨¡å—:Public

[ 2017-04-22T09:18:58+08:00 ] 127.0.0.1 /Public/js/jquery-1.7.2.min.js
INFO: [ app_init ] --START--
INFO: Run Behavior\BuildLiteBehavior [ RunTime:0.000000s ]
INFO: [ app_init ] --END-- [ RunTime:0.001000s ]
ERR: æ— æ³•åŠ è½½æ¨¡å—:Public

[ 2017-04-22T09:19:01+08:00 ] 127.0.0.1 /Public/js/jquery-1.7.2.min.js
INFO: [ app_init ] --START--
INFO: Run Behavior\BuildLiteBehavior [ RunTime:0.000000s ]
INFO: [ app_init ] --END-- [ RunTime:0.001000s ]
ERR: æ— æ³•åŠ è½½æ¨¡å—:Public

[ 2017-04-22T09:19:02+08:00 ] 127.0.0.1 /Public/js/jquery-1.7.2.min.js
INFO: [ app_init ] --START--
INFO: Run Behavior\BuildLiteBehavior [ RunTime:0.000000s ]
INFO: [ app_init ] --END-- [ RunTime:0.001000s ]
ERR: æ— æ³•åŠ è½½æ¨¡å—:Public

[ 2017-04-22T09:34:14+08:00 ] 127.0.0.1 /Public/images/Home/ews.png
INFO: [ app_init ] --START--
INFO: Run Behavior\BuildLiteBehavior [ RunTime:0.000000s ]
INFO: [ app_init ] --END-- [ RunTime:0.002000s ]
ERR: æ— æ³•åŠ è½½æ¨¡å—:Public

[ 2017-04-22T09:34:14+08:00 ] 127.0.0.1 /Public/css/Home/Public/images/Home/search.jpg
INFO: [ app_init ] --START--
INFO: Run Behavior\BuildLiteBehavior [ RunTime:0.000000s ]
INFO: [ app_init ] --END-- [ RunTime:0.007001s ]
ERR: æ— æ³•åŠ è½½æ¨¡å—:Public

[ 2017-04-22T09:34:14+08:00 ] 127.0.0.1 /Public/css/images/point1.png
INFO: [ app_init ] --START--
INFO: Run Behavior\BuildLiteBehavior [ RunTime:0.001000s ]
INFO: [ app_init ] --END-- [ RunTime:0.002001s ]
ERR: æ— æ³•åŠ è½½æ¨¡å—:Public

[ 2017-04-22T09:34:14+08:00 ] 127.0.0.1 /Public/images/Home/wx.png
INFO: [ app_init ] --START--
INFO: Run Behavior\BuildLiteBehavior [ RunTime:0.000000s ]
INFO: [ app_init ] --END-- [ RunTime:0.001000s ]
ERR: æ— æ³•åŠ è½½æ¨¡å—:Public

[ 2017-04-22T09:34:14+08:00 ] 127.0.0.1 /Public/images/Home/sina.png
INFO: [ app_init ] --START--
INFO: Run Behavior\BuildLiteBehavior [ RunTime:0.000000s ]
INFO: [ app_init ] --END-- [ RunTime:0.001000s ]
ERR: æ— æ³•åŠ è½½æ¨¡å—:Public

[ 2017-04-22T09:34:14+08:00 ] 127.0.0.1 /Public/css/images/icon.png
INFO: [ app_init ] --START--
INFO: Run Behavior\BuildLiteBehavior [ RunTime:0.000000s ]
INFO: [ app_init ] --END-- [ RunTime:0.002000s ]
ERR: æ— æ³•åŠ è½½æ¨¡å—:Public

[ 2017-04-22T09:34:14+08:00 ] 127.0.0.1 /Public/css/images/bg.png
INFO: [ app_init ] --START--
INFO: Run Behavior\BuildLiteBehavior [ RunTime:0.000000s ]
INFO: [ app_init ] --END-- [ RunTime:0.001000s ]
ERR: æ— æ³•åŠ è½½æ¨¡å—:Public

[ 2017-04-22T09:34:14+08:00 ] 127.0.0.1 /Public/images/Home/tell1.png
INFO: [ app_init ] --START--
INFO: Run Behavior\BuildLiteBehavior [ RunTime:0.000000s ]
INFO: [ app_init ] --END-- [ RunTime:0.001000s ]
ERR: æ— æ³•åŠ è½½æ¨¡å—:Public

[ 2017-04-22T09:34:14+08:00 ] 127.0.0.1 /Tools/submit_ajax.ashx?action=get_cart_count
INFO: [ app_init ] --START--
INFO: Run Behavior\BuildLiteBehavior [ RunTime:0.000000s ]
INFO: [ app_init ] --END-- [ RunTime:0.001000s ]
ERR: æ— æ³•åŠ è½½æ¨¡å—:Tools

[ 2017-04-22T09:34:14+08:00 ] 127.0.0.1 /Tools/submit_ajax.ashx?action=get_login_str
INFO: [ app_init ] --START--
INFO: Run Behavior\BuildLiteBehavior [ RunTime:0.000000s ]
INFO: [ app_init ] --END-- [ RunTime:0.002000s ]
ERR: æ— æ³•åŠ è½½æ¨¡å—:Tools

[ 2017-04-22T09:34:21+08:00 ] 127.0.0.1 /Public/images/Home/line.gif
INFO: [ app_init ] --START--
INFO: Run Behavior\BuildLiteBehavior [ RunTime:0.000000s ]
INFO: [ app_init ] --END-- [ RunTime:0.001000s ]
ERR: æ— æ³•åŠ è½½æ¨¡å—:Public

[ 2017-04-22T09:36:37+08:00 ] 127.0.0.1 /Public/images/Home/sina.png
INFO: [ app_init ] --START--
INFO: Run Behavior\BuildLiteBehavior [ RunTime:0.000000s ]
INFO: [ app_init ] --END-- [ RunTime:0.002000s ]
ERR: æ— æ³•åŠ è½½æ¨¡å—:Public

[ 2017-04-22T09:36:37+08:00 ] 127.0.0.1 /Public/css/images/point1.png
INFO: [ app_init ] --START--
INFO: Run Behavior\BuildLiteBehavior [ RunTime:0.000000s ]
INFO: [ app_init ] --END-- [ RunTime:0.002000s ]
ERR: æ— æ³•åŠ è½½æ¨¡å—:Public

[ 2017-04-22T09:36:37+08:00 ] 127.0.0.1 /Public/images/Home/wx.png
INFO: [ app_init ] --START--
INFO: Run Behavior\BuildLiteBehavior [ RunTime:0.001000s ]
INFO: [ app_init ] --END-- [ RunTime:0.002000s ]
ERR: æ— æ³•åŠ è½½æ¨¡å—:Public

[ 2017-04-22T09:36:37+08:00 ] 127.0.0.1 /Public/css/Home/Public/images/Home/search.jpg
INFO: [ app_init ] --START--
INFO: Run Behavior\BuildLiteBehavior [ RunTime:0.000000s ]
INFO: [ app_init ] --END-- [ RunTime:0.001000s ]
ERR: æ— æ³•åŠ è½½æ¨¡å—:Public

[ 2017-04-22T09:36:37+08:00 ] 127.0.0.1 /Public/images/Home/ews.png
INFO: [ app_init ] --START--
INFO: Run Behavior\BuildLiteBehavior [ RunTime:0.000000s ]
INFO: [ app_init ] --END-- [ RunTime:0.028001s ]
ERR: æ— æ³•åŠ è½½æ¨¡å—:Public

[ 2017-04-22T09:36:37+08:00 ] 127.0.0.1 /Public/css/images/icon.png
INFO: [ app_init ] --START--
INFO: Run Behavior\BuildLiteBehavior [ RunTime:0.000000s ]
INFO: [ app_init ] --END-- [ RunTime:0.002001s ]
ERR: æ— æ³•åŠ è½½æ¨¡å—:Public

[ 2017-04-22T09:36:37+08:00 ] 127.0.0.1 /Public/images/Home/tell1.png
INFO: [ app_init ] --START--
INFO: Run Behavior\BuildLiteBehavior [ RunTime:0.000000s ]
INFO: [ app_init ] --END-- [ RunTime:0.001000s ]
ERR: æ— æ³•åŠ è½½æ¨¡å—:Public

[ 2017-04-22T09:36:37+08:00 ] 127.0.0.1 /Public/css/images/bg.png
INFO: [ app_init ] --START--
INFO: Run Behavior\BuildLiteBehavior [ RunTime:0.000000s ]
INFO: [ app_init ] --END-- [ RunTime:0.007000s ]
ERR: æ— æ³•åŠ è½½æ¨¡å—:Public

[ 2017-04-22T09:36:37+08:00 ] 127.0.0.1 /Tools/submit_ajax.ashx?action=get_cart_count
INFO: [ app_init ] --START--
INFO: Run Behavior\BuildLiteBehavior [ RunTime:0.000000s ]
INFO: [ app_init ] --END-- [ RunTime:0.002000s ]
ERR: æ— æ³•åŠ è½½æ¨¡å—:Tools

[ 2017-04-22T09:36:37+08:00 ] 127.0.0.1 /Tools/submit_ajax.ashx?action=get_login_str
INFO: [ app_init ] --START--
INFO: Run Behavior\BuildLiteBehavior [ RunTime:0.000000s ]
INFO: [ app_init ] --END-- [ RunTime:0.001000s ]
ERR: æ— æ³•åŠ è½½æ¨¡å—:Tools

[ 2017-04-22T09:47:29+08:00 ] 127.0.0.1 /Public/images/Home/ews.png
INFO: [ app_init ] --START--
INFO: Run Behavior\BuildLiteBehavior [ RunTime:0.000000s ]
INFO: [ app_init ] --END-- [ RunTime:0.001000s ]
ERR: æ— æ³•åŠ è½½æ¨¡å—:Public

[ 2017-04-22T09:47:29+08:00 ] 127.0.0.1 /Public/images/Home/wx.png
INFO: [ app_init ] --START--
INFO: Run Behavior\BuildLiteBehavior [ RunTime:0.000000s ]
INFO: [ app_init ] --END-- [ RunTime:0.001000s ]
ERR: æ— æ³•åŠ è½½æ¨¡å—:Public

[ 2017-04-22T09:47:29+08:00 ] 127.0.0.1 /Public/images/Home/sina.png
INFO: [ app_init ] --START--
INFO: Run Behavior\BuildLiteBehavior [ RunTime:0.000000s ]
INFO: [ app_init ] --END-- [ RunTime:0.002000s ]
ERR: æ— æ³•åŠ è½½æ¨¡å—:Public

[ 2017-04-22T09:47:29+08:00 ] 127.0.0.1 /Public/css/Home/Public/images/Home/search.jpg
INFO: [ app_init ] --START--
INFO: Run Behavior\BuildLiteBehavior [ RunTime:0.000000s ]
INFO: [ app_init ] --END-- [ RunTime:0.001000s ]
ERR: æ— æ³•åŠ è½½æ¨¡å—:Public

[ 2017-04-22T09:47:29+08:00 ] 127.0.0.1 /Public/images/Home/tell1.png
INFO: [ app_init ] --START--
INFO: Run Behavior\BuildLiteBehavior [ RunTime:0.000000s ]
INFO: [ app_init ] --END-- [ RunTime:0.002000s ]
ERR: æ— æ³•åŠ è½½æ¨¡å—:Public

[ 2017-04-22T09:47:29+08:00 ] 127.0.0.1 /Public/css/images/icon.png
INFO: [ app_init ] --START--
INFO: Run Behavior\BuildLiteBehavior [ RunTime:0.000000s ]
INFO: [ app_init ] --END-- [ RunTime:0.002000s ]
ERR: æ— æ³•åŠ è½½æ¨¡å—:Public

[ 2017-04-22T09:47:30+08:00 ] 127.0.0.1 /Public/css/images/bg.png
INFO: [ app_init ] --START--
INFO: Run Behavior\BuildLiteBehavior [ RunTime:0.000000s ]
INFO: [ app_init ] --END-- [ RunTime:0.001000s ]
ERR: æ— æ³•åŠ è½½æ¨¡å—:Public

[ 2017-04-22T09:47:30+08:00 ] 127.0.0.1 /Tools/submit_ajax.ashx?action=get_login_str
INFO: [ app_init ] --START--
INFO: Run Behavior\BuildLiteBehavior [ RunTime:0.000000s ]
INFO: [ app_init ] --END-- [ RunTime:0.002000s ]
ERR: æ— æ³•åŠ è½½æ¨¡å—:Tools

[ 2017-04-22T09:47:30+08:00 ] 127.0.0.1 /Tools/submit_ajax.ashx?action=get_cart_count
INFO: [ app_init ] --START--
INFO: Run Behavior\BuildLiteBehavior [ RunTime:0.001000s ]
INFO: [ app_init ] --END-- [ RunTime:0.001000s ]
ERR: æ— æ³•åŠ è½½æ¨¡å—:Tools

[ 2017-04-22T09:48:44+08:00 ] 127.0.0.1 /Public/css/Home/Public/images/Home/search.jpg
INFO: [ app_init ] --START--
INFO: Run Behavior\BuildLiteBehavior [ RunTime:0.000000s ]
INFO: [ app_init ] --END-- [ RunTime:0.002000s ]
ERR: æ— æ³•åŠ è½½æ¨¡å—:Public

[ 2017-04-22T09:48:44+08:00 ] 127.0.0.1 /Public/css/images/icon.png
INFO: [ app_init ] --START--
INFO: Run Behavior\BuildLiteBehavior [ RunTime:0.001000s ]
INFO: [ app_init ] --END-- [ RunTime:0.002000s ]
ERR: æ— æ³•åŠ è½½æ¨¡å—:Public

[ 2017-04-22T09:48:44+08:00 ] 127.0.0.1 /Public/css/images/bg.png
INFO: [ app_init ] --START--
INFO: Run Behavior\BuildLiteBehavior [ RunTime:0.001000s ]
INFO: [ app_init ] --END-- [ RunTime:0.003000s ]
ERR: æ— æ³•åŠ è½½æ¨¡å—:Public

[ 2017-04-22T09:48:44+08:00 ] 127.0.0.1 /Public/images/Home/sina.png
INFO: [ app_init ] --START--
INFO: Run Behavior\BuildLiteBehavior [ RunTime:0.000000s ]
INFO: [ app_init ] --END-- [ RunTime:0.005000s ]
ERR: æ— æ³•åŠ è½½æ¨¡å—:Public

[ 2017-04-22T09:48:44+08:00 ] 127.0.0.1 /Public/images/Home/ews.png
INFO: [ app_init ] --START--
INFO: Run Behavior\BuildLiteBehavior [ RunTime:0.000000s ]
INFO: [ app_init ] --END-- [ RunTime:0.002000s ]
ERR: æ— æ³•åŠ è½½æ¨¡å—:Public

[ 2017-04-22T09:48:44+08:00 ] 127.0.0.1 /Public/images/Home/tell1.png
INFO: [ app_init ] --START--
INFO: Run Behavior\BuildLiteBehavior [ RunTime:0.000000s ]
INFO: [ app_init ] --END-- [ RunTime:0.001000s ]
ERR: æ— æ³•åŠ è½½æ¨¡å—:Public

[ 2017-04-22T09:48:44+08:00 ] 127.0.0.1 /Public/images/Home/wx.png
INFO: [ app_init ] --START--
INFO: Run Behavior\BuildLiteBehavior [ RunTime:0.001001s ]
INFO: [ app_init ] --END-- [ RunTime:0.002001s ]
ERR: æ— æ³•åŠ è½½æ¨¡å—:Public

[ 2017-04-22T09:48:44+08:00 ] 127.0.0.1 /Tools/submit_ajax.ashx?action=get_login_str
INFO: [ app_init ] --START--
INFO: Run Behavior\BuildLiteBehavior [ RunTime:0.000000s ]
INFO: [ app_init ] --END-- [ RunTime:0.001000s ]
ERR: æ— æ³•åŠ è½½æ¨¡å—:Tools

[ 2017-04-22T09:48:44+08:00 ] 127.0.0.1 /Tools/submit_ajax.ashx?action=get_cart_count
INFO: [ app_init ] --START--
INFO: Run Behavior\BuildLiteBehavior [ RunTime:0.000000s ]
INFO: [ app_init ] --END-- [ RunTime:0.001000s ]
ERR: æ— æ³•åŠ è½½æ¨¡å—:Tools

[ 2017-04-22T09:51:55+08:00 ] 127.0.0.1 /Tools/submit_ajax.ashx?action=get_cart_count
INFO: [ app_init ] --START--
INFO: Run Behavior\BuildLiteBehavior [ RunTime:0.000000s ]
INFO: [ app_init ] --END-- [ RunTime:0.002000s ]
ERR: æ— æ³•åŠ è½½æ¨¡å—:Tools

[ 2017-04-22T09:51:55+08:00 ] 127.0.0.1 /Tools/submit_ajax.ashx?action=get_login_str
INFO: [ app_init ] --START--
INFO: Run Behavior\BuildLiteBehavior [ RunTime:0.000000s ]
INFO: [ app_init ] --END-- [ RunTime:0.002000s ]
ERR: æ— æ³•åŠ è½½æ¨¡å—:Tools

[ 2017-04-22T09:51:56+08:00 ] 127.0.0.1 /Tools/submit_ajax.ashx?action=get_cart_count
INFO: [ app_init ] --START--
INFO: Run Behavior\BuildLiteBehavior [ RunTime:0.000000s ]
INFO: [ app_init ] --END-- [ RunTime:0.001000s ]
ERR: æ— æ³•åŠ è½½æ¨¡å—:Tools

[ 2017-04-22T09:51:56+08:00 ] 127.0.0.1 /Tools/submit_ajax.ashx?action=get_login_str
INFO: [ app_init ] --START--
INFO: Run Behavior\BuildLiteBehavior [ RunTime:0.000000s ]
INFO: [ app_init ] --END-- [ RunTime:0.002000s ]
ERR: æ— æ³•åŠ è½½æ¨¡å—:Tools

[ 2017-04-22T09:52:00+08:00 ] 127.0.0.1 /Tools/submit_ajax.ashx?action=get_login_str
INFO: [ app_init ] --START--
INFO: Run Behavior\BuildLiteBehavior [ RunTime:0.000000s ]
INFO: [ app_init ] --END-- [ RunTime:0.001000s ]
ERR: æ— æ³•åŠ è½½æ¨¡å—:Tools

[ 2017-04-22T09:52:00+08:00 ] 127.0.0.1 /Tools/submit_ajax.ashx?action=get_cart_count
INFO: [ app_init ] --START--
INFO: Run Behavior\BuildLiteBehavior [ RunTime:0.000000s ]
INFO: [ app_init ] --END-- [ RunTime:0.008000s ]
ERR: æ— æ³•åŠ è½½æ¨¡å—:Tools

[ 2017-04-22T10:17:43+08:00 ] 127.0.0.1 /logout
INFO: [ app_init ] --START--
INFO: Run Behavior\BuildLiteBehavior [ RunTime:0.000000s ]
INFO: [ app_init ] --END-- [ RunTime:0.001000s ]
ERR: æ— æ³•åŠ è½½æ¨¡å—:Logout

[ 2017-04-22T10:44:39+08:00 ] 127.0.0.1 /Public/js/jquery/jquery.tipsy.js
INFO: [ app_init ] --START--
INFO: Run Behavior\BuildLiteBehavior [ RunTime:0.000000s ]
INFO: [ app_init ] --END-- [ RunTime:0.014001s ]
ERR: æ— æ³•åŠ è½½æ¨¡å—:Public

[ 2017-04-22T10:44:39+08:00 ] 127.0.0.1 /Public/css/Home/public.css
INFO: [ app_init ] --START--
INFO: Run Behavior\BuildLiteBehavior [ RunTime:0.000000s ]
INFO: [ app_init ] --END-- [ RunTime:0.001000s ]
ERR: æ— æ³•åŠ è½½æ¨¡å—:Public

[ 2017-04-22T10:44:39+08:00 ] 127.0.0.1 /Public/css/Home/Public/images/Home/search.jpg
INFO: [ app_init ] --START--
INFO: Run Behavior\BuildLiteBehavior [ RunTime:0.000000s ]
INFO: [ app_init ] --END-- [ RunTime:0.001000s ]
ERR: æ— æ³•åŠ è½½æ¨¡å—:Public

[ 2017-04-22T10:44:39+08:00 ] 127.0.0.1 /Public/images/Home/sina.png
INFO: [ app_init ] --START--
INFO: Run Behavior\BuildLiteBehavior [ RunTime:0.000000s ]
INFO: [ app_init ] --END-- [ RunTime:0.001000s ]
ERR: æ— æ³•åŠ è½½æ¨¡å—:Public

[ 2017-04-22T10:44:39+08:00 ] 127.0.0.1 /Public/images/Home/ews.png
INFO: [ app_init ] --START--
INFO: Run Behavior\BuildLiteBehavior [ RunTime:0.000000s ]
INFO: [ app_init ] --END-- [ RunTime:0.001000s ]
ERR: æ— æ³•åŠ è½½æ¨¡å—:Public

[ 2017-04-22T10:44:39+08:00 ] 127.0.0.1 /Public/images/Home/wx.png
INFO: [ app_init ] --START--
INFO: Run Behavior\BuildLiteBehavior [ RunTime:0.001000s ]
INFO: [ app_init ] --END-- [ RunTime:0.002000s ]
ERR: æ— æ³•åŠ è½½æ¨¡å—:Public

[ 2017-04-22T10:44:39+08:00 ] 127.0.0.1 /Public/js/jquery/jquery.tipsy.js
INFO: [ app_init ] --START--
INFO: Run Behavior\BuildLiteBehavior [ RunTime:0.000000s ]
INFO: [ app_init ] --END-- [ RunTime:0.001000s ]
ERR: æ— æ³•åŠ è½½æ¨¡å—:Public

[ 2017-04-22T10:44:40+08:00 ] 127.0.0.1 /Public/images/Home/tcl.png
INFO: [ app_init ] --START--
INFO: Run Behavior\BuildLiteBehavior [ RunTime:0.000000s ]
INFO: [ app_init ] --END-- [ RunTime:0.002000s ]
ERR: æ— æ³•åŠ è½½æ¨¡å—:Public

[ 2017-04-22T10:44:40+08:00 ] 127.0.0.1 /Public/images/Home/bg3.jpg
INFO: [ app_init ] --START--
INFO: Run Behavior\BuildLiteBehavior [ RunTime:0.001000s ]
INFO: [ app_init ] --END-- [ RunTime:0.002000s ]
ERR: æ— æ³•åŠ è½½æ¨¡å—:Public

[ 2017-04-22T10:44:40+08:00 ] 127.0.0.1 /Public/images/Home/msg_bg.png
INFO: [ app_init ] --START--
INFO: Run Behavior\BuildLiteBehavior [ RunTime:0.000000s ]
INFO: [ app_init ] --END-- [ RunTime:0.002000s ]
ERR: æ— æ³•åŠ è½½æ¨¡å—:Public

[ 2017-04-22T10:44:40+08:00 ] 127.0.0.1 /Public/images/Home/hotbg.jpg
INFO: [ app_init ] --START--
INFO: Run Behavior\BuildLiteBehavior [ RunTime:0.000000s ]
INFO: [ app_init ] --END-- [ RunTime:0.001000s ]
ERR: æ— æ³•åŠ è½½æ¨¡å—:Public

[ 2017-04-22T10:44:40+08:00 ] 127.0.0.1 /Public/images/Home/point1r.gif
INFO: [ app_init ] --START--
INFO: Run Behavior\BuildLiteBehavior [ RunTime:0.000000s ]
INFO: [ app_init ] --END-- [ RunTime:0.002000s ]
ERR: æ— æ³•åŠ è½½æ¨¡å—:Public

[ 2017-04-22T10:44:40+08:00 ] 127.0.0.1 /Public/images/Home/tell1.png
INFO: [ app_init ] --START--
INFO: Run Behavior\BuildLiteBehavior [ RunTime:0.001000s ]
INFO: [ app_init ] --END-- [ RunTime:0.002000s ]
ERR: æ— æ³•åŠ è½½æ¨¡å—:Public

[ 2017-04-22T10:44:40+08:00 ] 127.0.0.1 /Tools/submit_ajax.ashx?action=get_cart_count
INFO: [ app_init ] --START--
INFO: Run Behavior\BuildLiteBehavior [ RunTime:0.000000s ]
INFO: [ app_init ] --END-- [ RunTime:0.001000s ]
ERR: æ— æ³•åŠ è½½æ¨¡å—:Tools

[ 2017-04-22T10:44:40+08:00 ] 127.0.0.1 /Tools/submit_ajax.ashx?action=get_login_str
INFO: [ app_init ] --START--
INFO: Run Behavior\BuildLiteBehavior [ RunTime:0.000000s ]
INFO: [ app_init ] --END-- [ RunTime:0.001000s ]
ERR: æ— æ³•åŠ è½½æ¨¡å—:Tools

[ 2017-04-22T10:44:40+08:00 ] 127.0.0.1 /Public/js/Home/lhgdialog/skins/icons/loading.gif
INFO: [ app_init ] --START--
INFO: Run Behavior\BuildLiteBehavior [ RunTime:0.000000s ]
INFO: [ app_init ] --END-- [ RunTime:0.002000s ]
ERR: æ— æ³•åŠ è½½æ¨¡å—:Public

[ 2017-04-22T10:44:59+08:00 ] 127.0.0.1 /Public/js/jquery/jquery.tipsy.js
INFO: [ app_init ] --START--
INFO: Run Behavior\BuildLiteBehavior [ RunTime:0.000000s ]
INFO: [ app_init ] --END-- [ RunTime:0.002000s ]
ERR: æ— æ³•åŠ è½½æ¨¡å—:Public

[ 2017-04-22T10:44:59+08:00 ] 127.0.0.1 /Public/css/Home/public.css
INFO: [ app_init ] --START--
INFO: Run Behavior\BuildLiteBehavior [ RunTime:0.000000s ]
INFO: [ app_init ] --END-- [ RunTime:0.002000s ]
ERR: æ— æ³•åŠ è½½æ¨¡å—:Public

[ 2017-04-22T10:44:59+08:00 ] 127.0.0.1 /Public/images/Home/sina.png
INFO: [ app_init ] --START--
INFO: Run Behavior\BuildLiteBehavior [ RunTime:0.000000s ]
INFO: [ app_init ] --END-- [ RunTime:0.001000s ]
ERR: æ— æ³•åŠ è½½æ¨¡å—:Public

[ 2017-04-22T10:44:59+08:00 ] 127.0.0.1 /Public/images/Home/ews.png
INFO: [ app_init ] --START--
INFO: Run Behavior\BuildLiteBehavior [ RunTime:0.001000s ]
INFO: [ app_init ] --END-- [ RunTime:0.002000s ]
ERR: æ— æ³•åŠ è½½æ¨¡å—:Public

½½æ¨¡å—:Public

[ 2017-04-22T10:44:59+08:00 ] 127.0.0.1 /Public/images/Home/wx.png
INFO: [ app_init ] --START--
INFO: Run Behavior\BuildLiteBehavior [ RunTime:0.000000s ]
INFO: [ app_init ] --END-- [ RunTime:0.001000s ]
ERR: æ— æ³•åŠ è½½æ¨¡å—:Public

[ 2017-04-22T10:44:59+08:00 ] 127.0.0.1 /Public/js/jquery/jquery.tipsy.js
INFO: [ app_init ] --START--
INFO: Run Behavior\BuildLiteBehavior [ RunTime:0.001001s ]
INFO: [ app_init ] --END-- [ RunTime:0.001001s ]
ERR: æ— æ³•åŠ è½½æ¨¡å—:Public

[ 2017-04-22T10:44:59+08:00 ] 127.0.0.1 /Public/images/Home/bg3.jpg
INFO: [ app_init ] --START--
INFO: Run Behavior\BuildLiteBehavior [ RunTime:0.000000s ]
INFO: [ app_init ] --END-- [ RunTime:0.001000s ]
ERR: æ— æ³•åŠ è½½æ¨¡å—:Public

[ 2017-04-22T10:44:59+08:00 ] 127.0.0.1 /Public/images/Home/msg_bg.png
INFO: [ app_init ] --START--
INFO: Run Behavior\BuildLiteBehavior [ RunTime:0.005000s ]
INFO: [ app_init ] --END-- [ RunTime:0.008000s ]
ERR: æ— æ³•åŠ è½½æ¨¡å—:Public

[ 2017-04-22T10:44:59+08:00 ] 127.0.0.1 /Public/images/Home/tell1.png
INFO: [ app_init ] --START--
INFO: Run Behavior\BuildLiteBehavior [ RunTime:0.000000s ]
INFO: [ app_init ] --END-- [ RunTime:0.003000s ]
ERR: æ— æ³•åŠ è½½æ¨¡å—:Public

[ 2017-04-22T10:44:59+08:00 ] 127.0.0.1 /Public/images/Home/point1r.gif
INFO: [ app_init ] --START--
INFO: Run Behavior\BuildLiteBehavior [ RunTime:0.000000s ]
INFO: [ app_init ] --END-- [ RunTime:0.002000s ]
ERR: æ— æ³•åŠ è½½æ¨¡å—:Public

[ 2017-04-22T10:44:59+08:00 ] 127.0.0.1 /Public/images/Home/tcl.png
INFO: [ app_init ] --START--
INFO: Run Behavior\BuildLiteBehavior [ RunTime:0.000000s ]
INFO: [ app_init ] --END-- [ RunTime:0.001000s ]
ERR: æ— æ³•åŠ è½½æ¨¡å—:Public

[ 2017-04-22T10:44:59+08:00 ] 127.0.0.1 /Public/images/Home/hotbg.jpg
INFO: [ app_init ] --START--
INFO: Run Behavior\BuildLiteBehavior [ RunTime:0.000000s ]
INFO: [ app_init ] --END-- [ RunTime:0.002000s ]
ERR: æ— æ³•åŠ è½½æ¨¡å—:Public

[ 2017-04-22T10:44:59+08:00 ] 127.0.0.1 /Tools/submit_ajax.ashx?action=get_login_str
INFO: [ app_init ] --START--
INFO: Run Behavior\BuildLiteBehavior [ RunTime:0.000000s ]
INFO: [ app_init ] --END-- [ RunTime:0.001000s ]
ERR: æ— æ³•åŠ è½½æ¨¡å—:Tools

[ 2017-04-22T10:44:59+08:00 ] 127.0.0.1 /Tools/submit_ajax.ashx?action=get_cart_count
INFO: [ app_init ] --START--
INFO: Run Behavior\BuildLiteBehavior [ RunTime:0.000000s ]
INFO: [ app_init ] --END-- [ RunTime:0.001000s ]
ERR: æ— æ³•åŠ è½½æ¨¡å—:Tools

[ 2017-04-22T10:45:00+08:00 ] 127.0.0.1 /Public/js/Home/lhgdialog/skins/icons/loading.gif
INFO: [ app_init ] --START--
INFO: Run Behavior\BuildLiteBehavior [ RunTime:0.000000s ]
INFO: [ app_init ] --END-- [ RunTime:0.002000s ]
ERR: æ— æ³•åŠ è½½æ¨¡å—:Public

[ 2017-04-22T10:46:40+08:00 ] 127.0.0.1 /Public/js/jquery/jquery.tipsy.js
INFO: [ app_init ] --START--
INFO: Run Behavior\BuildLiteBehavior [ RunTime:0.000000s ]
INFO: [ app_init ] --END-- [ RunTime:0.001000s ]
ERR: æ— æ³•åŠ è½½æ¨¡å—:Public

[ 2017-04-22T10:46:40+08:00 ] 127.0.0.1 /Public/css/Home/public.css
INFO: [ app_init ] --START--
INFO: Run Behavior\BuildLiteBehavior [ RunTime:0.000000s ]
INFO: [ app_init ] --END-- [ RunTime:0.001000s ]
ERR: æ— æ³•åŠ è½½æ¨¡å—:Public

[ 2017-04-22T10:46:40+08:00 ] 127.0.0.1 /Public/images/Home/ews.png
INFO: [ app_init ] --START--
INFO: Run Behavior\BuildLiteBehavior [ RunTime:0.000000s ]
INFO: [ app_init ] --END-- [ RunTime:0.001000s ]
ERR: æ— æ³•åŠ è½½æ¨¡å—:Public

[ 2017-04-22T10:46:40+08:00 ] 127.0.0.1 /Public/images/Home/sina.png
INFO: [ app_init ] --START--
INFO: Run Behavior\BuildLiteBehavior [ RunTime:0.000000s ]
INFO: [ app_init ] --END-- [ RunTime:0.002000s ]
ERR: æ— æ³•åŠ è½½æ¨¡å—:Public

[ 2017-04-22T10:46:40+08:00 ] 127.0.0.1 /Public/css/Home/Public/images/Home/search.jpg
INFO: [ app_init ] --START--
INFO: Run Behavior\BuildLiteBehavior [ RunTime:0.000000s ]
INFO: [ app_init ] --END-- [ RunTime:0.003000s ]
ERR: æ— æ³•åŠ è½½æ¨¡å—:Public

[ 2017-04-22T10:46:40+08:00 ] 127.0.0.1 /Public/images/Home/wx.png
INFO: [ app_init ] --START--
INFO: Run Behavior\BuildLiteBehavior [ RunTime:0.000000s ]
INFO: [ app_init ] --END-- [ RunTime:0.002000s ]
ERR: æ— æ³•åŠ è½½æ¨¡å—:Public

[ 2017-04-22T10:46:40+08:00 ] 127.0.0.1 /Public/js/jquery/jquery.tipsy.js
INFO: [ app_init ] --START--
INFO: Run Behavior\BuildLiteBehavior [ RunTime:0.000000s ]
INFO: [ app_init ] --END-- [ RunTime:0.001000s ]
ERR: æ— æ³•åŠ è½½æ¨¡å—:Public

[ 2017-04-22T10:46:40+08:00 ] 127.0.0.1 /Public/images/Home/msg_bg.png
INFO: [ app_init ] --START--
INFO: Run Behavior\BuildLiteBehavior [ RunTime:0.000000s ]
INFO: [ app_init ] --END-- [ RunTime:0.001000s ]
ERR: æ— æ³•åŠ è½½æ¨¡å—:Public

[ 2017-04-22T10:46:40+08:00 ] 127.0.0.1 /Public/images/Home/tcl.png
INFO: [ app_init ] --START--
INFO: Run Behavior\BuildLiteBehavior [ RunTime:0.000000s ]
INFO: [ app_init ] --END-- [ RunTime:0.001000s ]
ERR: æ— æ³•åŠ è½½æ¨¡å—:Public

[ 2017-04-22T10:46:40+08:00 ] 127.0.0.1 /Public/images/Home/bg3.jpg
INFO: [ app_init ] --START--
INFO: Run Behavior\BuildLiteBehavior [ RunTime:0.000000s ]
INFO: [ app_init ] --END-- [ RunTime:0.001000s ]
ERR: æ— æ³•åŠ è½½æ¨¡å—:Public

[ 2017-04-22T10:46:40+08:00 ] 127.0.0.1 /Public/images/Home/tell1.png
INFO: [ app_init ] --START--
INFO: Run Behavior\BuildLiteBehavior [ RunTime:0.000000s ]
INFO: [ app_init ] --END-- [ RunTime:0.001000s ]
ERR: æ— æ³•åŠ è½½æ¨¡å—:Public

[ 2017-04-22T10:46:40+08:00 ] 127.0.0.1 /Tools/submit_ajax.ashx?action=get_cart_count
INFO: [ app_init ] --START--
INFO: Run Behavior\BuildLiteBehavior [ RunTime:0.000000s ]
INFO: [ app_init ] --END-- [ RunTime:0.001000s ]
ERR: æ— æ³•åŠ è½½æ¨¡å—:Tools

[ 2017-04-22T10:46:40+08:00 ] 127.0.0.1 /Tools/submit_ajax.ashx?action=get_login_str
INFO: [ app_init ] --START--
INFO: Run Behavior\BuildLiteBehavior [ RunTime:0.000000s ]
INFO: [ app_init ] --END-- [ RunTime:0.001000s ]
ERR: æ— æ³•åŠ è½½æ¨¡å—:Tools

[ 2017-04-22T10:46:40+08:00 ] 127.0.0.1 /Public/images/Home/hotbg.jpg
INFO: [ app_init ] --START--
INFO: Run Behavior\BuildLiteBehavior [ RunTime:0.000000s ]
INFO: [ app_init ] --END-- [ RunTime:0.001000s ]
ERR: æ— æ³•åŠ è½½æ¨¡å—:Public

[ 2017-04-22T10:46:40+08:00 ] 127.0.0.1 /Public/images/Home/point1r.gif
INFO: [ app_init ] --START--
INFO: Run Behavior\BuildLiteBehavior [ RunTime:0.000000s ]
INFO: [ app_init ] --END-- [ RunTime:0.001001s ]
ERR: æ— æ³•åŠ è½½æ¨¡å—:Public

[ 2017-04-22T10:46:40+08:00 ] 127.0.0.1 /Public/js/Home/lhgdialog/skins/icons/loading.gif
INFO: [ app_init ] --START--
INFO: Run Behavior\BuildLiteBehavior [ RunTime:0.001000s ]
INFO: [ app_init ] --END-- [ RunTime:0.001000s ]
ERR: æ— æ³•åŠ è½½æ¨¡å—:Public

[ 2017-04-22T10:46:43+08:00 ] 127.0.0.1 /Public/images/Home/ews.png
INFO: [ app_init ] --START--
INFO: Run Behavior\BuildLiteBehavior [ RunTime:0.001000s ]
INFO: [ app_init ] --END-- [ RunTime:0.001000s ]
ERR: æ— æ³•åŠ è½½æ¨¡å—:Public

[ 2017-04-22T10:46:43+08:00 ] 127.0.0.1 /Public/images/Home/sina.png
INFO: [ app_init ] --START--
INFO: Run Behavior\BuildLiteBehavior [ RunTime:0.000000s ]
INFO: [ app_init ] --END-- [ RunTime:0.002000s ]
ERR: æ— æ³•åŠ è½½æ¨¡å—:Public

[ 2017-04-22T10:46:43+08:00 ] 127.0.0.1 /Public/images/Home/wx.png
INFO: [ app_init ] --START--
INFO: Run Behavior\BuildLiteBehavior [ RunTime:0.000000s ]
INFO: [ app_init ] --END-- [ RunTime:0.001000s ]
ERR: æ— æ³•åŠ è½½æ¨¡å—:Public

[ 2017-04-22T10:46:43+08:00 ] 127.0.0.1 /Public/css/Home/Public/images/Home/search.jpg
INFO: [ app_init ] --START--
INFO: Run Behavior\BuildLiteBehavior [ RunTime:0.000000s ]
INFO: [ app_init ] --END-- [ RunTime:0.003000s ]
ERR: æ— æ³•åŠ è½½æ¨¡å—:Public

[ 2017-04-22T10:46:43+08:00 ] 127.0.0.1 /Public/css/images/bg.png
INFO: [ app_init ] --START--
INFO: Run Behavior\BuildLiteBehavior [ RunTime:0.000000s ]
INFO: [ app_init ] --END-- [ RunTime:0.001000s ]
ERR: æ— æ³•åŠ è½½æ¨¡å—:Public

[ 2017-04-22T10:46:43+08:00 ] 127.0.0.1 /Public/css/images/icon.png
INFO: [ app_init ] --START--
INFO: Run Behavior\BuildLiteBehavior [ RunTime:0.001000s ]
INFO: [ app_init ] --END-- [ RunTime:0.004000s ]
ERR: æ— æ³•åŠ è½½æ¨¡å—:Public

[ 2017-04-22T10:46:43+08:00 ] 127.0.0.1 /Public/images/Home/tell1.png
INFO: [ app_init ] --START--
INFO: Run Behavior\BuildLiteBehavior [ RunTime:0.000000s ]
INFO: [ app_init ] --END-- [ RunTime:0.004001s ]
ERR: æ— æ³•åŠ è½½æ¨¡å—:Public

[ 2017-04-22T10:46:43+08:00 ] 127.0.0.1 /Public/css/images/point1.png
INFO: [ app_init ] --START--
INFO: Run Behavior\BuildLiteBehavior [ RunTime:0.000000s ]
INFO: [ app_init ] --END-- [ RunTime:0.001000s ]
ERR: æ— æ³•åŠ è½½æ¨¡å—:Public

[ 2017-04-22T10:46:43+08:00 ] 127.0.0.1 /Tools/submit_ajax.ashx?action=get_cart_count
INFO: [ app_init ] --START--
INFO: Run Behavior\BuildLiteBehavior [ RunTime:0.000000s ]
INFO: [ app_init ] --END-- [ RunTime:0.001000s ]
ERR: æ— æ³•åŠ è½½æ¨¡å—:Tools

[ 2017-04-22T10:46:43+08:00 ] 127.0.0.1 /Tools/submit_ajax.ashx?action=get_login_str
INFO: [ app_init ] --START--
INFO: Run Behavior\BuildLiteBehavior [ RunTime:0.000000s ]
INFO: [ app_init ] --END-- [ RunTime:0.010001s ]
ERR: æ— æ³•åŠ è½½æ¨¡å—:Tools

[ 2017-04-22T10:46:46+08:00 ] 127.0.0.1 /Public/images/Home/ews.png
INFO: [ app_init ] --START--
INFO: Run Behavior\BuildLiteBehavior [ RunTime:0.000000s ]
INFO: [ app_init ] --END-- [ RunTime:0.001000s ]
ERR: æ— æ³•åŠ è½½æ¨¡å—:Public

[ 2017-04-22T10:46:46+08:00 ] 127.0.0.1 /Public/images/Home/sina.png
INFO: [ app_init ] --START--
INFO: Run Behavior\BuildLiteBehavior [ RunTime:0.000000s ]
INFO: [ app_init ] --END-- [ RunTime:0.004000s ]
ERR: æ— æ³•åŠ è½½æ¨¡å—:Public

[ 2017-04-22T10:46:46+08:00 ] 127.0.0.1 /Public/css/images/point1.png
INFO: [ app_init ] --START--
INFO: Run Behavior\BuildLiteBehavior [ RunTime:0.000000s ]
INFO: [ app_init ] --END-- [ RunTime:0.004000s ]
ERR: æ— æ³•åŠ è½½æ¨¡å—:Public

[ 2017-04-22T10:46:46+08:00 ] 127.0.0.1 /Public/images/Home/tell1.png
INFO: [ app_init ] --START--
INFO: Run Behavior\BuildLiteBehavior [ RunTime:0.000000s ]
INFO: [ app_init ] --END-- [ RunTime:0.001000s ]
ERR: æ— æ³•åŠ è½½æ¨¡å—:Public

[ 2017-04-22T10:46:46+08:00 ] 127.0.0.1 /Public/css/Home/Public/images/Home/search.jpg
INFO: [ app_init ] --START--
INFO: Run Behavior\BuildLiteBehavior [ RunTime:0.006001s ]
INFO: [ app_init ] --END-- [ RunTime:0.008001s ]
ERR: æ— æ³•åŠ è½½æ¨¡å—:Public

[ 2017-04-22T10:46:46+08:00 ] 127.0.0.1 /Public/images/Home/wx.png
INFO: [ app_init ] --START--
INFO: Run Behavior\BuildLiteBehavior [ RunTime:0.001000s ]
INFO: [ app_init ] --END-- [ RunTime:0.002000s ]
ERR: æ— æ³•åŠ è½½æ¨¡å—:Public

[ 2017-04-22T10:46:46+08:00 ] 127.0.0.1 /Public/css/images/icon.png
INFO: [ app_init ] --START--
INFO: Run Behavior\BuildLiteBehavior [ RunTime:0.024001s ]
INFO: [ app_init ] --END-- [ RunTime:0.031001s ]
ERR: æ— æ³•åŠ è½½æ¨¡å—:Public

[ 2017-04-22T10:46:46+08:00 ] 127.0.0.1 /Public/css/images/bg.png
INFO: [ app_init ] --START--
INFO: Run Behavior\BuildLiteBehavior [ RunTime:0.000000s ]
INFO: [ app_init ] --END-- [ RunTime:0.001000s ]
ERR: æ— æ³•åŠ è½½æ¨¡å—:Public

[ 2017-04-22T10:46:46+08:00 ] 127.0.0.1 /Tools/submit_ajax.ashx?action=get_cart_count
INFO: [ app_init ] --START--
INFO: Run Behavior\BuildLiteBehavior [ RunTime:0.000000s ]
INFO: [ app_init ] --END-- [ RunTime:0.002000s ]
ERR: æ— æ³•åŠ è½½æ¨¡å—:Tools

[ 2017-04-22T10:46:46+08:00 ] 127.0.0.1 /Tools/submit_ajax.ashx?action=get_login_str
INFO: [ app_init ] --START--
INFO: Run Behavior\BuildLiteBehavior [ RunTime:0.000000s ]
INFO: [ app_init ] --END-- [ RunTime:0.001000s ]
ERR: æ— æ³•åŠ è½½æ¨¡å—:Tools

[ 2017-04-22T10:46:48+08:00 ] 127.0.0.1 /Public/images/Home/ews.png
INFO: [ app_init ] --START--
INFO: Run Behavior\BuildLiteBehavior [ RunTime:0.000000s ]
INFO: [ app_init ] --END-- [ RunTime:0.001000s ]
ERR: æ— æ³•åŠ è½½æ¨¡å—:Public

[ 2017-04-22T10:46:48+08:00 ] 127.0.0.1 /Public/css/Home/Public/images/Home/search.jpg
INFO: [ app_init ] --START--
INFO: Run Behavior\BuildLiteBehavior [ RunTime:0.000000s ]
INFO: [ app_init ] --END-- [ RunTime:0.001000s ]
ERR: æ— æ³•åŠ è½½æ¨¡å—:Public

[ 2017-04-22T10:46:48+08:00 ] 127.0.0.1 /Public/css/images/icon.png
INFO: [ app_init ] --START--
INFO: Run Behavior\BuildLiteBehavior [ RunTime:0.000000s ]
INFO: [ app_init ] --END-- [ RunTime:0.001000s ]
ERR: æ— æ³•åŠ è½½æ¨¡å—:Public

[ 2017-04-22T10:46:48+08:00 ] 127.0.0.1 /Public/css/images/point1.png
INFO: [ app_init ] --START--
INFO: Run Behavior\BuildLiteBehavior [ RunTime:0.000000s ]
INFO: [ app_init ] --END-- [ RunTime:0.002001s ]
ERR: æ— æ³•åŠ è½½æ¨¡å—:Public

[ 2017-04-22T10:46:48+08:00 ] 127.0.0.1 /Public/images/Home/wx.png
INFO: [ app_init ] --START--
INFO: Run Behavior\BuildLiteBehavior [ RunTime:0.000000s ]
INFO: [ app_init ] --END-- [ RunTime:0.002000s ]
ERR: æ— æ³•åŠ è½½æ¨¡å—:Public

[ 2017-04-22T10:46:48+08:00 ] 127.0.0.1 /Public/images/Home/sina.png
INFO: [ app_init ] --START--
INFO: Run Behavior\BuildLiteBehavior [ RunTime:0.000000s ]
INFO: [ app_init ] --END-- [ RunTime:0.001000s ]
ERR: æ— æ³•åŠ è½½æ¨¡å—:Public

[ 2017-04-22T10:46:48+08:00 ] 127.0.0.1 /Public/images/Home/tell1.png
INFO: [ app_init ] --START--
INFO: Run Behavior\BuildLiteBehavior [ RunTime:0.000000s ]
INFO: [ app_init ] --END-- [ RunTime:0.002000s ]
ERR: æ— æ³•åŠ è½½æ¨¡å—:Public

[ 2017-04-22T10:46:48+08:00 ] 127.0.0.1 /Public/css/images/bg.png
INFO: [ app_init ] --START--
INFO: Run Behavior\BuildLiteBehavior [ RunTime:0.001000s ]
INFO: [ app_init ] --END-- [ RunTime:0.005000s ]
ERR: æ— æ³•åŠ è½½æ¨¡å—:Public

[ 2017-04-22T10:46:48+08:00 ] 127.0.0.1 /Tools/submit_ajax.ashx?action=get_login_str
INFO: [ app_init ] --START--
INFO: Run Behavior\BuildLiteBehavior [ RunTime:0.000000s ]
INFO: [ app_init ] --END-- [ RunTime:0.001000s ]
ERR: æ— æ³•åŠ è½½æ¨¡å—:Tools

[ 2017-04-22T10:46:48+08:00 ] 127.0.0.1 /Tools/submit_ajax.ashx?action=get_cart_count
INFO: [ app_init ] --START--
INFO: Run Behavior\BuildLiteBehavior [ RunTime:0.000000s ]
INFO: [ app_init ] --END-- [ RunTime:0.001000s ]
ERR: æ— æ³•åŠ è½½æ¨¡å—:Tools

[ 2017-04-22T11:09:23+08:00 ] 127.0.0.1 /Public/images/Home/line.gif
INFO: [ app_init ] --START--
INFO: Run Behavior\BuildLiteBehavior [ RunTime:0.000000s ]
INFO: [ app_init ] --END-- [ RunTime:0.001000s ]
ERR: æ— æ³•åŠ è½½æ¨¡å—:Public

[ 2017-04-22T11:23:27+08:00 ] 127.0.0.1 /Public/images/Home/ews.png
INFO: [ app_init ] --START--
INFO: Run Behavior\BuildLiteBehavior [ RunTime:0.000000s ]
INFO: [ app_init ] --END-- [ RunTime:0.001000s ]
ERR: æ— æ³•åŠ è½½æ¨¡å—:Public

[ 2017-04-22T11:23:27+08:00 ] 127.0.0.1 /Public/css/Home/Public/images/Home/search.jpg
INFO: [ app_init ] --START--
INFO: Run Behavior\BuildLiteBehavior [ RunTime:0.000000s ]
INFO: [ app_init ] --END-- [ RunTime:0.001000s ]
ERR: æ— æ³•åŠ è½½æ¨¡å—:Public

[ 2017-04-22T11:23:27+08:00 ] 127.0.0.1 /Public/images/Home/wx.png
INFO: [ app_init ] --START--
INFO: Run Behavior\BuildLiteBehavior [ RunTime:0.000000s ]
INFO: [ app_init ] --END-- [ RunTime:0.001000s ]
ERR: æ— æ³•åŠ è½½æ¨¡å—:Public

[ 2017-04-22T11:23:27+08:00 ] 127.0.0.1 /Public/images/Home/sina.png
INFO: [ app_init ] --START--
INFO: Run Behavior\BuildLiteBehavior [ RunTime:0.000000s ]
INFO: [ app_init ] --END-- [ RunTime:0.001000s ]
ERR: æ— æ³•åŠ è½½æ¨¡å—:Public

[ 2017-04-22T11:23:28+08:00 ] 127.0.0.1 /Public/images/Home//point1r.gif
INFO: [ app_init ] --START--
INFO: Run Behavior\BuildLiteBehavior [ RunTime:0.000000s ]
INFO: [ app_init ] --END-- [ RunTime:0.001000s ]
ERR: æ— æ³•åŠ è½½æ¨¡å—:Public

[ 2017-04-22T11:23:28+08:00 ] 127.0.0.1 /Public/images/Home/tell1.png
INFO: [ app_init ] --START--
INFO: Run Behavior\BuildLiteBehavior [ RunTime:0.000000s ]
INFO: [ app_init ] --END-- [ RunTime:0.001000s ]
ERR: æ— æ³•åŠ è½½æ¨¡å—:Public

[ 2017-04-22T11:23:28+08:00 ] 127.0.0.1 /Tools/submit_ajax.ashx?action=get_cart_count
INFO: [ app_init ] --START--
INFO: Run Behavior\BuildLiteBehavior [ RunTime:0.000000s ]
INFO: [ app_init ] --END-- [ RunTime:0.002000s ]
ERR: æ— æ³•åŠ è½½æ¨¡å—:Tools

[ 2017-04-22T11:23:28+08:00 ] 127.0.0.1 /Tools/submit_ajax.ashx?action=get_login_str
INFO: [ app_init ] --START--
INFO: Run Behavior\BuildLiteBehavior [ RunTime:0.001000s ]
INFO: [ app_init ] --END-- [ RunTime:0.001000s ]
ERR: æ— æ³•åŠ è½½æ¨¡å—:Tools

[ 2017-04-22T11:23:28+08:00 ] 127.0.0.1 /Public/js/Home/lhgdialog/skins/icons/loading.gif
INFO: [ app_init ] --START--
INFO: Run Behavior\BuildLiteBehavior [ RunTime:0.000000s ]
INFO: [ app_init ] --END-- [ RunTime:0.001000s ]
ERR: æ— æ³•åŠ è½½æ¨¡å—:Public

