[ 2017-04-12T08:48:04+08:00 ] 127.0.0.1 /user
INFO: [ app_init ] --START--
INFO: Run Behavior\BuildLiteBehavior [ RunTime:0.000000s ]
INFO: [ app_init ] --END-- [ RunTime:0.002000s ]
INFO: [ app_begin ] --START--
INFO: Run Behavior\ReadHtmlCacheBehavior [ RunTime:0.002000s ]
INFO: [ app_begin ] --END-- [ RunTime:0.002000s ]
NOTIC: [8] Undefined index: user_id D:\wamp\www\lushantc\Application\User\Controller\IndexController.class.php 第 19 行.
SQL: SHOW COLUMNS FROM `order` [ RunTime:0.0070s ]
SQL: SELECT COUNT(*) AS tp_count FROM `order` WHERE `uid` = null AND `delete` = 0 LIMIT 1   [ RunTime:0.0000s ]
SQL: SELECT * FROM `order` WHERE `uid` = null AND `delete` = 0 ORDER BY create_time LIMIT 0,2   [ RunTime:0.0010s ]
NOTIC: [8] Undefined index: user_id D:\wamp\www\lushantc\Application\User\Controller\IndexController.class.php 第 32 行.
SQL: SELECT COUNT(*) AS tp_count FROM `order` WHERE `uid` = null AND `delete` = 0 LIMIT 1   [ RunTime:0.0000s ]
NOTIC: [8] Undefined index: user_id D:\wamp\www\lushantc\Application\User\Controller\IndexController.class.php 第 33 行.
SQL: SELECT COUNT(*) AS tp_count FROM `order` WHERE `uid` = null AND `delete` = 0 AND `status` = 1 LIMIT 1   [ RunTime:0.0010s ]
NOTIC: [8] Undefined index: user_id D:\wamp\www\lushantc\Application\User\Controller\IndexController.class.php 第 34 行.
SQL: SELECT COUNT(*) AS tp_count FROM `order` WHERE `uid` = null AND `delete` = 0 AND `status` = 3 LIMIT 1   [ RunTime:0.0000s ]
NOTIC: [8] Undefined index: user_id D:\wamp\www\lushantc\Application\User\Controller\IndexController.class.php 第 35 行.
SQL: SELECT COUNT(*) AS tp_count FROM `order` WHERE `uid` = null AND `delete` = 0 AND `status` = 4 LIMIT 1   [ RunTime:0.0000s ]
NOTIC: [8] Undefined variable: c D:\wamp\www\lushantc\Application\User\Controller\IndexController.class.php 第 41 行.
INFO: [ view_parse ] --START--
INFO: [ template_filter ] --START--
INFO: Run Behavior\ContentReplaceBehavior [ RunTime:0.000000s ]
INFO: [ template_filter ] --END-- [ RunTime:0.001000s ]
INFO: Run Behavior\ParseTemplateBehavior [ RunTime:0.098005s ]
INFO: [ view_parse ] --END-- [ RunTime:0.099005s ]
INFO: [ view_filter ] --START--
INFO: Run Behavior\WriteHtmlCacheBehavior [ RunTime:0.001000s ]
INFO: [ view_filter ] --END-- [ RunTime:0.001000s ]
INFO: [ app_end ] --START--
INFO: Run Behavior\ShowPageTraceBehavior [ RunTime:0.001000s ]
INFO: [ app_end ] --END-- [ RunTime:0.002000s ]

[ 2017-04-12T11:24:42+08:00 ] 127.0.0.1 /user/order.aspx
INFO: [ app_init ] --START--
INFO: Run Behavior\BuildLiteBehavior [ RunTime:0.000000s ]
INFO: [ app_init ] --END-- [ RunTime:0.002000s ]
INFO: [ app_begin ] --START--
INFO: Run Behavior\ReadHtmlCacheBehavior [ RunTime:0.001000s ]
INFO: [ app_begin ] --END-- [ RunTime:0.002000s ]
ERR: 无法加载控制器:Order

[ 2017-04-12T11:24:56+08:00 ] 127.0.0.1 /user/index/
INFO: [ app_init ] --START--
INFO: Run Behavior\BuildLiteBehavior [ RunTime:0.000000s ]
INFO: [ app_init ] --END-- [ RunTime:0.002000s ]
INFO: [ app_begin ] --START--
INFO: Run Behavior\ReadHtmlCacheBehavior [ RunTime:0.002000s ]
INFO: [ app_begin ] --END-- [ RunTime:0.002000s ]
SQL: SHOW COLUMNS FROM `order` [ RunTime:0.0050s ]
SQL: SELECT COUNT(*) AS tp_count FROM `order` WHERE `uid` = 42 AND `delete` = 0 LIMIT 1   [ RunTime:0.0010s ]
SQL: SELECT * FROM `order` WHERE `uid` = 42 AND `delete` = 0 ORDER BY create_time LIMIT 0,2   [ RunTime:0.0010s ]
SQL: SHOW COLUMNS FROM `order_detail` [ RunTime:0.0050s ]
SQL: SELECT * FROM `order_detail` WHERE `order_sn` = '14917299176512'  [ RunTime:0.0000s ]
SQL: SELECT * FROM `order_detail` WHERE `order_sn` = '14917299403145'  [ RunTime:0.0010s ]
SQL: SELECT COUNT(*) AS tp_count FROM `order` WHERE `uid` = 42 AND `delete` = 0 LIMIT 1   [ RunTime:0.0010s ]
SQL: SELECT COUNT(*) AS tp_count FROM `order` WHERE `uid` = 42 AND `delete` = 0 AND `status` = 1 LIMIT 1   [ RunTime:0.0000s ]
SQL: SELECT COUNT(*) AS tp_count FROM `order` WHERE `uid` = 42 AND `delete` = 0 AND `status` = 3 LIMIT 1   [ RunTime:0.0000s ]
SQL: SELECT COUNT(*) AS tp_count FROM `order` WHERE `uid` = 42 AND `delete` = 0 AND `status` = 4 LIMIT 1   [ RunTime:0.0000s ]
INFO: [ view_parse ] --START--
INFO: [ template_filter ] --START--
INFO: Run Behavior\ContentReplaceBehavior [ RunTime:0.000000s ]
INFO: [ template_filter ] --END-- [ RunTime:0.001000s ]
INFO: Run Behavior\ParseTemplateBehavior [ RunTime:0.065004s ]
INFO: [ view_parse ] --END-- [ RunTime:0.067004s ]
INFO: [ view_filter ] --START--
INFO: Run Behavior\WriteHtmlCacheBehavior [ RunTime:0.001000s ]
INFO: [ view_filter ] --END-- [ RunTime:0.001000s ]
INFO: [ app_end ] --START--
INFO: Run Behavior\ShowPageTraceBehavior [ RunTime:0.002000s ]
INFO: [ app_end ] --END-- [ RunTime:0.005000s ]

[ 2017-04-12T11:24:57+08:00 ] 127.0.0.1 /user/index/handler/common_ajax.aspx?action=get_lgoin_str
INFO: [ app_init ] --START--
INFO: Run Behavior\BuildLiteBehavior [ RunTime:0.000000s ]
INFO: [ app_init ] --END-- [ RunTime:0.002001s ]
INFO: [ app_begin ] --START--
INFO: Run Behavior\ReadHtmlCacheBehavior [ RunTime:0.002000s ]
INFO: [ app_begin ] --END-- [ RunTime:0.003000s ]
ERR: 非法操作:handler

[ 2017-04-12T11:24:57+08:00 ] 127.0.0.1 /user/index/handler/common_ajax.aspx?action=get_user_cart_count
INFO: [ app_init ] --START--
INFO: Run Behavior\BuildLiteBehavior [ RunTime:0.000000s ]
INFO: [ app_init ] --END-- [ RunTime:0.020002s ]
INFO: [ app_begin ] --START--
INFO: Run Behavior\ReadHtmlCacheBehavior [ RunTime:0.002001s ]
INFO: [ app_begin ] --END-- [ RunTime:0.003001s ]
ERR: 非法操作:handler

[ 2017-04-12T11:48:24+08:00 ] 127.0.0.1 /user/address.aspx
INFO: [ app_init ] --START--
INFO: Run Behavior\BuildLiteBehavior [ RunTime:0.001000s ]
INFO: [ app_init ] --END-- [ RunTime:0.001000s ]
INFO: [ app_begin ] --START--
INFO: Run Behavior\ReadHtmlCacheBehavior [ RunTime:0.001000s ]
INFO: [ app_begin ] --END-- [ RunTime:0.002000s ]
ERR: 无法加载控制器:Address

[ 2017-04-12T11:48:30+08:00 ] 127.0.0.1 /user/
INFO: [ app_init ] --START--
INFO: Run Behavior\BuildLiteBehavior [ RunTime:0.000000s ]
INFO: [ app_init ] --END-- [ RunTime:0.003001s ]
INFO: [ app_begin ] --START--
INFO: Run Behavior\ReadHtmlCacheBehavior [ RunTime:0.002000s ]
INFO: [ app_begin ] --END-- [ RunTime:0.002000s ]
SQL: SHOW COLUMNS FROM `order` [ RunTime:0.0050s ]
SQL: SELECT COUNT(*) AS tp_count FROM `order` WHERE `uid` = 42 AND `delete` = 0 LIMIT 1   [ RunTime:0.0000s ]
SQL: SELECT * FROM `order` WHERE `uid` = 42 AND `delete` = 0 ORDER BY create_time LIMIT 0,2   [ RunTime:0.0010s ]
SQL: SHOW COLUMNS FROM `order_detail` [ RunTime:0.0050s ]
SQL: SELECT * FROM `order_detail` WHERE `order_sn` = '14917299176512'  [ RunTime:0.0010s ]
SQL: SELECT * FROM `order_detail` WHERE `order_sn` = '14917299403145'  [ RunTime:0.0000s ]
SQL: SELECT COUNT(*) AS tp_count FROM `order` WHERE `uid` = 42 AND `delete` = 0 LIMIT 1   [ RunTime:0.0000s ]
SQL: SELECT COUNT(*) AS tp_count FROM `order` WHERE `uid` = 42 AND `delete` = 0 AND `status` = 1 LIMIT 1   [ RunTime:0.0010s ]
SQL: SELECT COUNT(*) AS tp_count FROM `order` WHERE `uid` = 42 AND `delete` = 0 AND `status` = 3 LIMIT 1   [ RunTime:0.0010s ]
SQL: SELECT COUNT(*) AS tp_count FROM `order` WHERE `uid` = 42 AND `delete` = 0 AND `status` = 4 LIMIT 1   [ RunTime:0.0000s ]
INFO: [ view_parse ] --START--
INFO: [ template_filter ] --START--
INFO: Run Behavior\ContentReplaceBehavior [ RunTime:0.001000s ]
INFO: [ template_filter ] --END-- [ RunTime:0.002000s ]
INFO: Run Behavior\ParseTemplateBehavior [ RunTime:0.067004s ]
INFO: [ view_parse ] --END-- [ RunTime:0.067004s ]
INFO: [ view_filter ] --START--
INFO: Run Behavior\WriteHtmlCacheBehavior [ RunTime:0.000000s ]
INFO: [ view_filter ] --END-- [ RunTime:0.002000s ]
INFO: [ app_end ] --START--
INFO: Run Behavior\ShowPageTraceBehavior [ RunTime:0.004000s ]
INFO: [ app_end ] --END-- [ RunTime:0.005000s ]

[ 2017-04-12T11:48:30+08:00 ] 127.0.0.1 /user/handler/common_ajax.aspx?action=get_lgoin_str
INFO: [ app_init ] --START--
INFO: Run Behavior\BuildLiteBehavior [ RunTime:0.000000s ]
INFO: [ app_init ] --END-- [ RunTime:0.002000s ]
INFO: [ app_begin ] --START--
INFO: Run Behavior\ReadHtmlCacheBehavior [ RunTime:0.003000s ]
INFO: [ app_begin ] --END-- [ RunTime:0.004000s ]
ERR: 无法加载控制器:Handler

[ 2017-04-12T11:48:30+08:00 ] 127.0.0.1 /user/handler/common_ajax.aspx?action=get_user_cart_count
INFO: [ app_init ] --START--
INFO: Run Behavior\BuildLiteBehavior [ RunTime:0.000000s ]
INFO: [ app_init ] --END-- [ RunTime:0.011001s ]
INFO: [ app_begin ] --START--
INFO: Run Behavior\ReadHtmlCacheBehavior [ RunTime:0.002000s ]
INFO: [ app_begin ] --END-- [ RunTime:0.004001s ]
ERR: 无法加载控制器:Handler

[ 2017-04-12T11:49:51+08:00 ] 127.0.0.1 /user/
INFO: [ app_init ] --START--
INFO: Run Behavior\BuildLiteBehavior [ RunTime:0.000000s ]
INFO: [ app_init ] --END-- [ RunTime:0.002000s ]
INFO: [ app_begin ] --START--
INFO: Run Behavior\ReadHtmlCacheBehavior [ RunTime:0.001000s ]
INFO: [ app_begin ] --END-- [ RunTime:0.002000s ]
SQL: SHOW COLUMNS FROM `order` [ RunTime:0.0060s ]
SQL: SELECT COUNT(*) AS tp_count FROM `order` WHERE `uid` = 42 AND `delete` = 0 LIMIT 1   [ RunTime:0.0010s ]
SQL: SELECT * FROM `order` WHERE `uid` = 42 AND `delete` = 0 ORDER BY create_time LIMIT 0,2   [ RunTime:0.0010s ]
SQL: SHOW COLUMNS FROM `order_detail` [ RunTime:0.0060s ]
SQL: SELECT * FROM `order_detail` WHERE `order_sn` = '14917299176512'  [ RunTime:0.0010s ]
SQL: SELECT * FROM `order_detail` WHERE `order_sn` = '14917299403145'  [ RunTime:0.0010s ]
SQL: SELECT COUNT(*) AS tp_count FROM `order` WHERE `uid` = 42 AND `delete` = 0 LIMIT 1   [ RunTime:0.0000s ]
SQL: SELECT COUNT(*) AS tp_count FROM `order` WHERE `uid` = 42 AND `delete` = 0 AND `status` = 1 LIMIT 1   [ RunTime:0.0010s ]
SQL: SELECT COUNT(*) AS tp_count FROM `order` WHERE `uid` = 42 AND `delete` = 0 AND `status` = 3 LIMIT 1   [ RunTime:0.0010s ]
SQL: SELECT COUNT(*) AS tp_count FROM `order` WHERE `uid` = 42 AND `delete` = 0 AND `status` = 4 LIMIT 1   [ RunTime:0.0000s ]
INFO: [ view_parse ] --START--
INFO: [ template_filter ] --START--
INFO: Run Behavior\ContentReplaceBehavior [ RunTime:0.001000s ]
INFO: [ template_filter ] --END-- [ RunTime:0.001000s ]
INFO: Run Behavior\ParseTemplateBehavior [ RunTime:0.066003s ]
INFO: [ view_parse ] --END-- [ RunTime:0.067003s ]
INFO: [ view_filter ] --START--
INFO: Run Behavior\WriteHtmlCacheBehavior [ RunTime:0.001001s ]
INFO: [ view_filter ] --END-- [ RunTime:0.002001s ]
INFO: [ app_end ] --START--
INFO: Run Behavior\ShowPageTraceBehavior [ RunTime:0.002000s ]
INFO: [ app_end ] --END-- [ RunTime:0.002000s ]

[ 2017-04-12T11:49:52+08:00 ] 127.0.0.1 /user/handler/common_ajax.aspx?action=get_user_cart_count
INFO: [ app_init ] --START--
INFO: Run Behavior\BuildLiteBehavior [ RunTime:0.000000s ]
INFO: [ app_init ] --END-- [ RunTime:0.011000s ]
INFO: [ app_begin ] --START--
INFO: Run Behavior\ReadHtmlCacheBehavior [ RunTime:0.002000s ]
INFO: [ app_begin ] --END-- [ RunTime:0.003000s ]
ERR: 无法加载控制器:Handler

[ 2017-04-12T11:49:52+08:00 ] 127.0.0.1 /user/handler/common_ajax.aspx?action=get_lgoin_str
INFO: [ app_init ] --START--
INFO: Run Behavior\BuildLiteBehavior [ RunTime:0.000000s ]
INFO: [ app_init ] --END-- [ RunTime:0.028002s ]
INFO: [ app_begin ] --START--
INFO: Run Behavior\ReadHtmlCacheBehavior [ RunTime:0.003000s ]
INFO: [ app_begin ] --END-- [ RunTime:0.006000s ]
ERR: 无法加载控制器:Handler

[ 2017-04-12T11:50:13+08:00 ] 127.0.0.1 /user/
INFO: [ app_init ] --START--
INFO: Run Behavior\BuildLiteBehavior [ RunTime:0.000000s ]
INFO: [ app_init ] --END-- [ RunTime:0.001000s ]
INFO: [ app_begin ] --START--
INFO: Run Behavior\ReadHtmlCacheBehavior [ RunTime:0.001000s ]
INFO: [ app_begin ] --END-- [ RunTime:0.002000s ]
SQL: SHOW COLUMNS FROM `order` [ RunTime:0.0060s ]
SQL: SELECT COUNT(*) AS tp_count FROM `order` WHERE `uid` = 42 AND `delete` = 0 LIMIT 1   [ RunTime:0.0010s ]
SQL: SELECT * FROM `order` WHERE `uid` = 42 AND `delete` = 0 ORDER BY create_time LIMIT 0,2   [ RunTime:0.0010s ]
SQL: SHOW COLUMNS FROM `order_detail` [ RunTime:0.0050s ]
SQL: SELECT * FROM `order_detail` WHERE `order_sn` = '14917299176512'  [ RunTime:0.0000s ]
SQL: SELECT * FROM `order_detail` WHERE `order_sn` = '14917299403145'  [ RunTime:0.0010s ]
SQL: SELECT COUNT(*) AS tp_count FROM `order` WHERE `uid` = 42 AND `delete` = 0 LIMIT 1   [ RunTime:0.0000s ]
SQL: SELECT COUNT(*) AS tp_count FROM `order` WHERE `uid` = 42 AND `delete` = 0 AND `status` = 1 LIMIT 1   [ RunTime:0.0010s ]
SQL: SELECT COUNT(*) AS tp_count FROM `order` WHERE `uid` = 42 AND `delete` = 0 AND `status` = 3 LIMIT 1   [ RunTime:0.0010s ]
SQL: SELECT COUNT(*) AS tp_count FROM `order` WHERE `uid` = 42 AND `delete` = 0 AND `status` = 4 LIMIT 1   [ RunTime:0.0010s ]
INFO: [ view_parse ] --START--
INFO: [ template_filter ] --START--
INFO: Run Behavior\ContentReplaceBehavior [ RunTime:0.000000s ]
INFO: [ template_filter ] --END-- [ RunTime:0.001000s ]
INFO: Run Behavior\ParseTemplateBehavior [ RunTime:0.067004s ]
INFO: [ view_parse ] --END-- [ RunTime:0.068004s ]
INFO: [ view_filter ] --START--
INFO: Run Behavior\WriteHtmlCacheBehavior [ RunTime:0.001000s ]
INFO: [ view_filter ] --END-- [ RunTime:0.001000s ]
INFO: [ app_end ] --START--
INFO: Run Behavior\ShowPageTraceBehavior [ RunTime:0.002001s ]
INFO: [ app_end ] --END-- [ RunTime:0.003001s ]

[ 2017-04-12T11:50:14+08:00 ] 127.0.0.1 /user/handler/common_ajax.aspx?action=get_user_cart_count
INFO: [ app_init ] --START--
INFO: Run Behavior\BuildLiteBehavior [ RunTime:0.000000s ]
INFO: [ app_init ] --END-- [ RunTime:0.004000s ]
INFO: [ app_begin ] --START--
INFO: Run Behavior\ReadHtmlCacheBehavior [ RunTime:0.003000s ]
INFO: [ app_begin ] --END-- [ RunTime:0.005000s ]
ERR: 无法加载控制器:Handler

[ 2017-04-12T11:50:14+08:00 ] 127.0.0.1 /user/handler/common_ajax.aspx?action=get_lgoin_str
INFO: [ app_init ] --START--
INFO: Run Behavior\BuildLiteBehavior [ RunTime:0.001000s ]
INFO: [ app_init ] --END-- [ RunTime:0.014000s ]
INFO: [ app_begin ] --START--
INFO: Run Behavior\ReadHtmlCacheBehavior [ RunTime:0.002000s ]
INFO: [ app_begin ] --END-- [ RunTime:0.004000s ]
ERR: 无法加载控制器:Handler

[ 2017-04-12T11:51:18+08:00 ] 127.0.0.1 /user/
INFO: [ app_init ] --START--
INFO: Run Behavior\BuildLiteBehavior [ RunTime:0.000000s ]
INFO: [ app_init ] --END-- [ RunTime:0.001000s ]
INFO: [ app_begin ] --START--
INFO: Run Behavior\ReadHtmlCacheBehavior [ RunTime:0.002000s ]
INFO: [ app_begin ] --END-- [ RunTime:0.003000s ]
SQL: SHOW COLUMNS FROM `order` [ RunTime:0.0050s ]
SQL: SELECT COUNT(*) AS tp_count FROM `order` WHERE `uid` = 42 AND `delete` = 0 LIMIT 1   [ RunTime:0.0000s ]
SQL: SELECT * FROM `order` WHERE `uid` = 42 AND `delete` = 0 ORDER BY create_time LIMIT 0,2   [ RunTime:0.0010s ]
SQL: SHOW COLUMNS FROM `order_detail` [ RunTime:0.0060s ]
SQL: SELECT * FROM `order_detail` WHERE `order_sn` = '14917299176512'  [ RunTime:0.0010s ]
SQL: SELECT * FROM `order_detail` WHERE `order_sn` = '14917299403145'  [ RunTime:0.0010s ]
SQL: SELECT COUNT(*) AS tp_count FROM `order` WHERE `uid` = 42 AND `delete` = 0 LIMIT 1   [ RunTime:0.0010s ]
SQL: SELECT COUNT(*) AS tp_count FROM `order` WHERE `uid` = 42 AND `delete` = 0 AND `status` = 1 LIMIT 1   [ RunTime:0.0010s ]
SQL: SELECT COUNT(*) AS tp_count FROM `order` WHERE `uid` = 42 AND `delete` = 0 AND `status` = 3 LIMIT 1   [ RunTime:0.0020s ]
SQL: SELECT COUNT(*) AS tp_count FROM `order` WHERE `uid` = 42 AND `delete` = 0 AND `status` = 4 LIMIT 1   [ RunTime:0.0010s ]
INFO: [ view_parse ] --START--
INFO: [ template_filter ] --START--
INFO: Run Behavior\ContentReplaceBehavior [ RunTime:0.000000s ]
INFO: [ template_filter ] --END-- [ RunTime:0.001000s ]
INFO: Run Behavior\ParseTemplateBehavior [ RunTime:0.070004s ]
INFO: [ view_parse ] --END-- [ RunTime:0.070004s ]
INFO: [ view_filter ] --START--
INFO: Run Behavior\WriteHtmlCacheBehavior [ RunTime:0.001000s ]
INFO: [ view_filter ] --END-- [ RunTime:0.002000s ]
INFO: [ app_end ] --START--
INFO: Run Behavior\ShowPageTraceBehavior [ RunTime:0.003000s ]
INFO: [ app_end ] --END-- [ RunTime:0.003000s ]

[ 2017-04-12T11:51:19+08:00 ] 127.0.0.1 /user/handler/common_ajax.aspx?action=get_user_cart_count
INFO: [ app_init ] --START--
INFO: Run Behavior\BuildLiteBehavior [ RunTime:0.000000s ]
INFO: [ app_init ] --END-- [ RunTime:0.002000s ]
INFO: [ app_begin ] --START--
INFO: Run Behavior\ReadHtmlCacheBehavior [ RunTime:0.008001s ]
INFO: [ app_begin ] --END-- [ RunTime:0.011001s ]
ERR: 无法加载控制器:Handler

[ 2017-04-12T11:51:19+08:00 ] 127.0.0.1 /user/handler/common_ajax.aspx?action=get_lgoin_str
INFO: [ app_init ] --START--
INFO: Run Behavior\BuildLiteBehavior [ RunTime:0.000000s ]
INFO: [ app_init ] --END-- [ RunTime:0.002000s ]
INFO: [ app_begin ] --START--
INFO: Run Behavior\ReadHtmlCacheBehavior [ RunTime:0.011001s ]
INFO: [ app_begin ] --END-- [ RunTime:0.012001s ]
ERR: 无法加载控制器:Handler

[ 2017-04-12T11:51:21+08:00 ] 127.0.0.1 /user/
INFO: [ app_init ] --START--
INFO: Run Behavior\BuildLiteBehavior [ RunTime:0.001000s ]
INFO: [ app_init ] --END-- [ RunTime:0.002000s ]
INFO: [ app_begin ] --START--
INFO: Run Behavior\ReadHtmlCacheBehavior [ RunTime:0.001000s ]
INFO: [ app_begin ] --END-- [ RunTime:0.003000s ]
SQL: SHOW COLUMNS FROM `order` [ RunTime:0.0060s ]
SQL: SELECT COUNT(*) AS tp_count FROM `order` WHERE `uid` = 42 AND `delete` = 0 LIMIT 1   [ RunTime:0.0010s ]
SQL: SELECT * FROM `order` WHERE `uid` = 42 AND `delete` = 0 ORDER BY create_time LIMIT 0,2   [ RunTime:0.0000s ]
SQL: SHOW COLUMNS FROM `order_detail` [ RunTime:0.0060s ]
SQL: SELECT * FROM `order_detail` WHERE `order_sn` = '14917299176512'  [ RunTime:0.0010s ]
SQL: SELECT * FROM `order_detail` WHERE `order_sn` = '14917299403145'  [ RunTime:0.0000s ]
SQL: SELECT COUNT(*) AS tp_count FROM `order` WHERE `uid` = 42 AND `delete` = 0 LIMIT 1   [ RunTime:0.0000s ]
SQL: SELECT COUNT(*) AS tp_count FROM `order` WHERE `uid` = 42 AND `delete` = 0 AND `status` = 1 LIMIT 1   [ RunTime:0.0000s ]
SQL: SELECT COUNT(*) AS tp_count FROM `order` WHERE `uid` = 42 AND `delete` = 0 AND `status` = 3 LIMIT 1   [ RunTime:0.0010s ]
SQL: SELECT COUNT(*) AS tp_count FROM `order` WHERE `uid` = 42 AND `delete` = 0 AND `status` = 4 LIMIT 1   [ RunTime:0.0000s ]
INFO: [ view_parse ] --START--
INFO: [ template_filter ] --START--
INFO: Run Behavior\ContentReplaceBehavior [ RunTime:0.001000s ]
INFO: [ template_filter ] --END-- [ RunTime:0.001000s ]
INFO: Run Behavior\ParseTemplateBehavior [ RunTime:0.067004s ]
INFO: [ view_parse ] --END-- [ RunTime:0.067004s ]
INFO: [ view_filter ] --START--
INFO: Run Behavior\WriteHtmlCacheBehavior [ RunTime:0.001000s ]
INFO: [ view_filter ] --END-- [ RunTime:0.002000s ]
INFO: [ app_end ] --START--
INFO: Run Behavior\ShowPageTraceBehavior [ RunTime:0.001000s ]
INFO: [ app_end ] --END-- [ RunTime:0.003000s ]

[ 2017-04-12T11:51:22+08:00 ] 127.0.0.1 /user/handler/common_ajax.aspx?action=get_lgoin_str
INFO: [ app_init ] --START--
INFO: Run Behavior\BuildLiteBehavior [ RunTime:0.000000s ]
INFO: [ app_init ] --END-- [ RunTime:0.002000s ]
INFO: [ app_begin ] --START--
INFO: Run Behavior\ReadHtmlCacheBehavior [ RunTime:0.003000s ]
INFO: [ app_begin ] --END-- [ RunTime:0.007000s ]
ERR: 无法加载控制器:Handler

[ 2017-04-12T11:51:22+08:00 ] 127.0.0.1 /user/handler/common_ajax.aspx?action=get_user_cart_count
INFO: [ app_init ] --START--
INFO: Run Behavior\BuildLiteBehavior [ RunTime:0.001000s ]
INFO: [ app_init ] --END-- [ RunTime:0.007000s ]
INFO: [ app_begin ] --START--
INFO: Run Behavior\ReadHtmlCacheBehavior [ RunTime:0.002000s ]
INFO: [ app_begin ] --END-- [ RunTime:0.003000s ]
ERR: 无法加载控制器:Handler

[ 2017-04-12T11:51:22+08:00 ] 127.0.0.1 /user/
INFO: [ app_init ] --START--
INFO: Run Behavior\BuildLiteBehavior [ RunTime:0.000000s ]
INFO: [ app_init ] --END-- [ RunTime:0.002000s ]
INFO: [ app_begin ] --START--
INFO: Run Behavior\ReadHtmlCacheBehavior [ RunTime:0.001000s ]
INFO: [ app_begin ] --END-- [ RunTime:0.002001s ]
SQL: SHOW COLUMNS FROM `order` [ RunTime:0.0060s ]
SQL: SELECT COUNT(*) AS tp_count FROM `order` WHERE `uid` = 42 AND `delete` = 0 LIMIT 1   [ RunTime:0.0010s ]
SQL: SELECT * FROM `order` WHERE `uid` = 42 AND `delete` = 0 ORDER BY create_time LIMIT 0,2   [ RunTime:0.0010s ]
SQL: SHOW COLUMNS FROM `order_detail` [ RunTime:0.0050s ]
SQL: SELECT * FROM `order_detail` WHERE `order_sn` = '14917299176512'  [ RunTime:0.0000s ]
SQL: SELECT * FROM `order_detail` WHERE `order_sn` = '14917299403145'  [ RunTime:0.0010s ]
SQL: SELECT COUNT(*) AS tp_count FROM `order` WHERE `uid` = 42 AND `delete` = 0 LIMIT 1   [ RunTime:0.0010s ]
SQL: SELECT COUNT(*) AS tp_count FROM `order` WHERE `uid` = 42 AND `delete` = 0 AND `status` = 1 LIMIT 1   [ RunTime:0.0010s ]
SQL: SELECT COUNT(*) AS tp_count FROM `order` WHERE `uid` = 42 AND `delete` = 0 AND `status` = 3 LIMIT 1   [ RunTime:0.0010s ]
SQL: SELECT COUNT(*) AS tp_count FROM `order` WHERE `uid` = 42 AND `delete` = 0 AND `status` = 4 LIMIT 1   [ RunTime:0.0010s ]
INFO: [ view_parse ] --START--
INFO: [ template_filter ] --START--
INFO: Run Behavior\ContentReplaceBehavior [ RunTime:0.001000s ]
INFO: [ template_filter ] --END-- [ RunTime:0.001000s ]
INFO: Run Behavior\ParseTemplateBehavior [ RunTime:0.074004s ]
INFO: [ view_parse ] --END-- [ RunTime:0.075004s ]
INFO: [ view_filter ] --START--
INFO: Run Behavior\WriteHtmlCacheBehavior [ RunTime:0.004000s ]
INFO: [ view_filter ] --END-- [ RunTime:0.005000s ]
INFO: [ app_end ] --START--
INFO: Run Behavior\ShowPageTraceBehavior [ RunTime:0.001000s ]
INFO: [ app_end ] --END-- [ RunTime:0.002000s ]

[ 2017-04-12T11:51:23+08:00 ] 127.0.0.1 /user/
INFO: [ app_init ] --START--
INFO: Run Behavior\BuildLiteBehavior [ RunTime:0.000000s ]
INFO: [ app_init ] --END-- [ RunTime:0.002000s ]
INFO: [ app_begin ] --START--
INFO: Run Behavior\ReadHtmlCacheBehavior [ RunTime:0.002000s ]
INFO: [ app_begin ] --END-- [ RunTime:0.002000s ]
SQL: SHOW COLUMNS FROM `order` [ RunTime:0.0050s ]
SQL: SELECT COUNT(*) AS tp_count FROM `order` WHERE `uid` = 42 AND `delete` = 0 LIMIT 1   [ RunTime:0.0010s ]
SQL: SELECT * FROM `order` WHERE `uid` = 42 AND `delete` = 0 ORDER BY create_time LIMIT 0,2   [ RunTime:0.0010s ]
SQL: SHOW COLUMNS FROM `order_detail` [ RunTime:0.0050s ]
SQL: SELECT * FROM `order_detail` WHERE `order_sn` = '14917299176512'  [ RunTime:0.0010s ]
SQL: SELECT * FROM `order_detail` WHERE `order_sn` = '14917299403145'  [ RunTime:0.0010s ]
SQL: SELECT COUNT(*) AS tp_count FROM `order` WHERE `uid` = 42 AND `delete` = 0 LIMIT 1   [ RunTime:0.0010s ]
SQL: SELECT COUNT(*) AS tp_count FROM `order` WHERE `uid` = 42 AND `delete` = 0 AND `status` = 1 LIMIT 1   [ RunTime:0.0010s ]
SQL: SELECT COUNT(*) AS tp_count FROM `order` WHERE `uid` = 42 AND `delete` = 0 AND `status` = 3 LIMIT 1   [ RunTime:0.0010s ]
SQL: SELECT COUNT(*) AS tp_count FROM `order` WHERE `uid` = 42 AND `delete` = 0 AND `status` = 4 LIMIT 1   [ RunTime:0.0010s ]
INFO: [ view_parse ] --START--
INFO: [ template_filter ] --START--
INFO: Run Behavior\ContentReplaceBehavior [ RunTime:0.000000s ]
INFO: [ template_filter ] --END-- [ RunTime:0.002001s ]
INFO: Run Behavior\ParseTemplateBehavior [ RunTime:0.066004s ]
INFO: [ view_parse ] --END-- [ RunTime:0.067004s ]
INFO: [ view_filter ] --START--
INFO: Run Behavior\WriteHtmlCacheBehavior [ RunTime:0.001000s ]
INFO: [ view_filter ] --END-- [ RunTime:0.002000s ]
INFO: [ app_end ] --START--
INFO: Run Behavior\ShowPageTraceBehavior [ RunTime:0.002001s ]
INFO: [ app_end ] --END-- [ RunTime:0.002001s ]

[ 2017-04-12T11:51:23+08:00 ] 127.0.0.1 /user/handler/common_ajax.aspx?action=get_user_cart_count
INFO: [ app_init ] --START--
INFO: Run Behavior\BuildLiteBehavior [ RunTime:0.000000s ]
INFO: [ app_init ] --END-- [ RunTime:0.004000s ]
INFO: [ app_begin ] --START--
INFO: Run Behavior\ReadHtmlCacheBehavior [ RunTime:0.006000s ]
INFO: [ app_begin ] --END-- [ RunTime:0.017001s ]
ERR: 无法加载控制器:Handler

[ 2017-04-12T11:51:23+08:00 ] 127.0.0.1 /user/handler/common_ajax.aspx?action=get_lgoin_str
INFO: [ app_init ] --START--
INFO: Run Behavior\BuildLiteBehavior [ RunTime:0.000000s ]
INFO: [ app_init ] --END-- [ RunTime:0.007000s ]
INFO: [ app_begin ] --START--
INFO: Run Behavior\ReadHtmlCacheBehavior [ RunTime:0.009000s ]
INFO: [ app_begin ] --END-- [ RunTime:0.010000s ]
ERR: 无法加载控制器:Handler

[ 2017-04-12T12:00:56+08:00 ] 127.0.0.1 /user/order.aspx
INFO: [ app_init ] --START--
INFO: Run Behavior\BuildLiteBehavior [ RunTime:0.000000s ]
INFO: [ app_init ] --END-- [ RunTime:0.002000s ]
INFO: [ app_begin ] --START--
INFO: Run Behavior\ReadHtmlCacheBehavior [ RunTime:0.002000s ]
INFO: [ app_begin ] --END-- [ RunTime:0.003000s ]
ERR: 无法加载控制器:Order

[ 2017-04-12T12:01:00+08:00 ] 127.0.0.1 /user/
INFO: [ app_init ] --START--
INFO: Run Behavior\BuildLiteBehavior [ RunTime:0.000000s ]
INFO: [ app_init ] --END-- [ RunTime:0.002000s ]
INFO: [ app_begin ] --START--
INFO: Run Behavior\ReadHtmlCacheBehavior [ RunTime:0.001001s ]
INFO: [ app_begin ] --END-- [ RunTime:0.002001s ]
SQL: SHOW COLUMNS FROM `order` [ RunTime:0.0050s ]
SQL: SELECT COUNT(*) AS tp_count FROM `order` WHERE `uid` = 42 AND `delete` = 0 LIMIT 1   [ RunTime:0.0010s ]
SQL: SELECT * FROM `order` WHERE `uid` = 42 AND `delete` = 0 ORDER BY create_time LIMIT 0,2   [ RunTime:0.0010s ]
SQL: SHOW COLUMNS FROM `order_detail` [ RunTime:0.0070s ]
SQL: SELECT * FROM `order_detail` WHERE `order_sn` = '14917299176512'  [ RunTime:0.0010s ]
SQL: SELECT * FROM `order_detail` WHERE `order_sn` = '14917299403145'  [ RunTime:0.0010s ]
SQL: SELECT COUNT(*) AS tp_count FROM `order` WHERE `uid` = 42 AND `delete` = 0 LIMIT 1   [ RunTime:0.0000s ]
SQL: SELECT COUNT(*) AS tp_count FROM `order` WHERE `uid` = 42 AND `delete` = 0 AND `status` = 1 LIMIT 1   [ RunTime:0.0000s ]
SQL: SELECT COUNT(*) AS tp_count FROM `order` WHERE `uid` = 42 AND `delete` = 0 AND `status` = 3 LIMIT 1   [ RunTime:0.0020s ]
SQL: SELECT COUNT(*) AS tp_count FROM `order` WHERE `uid` = 42 AND `delete` = 0 AND `status` = 4 LIMIT 1   [ RunTime:0.0010s ]
INFO: [ view_parse ] --START--
INFO: [ template_filter ] --START--
INFO: Run Behavior\ContentReplaceBehavior [ RunTime:0.001000s ]
INFO: [ template_filter ] --END-- [ RunTime:0.001000s ]
INFO: Run Behavior\ParseTemplateBehavior [ RunTime:0.068004s ]
INFO: [ view_parse ] --END-- [ RunTime:0.069004s ]
INFO: [ view_filter ] --START--
INFO: Run Behavior\WriteHtmlCacheBehavior [ RunTime:0.001000s ]
INFO: [ view_filter ] --END-- [ RunTime:0.001000s ]
INFO: [ app_end ] --START--
INFO: Run Behavior\ShowPageTraceBehavior [ RunTime:0.002000s ]
INFO: [ app_end ] --END-- [ RunTime:0.003000s ]

[ 2017-04-12T12:01:00+08:00 ] 127.0.0.1 /user/handler/common_ajax.aspx?action=get_lgoin_str
INFO: [ app_init ] --START--
INFO: Run Behavior\BuildLiteBehavior [ RunTime:0.000000s ]
INFO: [ app_init ] --END-- [ RunTime:0.002000s ]
INFO: [ app_begin ] --START--
INFO: Run Behavior\ReadHtmlCacheBehavior [ RunTime:0.002000s ]
INFO: [ app_begin ] --END-- [ RunTime:0.003000s ]
ERR: 无法加载控制器:Handler

[ 2017-04-12T12:01:00+08:00 ] 127.0.0.1 /user/handler/common_ajax.aspx?action=get_user_cart_count
INFO: [ app_init ] --START--
INFO: Run Behavior\BuildLiteBehavior [ RunTime:0.000000s ]
INFO: [ app_init ] --END-- [ RunTime:0.004001s ]
INFO: [ app_begin ] --START--
INFO: Run Behavior\ReadHtmlCacheBehavior [ RunTime:0.003000s ]
INFO: [ app_begin ] --END-- [ RunTime:0.004000s ]
ERR: 无法加载控制器:Handler

[ 2017-04-12T12:01:04+08:00 ] 127.0.0.1 /user/handler/common_ajax.aspx?action=get_user_cart_count
INFO: [ app_init ] --START--
INFO: Run Behavior\BuildLiteBehavior [ RunTime:0.021002s ]
INFO: [ app_init ] --END-- [ RunTime:0.027002s ]
INFO: [ app_begin ] --START--
INFO: Run Behavior\ReadHtmlCacheBehavior [ RunTime:0.002000s ]
INFO: [ app_begin ] --END-- [ RunTime:0.004001s ]
ERR: 无法加载控制器:Handler

[ 2017-04-12T12:01:04+08:00 ] 127.0.0.1 /user/handler/common_ajax.aspx?action=get_lgoin_str
INFO: [ app_init ] --START--
INFO: Run Behavior\BuildLiteBehavior [ RunTime:0.000000s ]
INFO: [ app_init ] --END-- [ RunTime:0.036002s ]
INFO: [ app_begin ] --START--
INFO: Run Behavior\ReadHtmlCacheBehavior [ RunTime:0.002000s ]
INFO: [ app_begin ] --END-- [ RunTime:0.009001s ]
ERR: 无法加载控制器:Handler

[ 2017-04-12T12:03:44+08:00 ] 127.0.0.1 /user/
INFO: [ app_init ] --START--
INFO: Run Behavior\BuildLiteBehavior [ RunTime:0.000000s ]
INFO: [ app_init ] --END-- [ RunTime:0.001000s ]
INFO: [ app_begin ] --START--
INFO: Run Behavior\ReadHtmlCacheBehavior [ RunTime:0.001000s ]
INFO: [ app_begin ] --END-- [ RunTime:0.003000s ]
SQL: SHOW COLUMNS FROM `order` [ RunTime:0.0050s ]
SQL: SELECT COUNT(*) AS tp_count FROM `order` WHERE `uid` = 42 AND `delete` = 0 LIMIT 1   [ RunTime:0.0010s ]
SQL: SELECT * FROM `order` WHERE `uid` = 42 AND `delete` = 0 ORDER BY create_time LIMIT 0,2   [ RunTime:0.0010s ]
SQL: SHOW COLUMNS FROM `order_detail` [ RunTime:0.0050s ]
SQL: SELECT * FROM `order_detail` WHERE `order_sn` = '14917299176512'  [ RunTime:0.0010s ]
SQL: SELECT * FROM `order_detail` WHERE `order_sn` = '14917299403145'  [ RunTime:0.0000s ]
SQL: SELECT COUNT(*) AS tp_count FROM `order` WHERE `uid` = 42 AND `delete` = 0 LIMIT 1   [ RunTime:0.0010s ]
SQL: SELECT COUNT(*) AS tp_count FROM `order` WHERE `uid` = 42 AND `delete` = 0 AND `status` = 1 LIMIT 1   [ RunTime:0.0010s ]
SQL: SELECT COUNT(*) AS tp_count FROM `order` WHERE `uid` = 42 AND `delete` = 0 AND `status` = 3 LIMIT 1   [ RunTime:0.0000s ]
SQL: SELECT COUNT(*) AS tp_count FROM `order` WHERE `uid` = 42 AND `delete` = 0 AND `status` = 4 LIMIT 1   [ RunTime:0.0000s ]
INFO: [ view_parse ] --START--
INFO: [ template_filter ] --START--
INFO: Run Behavior\ContentReplaceBehavior [ RunTime:0.001000s ]
INFO: [ template_filter ] --END-- [ RunTime:0.001000s ]
INFO: Run Behavior\ParseTemplateBehavior [ RunTime:0.069004s ]
INFO: [ view_parse ] --END-- [ RunTime:0.069004s ]
INFO: [ view_filter ] --START--
INFO: Run Behavior\WriteHtmlCacheBehavior [ RunTime:0.001000s ]
INFO: [ view_filter ] --END-- [ RunTime:0.002000s ]
INFO: [ app_end ] --START--
INFO: Run Behavior\ShowPageTraceBehavior [ RunTime:0.001000s ]
INFO: [ app_end ] --END-- [ RunTime:0.003000s ]

[ 2017-04-12T12:03:45+08:00 ] 127.0.0.1 /user/handler/common_ajax.aspx?action=get_user_cart_count
INFO: [ app_init ] --START--
INFO: Run Behavior\BuildLiteBehavior [ RunTime:0.000000s ]
INFO: [ app_init ] --END-- [ RunTime:0.002000s ]
INFO: [ app_begin ] --START--
INFO: Run Behavior\ReadHtmlCacheBehavior [ RunTime:0.002000s ]
INFO: [ app_begin ] --END-- [ RunTime:0.003000s ]
ERR: 无法加载控制器:Handler

[ 2017-04-12T12:03:45+08:00 ] 127.0.0.1 /user/handler/common_ajax.aspx?action=get_lgoin_str
INFO: [ app_init ] --START--
INFO: Run Behavior\BuildLiteBehavior [ RunTime:0.000000s ]
INFO: [ app_init ] --END-- [ RunTime:0.002000s ]
INFO: [ app_begin ] --START--
INFO: Run Behavior\ReadHtmlCacheBehavior [ RunTime:0.003000s ]
INFO: [ app_begin ] --END-- [ RunTime:0.003000s ]
ERR: 无法加载控制器:Handler

[ 2017-04-12T12:06:28+08:00 ] 127.0.0.1 /user/
INFO: [ app_init ] --START--
INFO: Run Behavior\BuildLiteBehavior [ RunTime:0.000000s ]
INFO: [ app_init ] --END-- [ RunTime:0.001000s ]
INFO: [ app_begin ] --START--
INFO: Run Behavior\ReadHtmlCacheBehavior [ RunTime:0.002000s ]
INFO: [ app_begin ] --END-- [ RunTime:0.003000s ]
SQL: SHOW COLUMNS FROM `order` [ RunTime:0.0070s ]
SQL: SELECT COUNT(*) AS tp_count FROM `order` WHERE `uid` = 42 AND `delete` = 0 LIMIT 1   [ RunTime:0.0010s ]
SQL: SELECT * FROM `order` WHERE `uid` = 42 AND `delete` = 0 ORDER BY create_time LIMIT 0,2   [ RunTime:0.0010s ]
SQL: SHOW COLUMNS FROM `order_detail` [ RunTime:0.0060s ]
SQL: SELECT * FROM `order_detail` WHERE `order_sn` = '14917299176512'  [ RunTime:0.0010s ]
SQL: SELECT * FROM `order_detail` WHERE `order_sn` = '14917299403145'  [ RunTime:0.0000s ]
SQL: SELECT COUNT(*) AS tp_count FROM `order` WHERE `uid` = 42 AND `delete` = 0 LIMIT 1   [ RunTime:0.0000s ]
SQL: SELECT COUNT(*) AS tp_count FROM `order` WHERE `uid` = 42 AND `delete` = 0 AND `status` = 1 LIMIT 1   [ RunTime:0.0000s ]
SQL: SELECT COUNT(*) AS tp_count FROM `order` WHERE `uid` = 42 AND `delete` = 0 AND `status` = 3 LIMIT 1   [ RunTime:0.0000s ]
SQL: SELECT COUNT(*) AS tp_count FROM `order` WHERE `uid` = 42 AND `delete` = 0 AND `status` = 4 LIMIT 1   [ RunTime:0.0000s ]
INFO: [ view_parse ] --START--
INFO: [ template_filter ] --START--
INFO: Run Behavior\ContentReplaceBehavior [ RunTime:0.001000s ]
INFO: [ template_filter ] --END-- [ RunTime:0.001000s ]
INFO: Run Behavior\ParseTemplateBehavior [ RunTime:0.068004s ]
INFO: [ view_parse ] --END-- [ RunTime:0.069004s ]
INFO: [ view_filter ] --START--
INFO: Run Behavior\WriteHtmlCacheBehavior [ RunTime:0.001000s ]
INFO: [ view_filter ] --END-- [ RunTime:0.002000s ]
INFO: [ app_end ] --START--
INFO: Run Behavior\ShowPageTraceBehavior [ RunTime:0.002000s ]
INFO: [ app_end ] --END-- [ RunTime:0.002000s ]

[ 2017-04-12T12:06:29+08:00 ] 127.0.0.1 /user/handler/common_ajax.aspx?action=get_user_cart_count
INFO: [ app_init ] --START--
INFO: Run Behavior\BuildLiteBehavior [ RunTime:0.000000s ]
INFO: [ app_init ] --END-- [ RunTime:0.007000s ]
INFO: [ app_begin ] --START--
INFO: Run Behavior\ReadHtmlCacheBehavior [ RunTime:0.005000s ]
INFO: [ app_begin ] --END-- [ RunTime:0.013000s ]
ERR: 无法加载控制器:Handler

[ 2017-04-12T12:06:29+08:00 ] 127.0.0.1 /user/handler/common_ajax.aspx?action=get_lgoin_str
INFO: [ app_init ] --START--
INFO: Run Behavior\BuildLiteBehavior [ RunTime:0.001000s ]
INFO: [ app_init ] --END-- [ RunTime:0.004000s ]
INFO: [ app_begin ] --START--
INFO: Run Behavior\ReadHtmlCacheBehavior [ RunTime:0.002000s ]
INFO: [ app_begin ] --END-- [ RunTime:0.004000s ]
ERR: 无法加载控制器:Handler

[ 2017-04-12T12:12:17+08:00 ] 127.0.0.1 /user/
INFO: [ app_init ] --START--
INFO: Run Behavior\BuildLiteBehavior [ RunTime:0.000000s ]
INFO: [ app_init ] --END-- [ RunTime:0.002000s ]
INFO: [ app_begin ] --START--
INFO: Run Behavior\ReadHtmlCacheBehavior [ RunTime:0.002000s ]
INFO: [ app_begin ] --END-- [ RunTime:0.002000s ]
SQL: SHOW COLUMNS FROM `order` [ RunTime:0.0050s ]
SQL: SELECT COUNT(*) AS tp_count FROM `order` WHERE `uid` = 42 AND `delete` = 0 LIMIT 1   [ RunTime:0.0000s ]
SQL: SELECT * FROM `order` WHERE `uid` = 42 AND `delete` = 0 ORDER BY create_time LIMIT 0,2   [ RunTime:0.0010s ]
SQL: SHOW COLUMNS FROM `order_detail` [ RunTime:0.0050s ]
SQL: SELECT * FROM `order_detail` WHERE `order_sn` = '14917299176512'  [ RunTime:0.0010s ]
SQL: SELECT * FROM `order_detail` WHERE `order_sn` = '14917299403145'  [ RunTime:0.0000s ]
SQL: SELECT COUNT(*) AS tp_count FROM `order` WHERE `uid` = 42 AND `delete` = 0 LIMIT 1   [ RunTime:0.0010s ]
SQL: SELECT COUNT(*) AS tp_count FROM `order` WHERE `uid` = 42 AND `delete` = 0 AND `status` = 1 LIMIT 1   [ RunTime:0.0010s ]
SQL: SELECT COUNT(*) AS tp_count FROM `order` WHERE `uid` = 42 AND `delete` = 0 AND `status` = 3 LIMIT 1   [ RunTime:0.0010s ]
SQL: SELECT COUNT(*) AS tp_count FROM `order` WHERE `uid` = 42 AND `delete` = 0 AND `status` = 4 LIMIT 1   [ RunTime:0.0010s ]
INFO: [ view_parse ] --START--
INFO: [ template_filter ] --START--
INFO: Run Behavior\ContentReplaceBehavior [ RunTime:0.001000s ]
INFO: [ template_filter ] --END-- [ RunTime:0.001000s ]
INFO: Run Behavior\ParseTemplateBehavior [ RunTime:0.068004s ]
INFO: [ view_parse ] --END-- [ RunTime:0.068004s ]
INFO: [ view_filter ] --START--
INFO: Run Behavior\WriteHtmlCacheBehavior [ RunTime:0.002000s ]
INFO: [ view_filter ] --END-- [ RunTime:0.002000s ]
INFO: [ app_end ] --START--
INFO: Run Behavior\ShowPageTraceBehavior [ RunTime:0.002000s ]
INFO: [ app_end ] --END-- [ RunTime:0.003000s ]

[ 2017-04-12T12:12:18+08:00 ] 127.0.0.1 /user/handler/common_ajax.aspx?action=get_lgoin_str
INFO: [ app_init ] --START--
INFO: Run Behavior\BuildLiteBehavior [ RunTime:0.000000s ]
INFO: [ app_init ] --END-- [ RunTime:0.002001s ]
INFO: [ app_begin ] --START--
INFO: Run Behavior\ReadHtmlCacheBehavior [ RunTime:0.002000s ]
INFO: [ app_begin ] --END-- [ RunTime:0.003001s ]
ERR: 无法加载控制器:Handler

[ 2017-04-12T12:12:18+08:00 ] 127.0.0.1 /user/handler/common_ajax.aspx?action=get_user_cart_count
INFO: [ app_init ] --START--
INFO: Run Behavior\BuildLiteBehavior [ RunTime:0.000000s ]
INFO: [ app_init ] --END-- [ RunTime:0.002000s ]
INFO: [ app_begin ] --START--
INFO: Run Behavior\ReadHtmlCacheBehavior [ RunTime:0.006000s ]
INFO: [ app_begin ] --END-- [ RunTime:0.010000s ]
ERR: 无法加载控制器:Handler

[ 2017-04-12T12:13:18+08:00 ] 127.0.0.1 /User/Index/index/p/2
INFO: [ app_init ] --START--
INFO: Run Behavior\BuildLiteBehavior [ RunTime:0.000000s ]
INFO: [ app_init ] --END-- [ RunTime:0.001000s ]
INFO: [ app_begin ] --START--
INFO: Run Behavior\ReadHtmlCacheBehavior [ RunTime:0.001000s ]
INFO: [ app_begin ] --END-- [ RunTime:0.002000s ]
SQL: SHOW COLUMNS FROM `order` [ RunTime:0.0050s ]
SQL: SELECT COUNT(*) AS tp_count FROM `order` WHERE `uid` = 42 AND `delete` = 0 LIMIT 1   [ RunTime:0.0010s ]
SQL: SELECT * FROM `order` WHERE `uid` = 42 AND `delete` = 0 ORDER BY create_time LIMIT 2,2   [ RunTime:0.0010s ]
SQL: SHOW COLUMNS FROM `order_detail` [ RunTime:0.0040s ]
SQL: SELECT * FROM `order_detail` WHERE `order_sn` = '14917391207133'  [ RunTime:0.0000s ]
SQL: SELECT * FROM `order_detail` WHERE `order_sn` = '14917475343106'  [ RunTime:0.0010s ]
SQL: SELECT COUNT(*) AS tp_count FROM `order` WHERE `uid` = 42 AND `delete` = 0 LIMIT 1   [ RunTime:0.0010s ]
SQL: SELECT COUNT(*) AS tp_count FROM `order` WHERE `uid` = 42 AND `delete` = 0 AND `status` = 1 LIMIT 1   [ RunTime:0.0010s ]
SQL: SELECT COUNT(*) AS tp_count FROM `order` WHERE `uid` = 42 AND `delete` = 0 AND `status` = 3 LIMIT 1   [ RunTime:0.0000s ]
SQL: SELECT COUNT(*) AS tp_count FROM `order` WHERE `uid` = 42 AND `delete` = 0 AND `status` = 4 LIMIT 1   [ RunTime:0.0010s ]
INFO: [ view_parse ] --START--
INFO: [ template_filter ] --START--
INFO: Run Behavior\ContentReplaceBehavior [ RunTime:0.001000s ]
INFO: [ template_filter ] --END-- [ RunTime:0.001000s ]
INFO: Run Behavior\ParseTemplateBehavior [ RunTime:0.067004s ]
INFO: [ view_parse ] --END-- [ RunTime:0.068004s ]
INFO: [ view_filter ] --START--
INFO: Run Behavior\WriteHtmlCacheBehavior [ RunTime:0.001000s ]
INFO: [ view_filter ] --END-- [ RunTime:0.001000s ]
INFO: [ app_end ] --START--
INFO: Run Behavior\ShowPageTraceBehavior [ RunTime:0.002001s ]
INFO: [ app_end ] --END-- [ RunTime:0.002001s ]

[ 2017-04-12T12:13:19+08:00 ] 127.0.0.1 /User/Index/index/p/handler/common_ajax.aspx?action=get_lgoin_str
INFO: [ app_init ] --START--
INFO: Run Behavior\BuildLiteBehavior [ RunTime:0.000000s ]
INFO: [ app_init ] --END-- [ RunTime:0.005000s ]
INFO: [ app_begin ] --START--
INFO: Run Behavior\ReadHtmlCacheBehavior [ RunTime:0.002000s ]
INFO: [ app_begin ] --END-- [ RunTime:0.003001s ]
SQL: SHOW COLUMNS FROM `order` [ RunTime:0.0050s ]
SQL: SELECT COUNT(*) AS tp_count FROM `order` WHERE `uid` = 42 AND `delete` = 0 LIMIT 1   [ RunTime:0.0010s ]
SQL: SELECT * FROM `order` WHERE `uid` = 42 AND `delete` = 0 ORDER BY create_time LIMIT 0,2   [ RunTime:0.0010s ]
SQL: SHOW COLUMNS FROM `order_detail` [ RunTime:0.0050s ]
SQL: SELECT * FROM `order_detail` WHERE `order_sn` = '14917299176512'  [ RunTime:0.0010s ]
SQL: SELECT * FROM `order_detail` WHERE `order_sn` = '14917299403145'  [ RunTime:0.0010s ]
SQL: SELECT COUNT(*) AS tp_count FROM `order` WHERE `uid` = 42 AND `delete` = 0 LIMIT 1   [ RunTime:0.0010s ]
SQL: SELECT COUNT(*) AS tp_count FROM `order` WHERE `uid` = 42 AND `delete` = 0 AND `status` = 1 LIMIT 1   [ RunTime:0.0000s ]
SQL: SELECT COUNT(*) AS tp_count FROM `order` WHERE `uid` = 42 AND `delete` = 0 AND `status` = 3 LIMIT 1   [ RunTime:0.0010s ]
SQL: SELECT COUNT(*) AS tp_count FROM `order` WHERE `uid` = 42 AND `delete` = 0 AND `status` = 4 LIMIT 1   [ RunTime:0.0010s ]
INFO: [ view_parse ] --START--
INFO: [ template_filter ] --START--
INFO: Run Behavior\ContentReplaceBehavior [ RunTime:0.000000s ]
INFO: [ template_filter ] --END-- [ RunTime:0.000000s ]
INFO: Run Behavior\ParseTemplateBehavior [ RunTime:0.046003s ]
INFO: [ view_parse ] --END-- [ RunTime:0.047003s ]
INFO: [ view_filter ] --START--
INFO: Run Behavior\WriteHtmlCacheBehavior [ RunTime:0.001000s ]
INFO: [ view_filter ] --END-- [ RunTime:0.001000s ]
INFO: [ app_end ] --START--
INFO: Run Behavior\ShowPageTraceBehavior [ RunTime:0.001000s ]
INFO: [ app_end ] --END-- [ RunTime:0.002000s ]

[ 2017-04-12T12:13:19+08:00 ] 127.0.0.1 /User/Index/index/p/handler/common_ajax.aspx?action=get_user_cart_count
INFO: [ app_init ] --START--
INFO: Run Behavior\BuildLiteBehavior [ RunTime:0.001000s ]
INFO: [ app_init ] --END-- [ RunTime:0.002000s ]
INFO: [ app_begin ] --START--
INFO: Run Behavior\ReadHtmlCacheBehavior [ RunTime:0.002000s ]
INFO: [ app_begin ] --END-- [ RunTime:0.002000s ]
SQL: SHOW COLUMNS FROM `order` [ RunTime:0.0030s ]
SQL: SELECT COUNT(*) AS tp_count FROM `order` WHERE `uid` = 42 AND `delete` = 0 LIMIT 1   [ RunTime:0.0000s ]
SQL: SELECT * FROM `order` WHERE `uid` = 42 AND `delete` = 0 ORDER BY create_time LIMIT 0,2   [ RunTime:0.0000s ]
SQL: SHOW COLUMNS FROM `order_detail` [ RunTime:0.0030s ]
SQL: SELECT * FROM `order_detail` WHERE `order_sn` = '14917299176512'  [ RunTime:0.0010s ]
SQL: SELECT * FROM `order_detail` WHERE `order_sn` = '14917299403145'  [ RunTime:0.0010s ]
SQL: SELECT COUNT(*) AS tp_count FROM `order` WHERE `uid` = 42 AND `delete` = 0 LIMIT 1   [ RunTime:0.0000s ]
SQL: SELECT COUNT(*) AS tp_count FROM `order` WHERE `uid` = 42 AND `delete` = 0 AND `status` = 1 LIMIT 1   [ RunTime:0.0010s ]
SQL: SELECT COUNT(*) AS tp_count FROM `order` WHERE `uid` = 42 AND `delete` = 0 AND `status` = 3 LIMIT 1   [ RunTime:0.0010s ]
SQL: SELECT COUNT(*) AS tp_count FROM `order` WHERE `uid` = 42 AND `delete` = 0 AND `status` = 4 LIMIT 1   [ RunTime:0.0010s ]
INFO: [ view_parse ] --START--
INFO: [ template_filter ] --START--
INFO: Run Behavior\ContentReplaceBehavior [ RunTime:0.000000s ]
INFO: [ template_filter ] --END-- [ RunTime:0.000000s ]
INFO: Run Behavior\ParseTemplateBehavior [ RunTime:0.041003s ]
INFO: [ view_parse ] --END-- [ RunTime:0.041003s ]
INFO: [ view_filter ] --START--
INFO: Run Behavior\WriteHtmlCacheBehavior [ RunTime:0.000000s ]
INFO: [ view_filter ] --END-- [ RunTime:0.000000s ]
INFO: [ app_end ] --START--
INFO: Run Behavior\ShowPageTraceBehavior [ RunTime:0.001000s ]
INFO: [ app_end ] --END-- [ RunTime:0.002000s ]

[ 2017-04-12T12:13:21+08:00 ] 127.0.0.1 /user?statusid=1
INFO: [ app_init ] --START--
INFO: Run Behavior\BuildLiteBehavior [ RunTime:0.001000s ]
INFO: [ app_init ] --END-- [ RunTime:0.002000s ]
INFO: [ app_begin ] --START--
INFO: Run Behavior\ReadHtmlCacheBehavior [ RunTime:0.001000s ]
INFO: [ app_begin ] --END-- [ RunTime:0.002000s ]
SQL: SHOW COLUMNS FROM `order` [ RunTime:0.0050s ]
SQL: SELECT COUNT(*) AS tp_count FROM `order` WHERE `uid` = 42 AND `delete` = 0 AND `status` = 1 LIMIT 1   [ RunTime:0.0010s ]
SQL: SELECT * FROM `order` WHERE `uid` = 42 AND `delete` = 0 AND `status` = 1 ORDER BY create_time LIMIT 0,2   [ RunTime:0.0010s ]
SQL: SHOW COLUMNS FROM `order_detail` [ RunTime:0.0080s ]
SQL: SELECT * FROM `order_detail` WHERE `order_sn` = '14917299176512'  [ RunTime:0.0010s ]
SQL: SELECT COUNT(*) AS tp_count FROM `order` WHERE `uid` = 42 AND `delete` = 0 LIMIT 1   [ RunTime:0.0010s ]
SQL: SELECT COUNT(*) AS tp_count FROM `order` WHERE `uid` = 42 AND `delete` = 0 AND `status` = 1 LIMIT 1   [ RunTime:0.0010s ]
SQL: SELECT COUNT(*) AS tp_count FROM `order` WHERE `uid` = 42 AND `delete` = 0 AND `status` = 3 LIMIT 1   [ RunTime:0.0010s ]
SQL: SELECT COUNT(*) AS tp_count FROM `order` WHERE `uid` = 42 AND `delete` = 0 AND `status` = 4 LIMIT 1   [ RunTime:0.0010s ]
INFO: [ view_parse ] --START--
INFO: [ template_filter ] --START--
INFO: Run Behavior\ContentReplaceBehavior [ RunTime:0.001000s ]
INFO: [ template_filter ] --END-- [ RunTime:0.001000s ]
INFO: Run Behavior\ParseTemplateBehavior [ RunTime:0.104006s ]
INFO: [ view_parse ] --END-- [ RunTime:0.106006s ]
INFO: [ view_filter ] --START--
INFO: Run Behavior\WriteHtmlCacheBehavior [ RunTime:0.001000s ]
INFO: [ view_filter ] --END-- [ RunTime:0.002000s ]
INFO: [ app_end ] --START--
INFO: Run Behavior\ShowPageTraceBehavior [ RunTime:0.003001s ]
INFO: [ app_end ] --END-- [ RunTime:0.003001s ]

[ 2017-04-12T12:13:23+08:00 ] 127.0.0.1 /user?statusid=3
INFO: [ app_init ] --START--
INFO: Run Behavior\BuildLiteBehavior [ RunTime:0.000000s ]
INFO: [ app_init ] --END-- [ RunTime:0.001000s ]
INFO: [ app_begin ] --START--
INFO: Run Behavior\ReadHtmlCacheBehavior [ RunTime:0.001000s ]
INFO: [ app_begin ] --END-- [ RunTime:0.002000s ]
SQL: SHOW COLUMNS FROM `order` [ RunTime:0.0050s ]
SQL: SELECT COUNT(*) AS tp_count FROM `order` WHERE `uid` = 42 AND `delete` = 0 AND `status` = 3 LIMIT 1   [ RunTime:0.0010s ]
SQL: SELECT * FROM `order` WHERE `uid` = 42 AND `delete` = 0 AND `status` = 3 ORDER BY create_time LIMIT 0,2   [ RunTime:0.0010s ]
SQL: SHOW COLUMNS FROM `order_detail` [ RunTime:0.0050s ]
SQL: SELECT * FROM `order_detail` WHERE `order_sn` = '14917299403145'  [ RunTime:0.0010s ]
SQL: SELECT COUNT(*) AS tp_count FROM `order` WHERE `uid` = 42 AND `delete` = 0 LIMIT 1   [ RunTime:0.0010s ]
SQL: SELECT COUNT(*) AS tp_count FROM `order` WHERE `uid` = 42 AND `delete` = 0 AND `status` = 1 LIMIT 1   [ RunTime:0.0010s ]
SQL: SELECT COUNT(*) AS tp_count FROM `order` WHERE `uid` = 42 AND `delete` = 0 AND `status` = 3 LIMIT 1   [ RunTime:0.0000s ]
SQL: SELECT COUNT(*) AS tp_count FROM `order` WHERE `uid` = 42 AND `delete` = 0 AND `status` = 4 LIMIT 1   [ RunTime:0.0010s ]
INFO: [ view_parse ] --START--
INFO: [ template_filter ] --START--
INFO: Run Behavior\ContentReplaceBehavior [ RunTime:0.000000s ]
INFO: [ template_filter ] --END-- [ RunTime:0.002000s ]
INFO: Run Behavior\ParseTemplateBehavior [ RunTime:0.072004s ]
INFO: [ view_parse ] --END-- [ RunTime:0.073004s ]
INFO: [ view_filter ] --START--
INFO: Run Behavior\WriteHtmlCacheBehavior [ RunTime:0.001000s ]
INFO: [ view_filter ] --END-- [ RunTime:0.002000s ]
INFO: [ app_end ] --START--
INFO: Run Behavior\ShowPageTraceBehavior [ RunTime:0.002000s ]
INFO: [ app_end ] --END-- [ RunTime:0.003000s ]

[ 2017-04-12T12:13:25+08:00 ] 127.0.0.1 /user/index/address
INFO: [ app_init ] --START--
INFO: Run Behavior\BuildLiteBehavior [ RunTime:0.000000s ]
INFO: [ app_init ] --END-- [ RunTime:0.001000s ]
INFO: [ app_begin ] --START--
INFO: Run Behavior\ReadHtmlCacheBehavior [ RunTime:0.002000s ]
INFO: [ app_begin ] --END-- [ RunTime:0.002000s ]
SQL: SHOW COLUMNS FROM `user_address` [ RunTime:0.0060s ]
SQL: SELECT * FROM `user_address` WHERE `uid` = 42  [ RunTime:0.0010s ]
SQL: SHOW COLUMNS FROM `provinces` [ RunTime:0.0050s ]
SQL: SELECT * FROM `provinces` WHERE `provinceid` = '440000' LIMIT 1   [ RunTime:0.0010s ]
SQL: SHOW COLUMNS FROM `cities` [ RunTime:0.0040s ]
SQL: SELECT * FROM `cities` WHERE `cityid` = '440300' LIMIT 1   [ RunTime:0.0010s ]
SQL: SHOW COLUMNS FROM `areas` [ RunTime:0.0060s ]
SQL: SELECT * FROM `areas` WHERE `areaid` = '440306' LIMIT 1   [ RunTime:0.0030s ]
INFO: [ view_parse ] --START--
INFO: [ template_filter ] --START--
INFO: Run Behavior\ContentReplaceBehavior [ RunTime:0.000000s ]
INFO: [ template_filter ] --END-- [ RunTime:0.001000s ]
INFO: Run Behavior\ParseTemplateBehavior [ RunTime:0.045003s ]
INFO: [ view_parse ] --END-- [ RunTime:0.046003s ]
INFO: [ view_filter ] --START--
INFO: Run Behavior\WriteHtmlCacheBehavior [ RunTime:0.001000s ]
INFO: [ view_filter ] --END-- [ RunTime:0.002000s ]
INFO: [ app_end ] --START--
INFO: Run Behavior\ShowPageTraceBehavior [ RunTime:0.002000s ]
INFO: [ app_end ] --END-- [ RunTime:0.002000s ]

[ 2017-04-12T12:13:26+08:00 ] 127.0.0.1 /user/index/handler/common_ajax.aspx?action=get_user_cart_count
INFO: [ app_init ] --START--
INFO: Run Behavior\BuildLiteBehavior [ RunTime:0.000000s ]
INFO: [ app_init ] --END-- [ RunTime:0.002000s ]
INFO: [ app_begin ] --START--
INFO: Run Behavior\ReadHtmlCacheBehavior [ RunTime:0.002000s ]
INFO: [ app_begin ] --END-- [ RunTime:0.003000s ]
ERR: 非法操作:handler

[ 2017-04-12T12:13:26+08:00 ] 127.0.0.1 /user/index/handler/common_ajax.aspx?action=get_lgoin_str
INFO: [ app_init ] --START--
INFO: Run Behavior\BuildLiteBehavior [ RunTime:0.000000s ]
INFO: [ app_init ] --END-- [ RunTime:0.003000s ]
INFO: [ app_begin ] --START--
INFO: Run Behavior\ReadHtmlCacheBehavior [ RunTime:0.002001s ]
INFO: [ app_begin ] --END-- [ RunTime:0.002001s ]
ERR: 非法操作:handler

[ 2017-04-12T12:13:28+08:00 ] 127.0.0.1 /user/index/address_edit.aspx
INFO: [ app_init ] --START--
INFO: Run Behavior\BuildLiteBehavior [ RunTime:0.000000s ]
INFO: [ app_init ] --END-- [ RunTime:0.001000s ]
INFO: [ app_begin ] --START--
INFO: Run Behavior\ReadHtmlCacheBehavior [ RunTime:0.001000s ]
INFO: [ app_begin ] --END-- [ RunTime:0.003000s ]
SQL: SHOW COLUMNS FROM `provinces` [ RunTime:0.0050s ]
SQL: SELECT * FROM `provinces`  [ RunTime:0.0010s ]
INFO: [ view_parse ] --START--
INFO: [ template_filter ] --START--
INFO: Run Behavior\ContentReplaceBehavior [ RunTime:0.001000s ]
INFO: [ template_filter ] --END-- [ RunTime:0.001000s ]
NOTIC: [8] Undefined variable: xg D:\wamp\www\lushantc\Application\Runtime\Cache\User\736014e25bc0b386b2387cb7ffaa2391.php 第 286 行.
NOTIC: [8] Undefined variable: xg D:\wamp\www\lushantc\Application\Runtime\Cache\User\736014e25bc0b386b2387cb7ffaa2391.php 第 286 行.
NOTIC: [8] Undefined variable: xg D:\wamp\www\lushantc\Application\Runtime\Cache\User\736014e25bc0b386b2387cb7ffaa2391.php 第 286 行.
NOTIC: [8] Undefined variable: xg D:\wamp\www\lushantc\Application\Runtime\Cache\User\736014e25bc0b386b2387cb7ffaa2391.php 第 286 行.
NOTIC: [8] Undefined variable: xg D:\wamp\www\lushantc\Application\Runtime\Cache\User\736014e25bc0b386b2387cb7ffaa2391.php 第 286 行.
NOTIC: [8] Undefined variable: xg D:\wamp\www\lushantc\Application\Runtime\Cache\User\736014e25bc0b386b2387cb7ffaa2391.php 第 286 行.
NOTIC: [8] Undefined variable: xg D:\wamp\www\lushantc\Application\Runtime\Cache\User\736014e25bc0b386b2387cb7ffaa2391.php 第 286 行.
NOTIC: [8] Undefined variable: xg D:\wamp\www\lushantc\Application\Runtime\Cache\User\736014e25bc0b386b2387cb7ffaa2391.php 第 286 行.
NOTIC: [8] Undefined variable: xg D:\wamp\www\lushantc\Application\Runtime\Cache\User\736014e25bc0b386b2387cb7ffaa2391.php 第 286 行.
NOTIC: [8] Undefined variable: xg D:\wamp\www\lushantc\Application\Runtime\Cache\User\736014e25bc0b386b2387cb7ffaa2391.php 第 286 行.
NOTIC: [8] Undefined variable: xg D:\wamp\www\lushantc\Application\Runtime\Cache\User\736014e25bc0b386b2387cb7ffaa2391.php 第 286 行.
NOTIC: [8] Undefined variable: xg D:\wamp\www\lushantc\Application\Runtime\Cache\User\736014e25bc0b386b2387cb7ffaa2391.php 第 286 行.
NOTIC: [8] Undefined variable: xg D:\wamp\www\lushantc\Application\Runtime\Cache\User\736014e25bc0b386b2387cb7ffaa2391.php 第 286 行.
NOTIC: [8] Undefined variable: xg D:\wamp\www\lushantc\Application\Runtime\Cache\User\736014e25bc0b386b2387cb7ffaa2391.php 第 286 行.
NOTIC: [8] Undefined variable: xg D:\wamp\www\lushantc\Application\Runtime\Cache\User\736014e25bc0b386b2387cb7ffaa2391.php 第 286 行.
NOTIC: [8] Undefined variable: xg D:\wamp\www\lushantc\Application\Runtime\Cache\User\736014e25bc0b386b2387cb7ffaa2391.php 第 286 行.
NOTIC: [8] Undefined variable: xg D:\wamp\www\lushantc\Application\Runtime\Cache\User\736014e25bc0b386b2387cb7ffaa2391.php 第 286 行.
NOTIC: [8] Undefined variable: xg D:\wamp\www\lushantc\Application\Runtime\Cache\User\736014e25bc0b386b2387cb7ffaa2391.php 第 286 行.
NOTIC: [8] Undefined variable: xg D:\wamp\www\lushantc\Application\Runtime\Cache\User\736014e25bc0b386b2387cb7ffaa2391.php 第 286 行.
NOTIC: [8] Undefined variable: xg D:\wamp\www\lushantc\Application\Runtime\Cache\User\736014e25bc0b386b2387cb7ffaa2391.php 第 286 行.
NOTIC: [8] Undefined variable: xg D:\wamp\www\lushantc\Application\Runtime\Cache\User\736014e25bc0b386b2387cb7ffaa2391.php 第 286 行.
NOTIC: [8] Undefined variable: xg D:\wamp\www\lushantc\Application\Runtime\Cache\User\736014e25bc0b386b2387cb7ffaa2391.php 第 286 行.
NOTIC: [8] Undefined variable: xg D:\wamp\www\lushantc\Application\Runtime\Cache\User\736014e25bc0b386b2387cb7ffaa2391.php 第 286 行.
NOTIC: [8] Undefined variable: xg D:\wamp\www\lushantc\Application\Runtime\Cache\User\736014e25bc0b386b2387cb7ffaa2391.php 第 286 行.
NOTIC: [8] Undefined variable: xg D:\wamp\www\lushantc\Application\Runtime\Cache\User\736014e25bc0b386b2387cb7ffaa2391.php 第 286 行.
NOTIC: [8] Undefined variable: xg D:\wamp\www\lushantc\Application\Runtime\Cache\User\736014e25bc0b386b2387cb7ffaa2391.php 第 286 行.
NOTIC: [8] Undefined variable: xg D:\wamp\www\lushantc\Application\Runtime\Cache\User\736014e25bc0b386b2387cb7ffaa2391.php 第 286 行.
NOTIC: [8] Undefined variable: xg D:\wamp\www\lushantc\Application\Runtime\Cache\User\736014e25bc0b386b2387cb7ffaa2391.php 第 286 行.
NOTIC: [8] Undefined variable: xg D:\wamp\www\lushantc\Application\Runtime\Cache\User\736014e25bc0b386b2387cb7ffaa2391.php 第 286 行.
NOTIC: [8] Undefined variable: xg D:\wamp\www\lushantc\Application\Runtime\Cache\User\736014e25bc0b386b2387cb7ffaa2391.php 第 286 行.
NOTIC: [8] Undefined variable: xg D:\wamp\www\lushantc\Application\Runtime\Cache\User\736014e25bc0b386b2387cb7ffaa2391.php 第 286 行.
NOTIC: [8] Undefined variable: xg D:\wamp\www\lushantc\Application\Runtime\Cache\User\736014e25bc0b386b2387cb7ffaa2391.php 第 286 行.
NOTIC: [8] Undefined variable: xg D:\wamp\www\lushantc\Application\Runtime\Cache\User\736014e25bc0b386b2387cb7ffaa2391.php 第 286 行.
NOTIC: [8] Undefined variable: xg D:\wamp\www\lushantc\Application\Runtime\Cache\User\736014e25bc0b386b2387cb7ffaa2391.php 第 286 行.
NOTIC: [8] Undefined variable: shi D:\wamp\www\lushantc\Application\Runtime\Cache\User\736014e25bc0b386b2387cb7ffaa2391.php 第 291 行.
NOTIC: [8] Undefined variable: qu D:\wamp\www\lushantc\Application\Runtime\Cache\User\736014e25bc0b386b2387cb7ffaa2391.php 第 296 行.
NOTIC: [8] Undefined variable: xg D:\wamp\www\lushantc\Application\Runtime\Cache\User\736014e25bc0b386b2387cb7ffaa2391.php 第 305 行.
NOTIC: [8] Undefined variable: xg D:\wamp\www\lushantc\Application\Runtime\Cache\User\736014e25bc0b386b2387cb7ffaa2391.php 第 309 行.
NOTIC: [8] Undefined variable: xg D:\wamp\www\lushantc\Application\Runtime\Cache\User\736014e25bc0b386b2387cb7ffaa2391.php 第 313 行.
NOTIC: [8] Undefined variable: xg D:\wamp\www\lushantc\Application\Runtime\Cache\User\736014e25bc0b386b2387cb7ffaa2391.php 第 317 行.
NOTIC: [8] Undefined variable: xg D:\wamp\www\lushantc\Application\Runtime\Cache\User\736014e25bc0b386b2387cb7ffaa2391.php 第 321 行.
INFO: Run Behavior\ParseTemplateBehavior [ RunTime:0.069004s ]
INFO: [ view_parse ] --END-- [ RunTime:0.070004s ]
INFO: [ view_filter ] --START--
INFO: Run Behavior\WriteHtmlCacheBehavior [ RunTime:0.001000s ]
INFO: [ view_filter ] --END-- [ RunTime:0.001000s ]
INFO: [ app_end ] --START--
INFO: Run Behavior\ShowPageTraceBehavior [ RunTime:0.001000s ]
INFO: [ app_end ] --END-- [ RunTime:0.003000s ]

[ 2017-04-12T12:13:29+08:00 ] 127.0.0.1 /user/index/handler/common_ajax.aspx?action=get_lgoin_str
INFO: [ app_init ] --START--
INFO: Run Behavior\BuildLiteBehavior [ RunTime:0.000000s ]
INFO: [ app_init ] --END-- [ RunTime:0.003001s ]
INFO: [ app_begin ] --START--
INFO: Run Behavior\ReadHtmlCacheBehavior [ RunTime:0.002000s ]
INFO: [ app_begin ] --END-- [ RunTime:0.004000s ]
ERR: 非法操作:handler

[ 2017-04-12T12:13:29+08:00 ] 127.0.0.1 /user/index/handler/common_ajax.aspx?action=get_user_cart_count
INFO: [ app_init ] --START--
INFO: Run Behavior\BuildLiteBehavior [ RunTime:0.001000s ]
INFO: [ app_init ] --END-- [ RunTime:0.003000s ]
INFO: [ app_begin ] --START--
INFO: Run Behavior\ReadHtmlCacheBehavior [ RunTime:0.002000s ]
INFO: [ app_begin ] --END-- [ RunTime:0.005000s ]
ERR: 非法操作:handler

[ 2017-04-12T12:13:32+08:00 ] 127.0.0.1 /user/index/address
INFO: [ app_init ] --START--
INFO: Run Behavior\BuildLiteBehavior [ RunTime:0.000000s ]
INFO: [ app_init ] --END-- [ RunTime:0.001000s ]
INFO: [ app_begin ] --START--
INFO: Run Behavior\ReadHtmlCacheBehavior [ RunTime:0.001000s ]
INFO: [ app_begin ] --END-- [ RunTime:0.001000s ]
SQL: SHOW COLUMNS FROM `user_address` [ RunTime:0.0060s ]
SQL: SELECT * FROM `user_address` WHERE `uid` = 42  [ RunTime:0.0010s ]
SQL: SHOW COLUMNS FROM `provinces` [ RunTime:0.0050s ]
SQL: SELECT * FROM `provinces` WHERE `provinceid` = '440000' LIMIT 1   [ RunTime:0.0000s ]
SQL: SHOW COLUMNS FROM `cities` [ RunTime:0.0050s ]
SQL: SELECT * FROM `cities` WHERE `cityid` = '440300' LIMIT 1   [ RunTime:0.0010s ]
SQL: SHOW COLUMNS FROM `areas` [ RunTime:0.0050s ]
SQL: SELECT * FROM `areas` WHERE `areaid` = '440306' LIMIT 1   [ RunTime:0.0030s ]
INFO: [ view_parse ] --START--
INFO: [ template_filter ] --START--
INFO: Run Behavior\ContentReplaceBehavior [ RunTime:0.001000s ]
INFO: [ template_filter ] --END-- [ RunTime:0.001000s ]
INFO: Run Behavior\ParseTemplateBehavior [ RunTime:0.042003s ]
INFO: [ view_parse ] --END-- [ RunTime:0.044003s ]
INFO: [ view_filter ] --START--
INFO: Run Behavior\WriteHtmlCacheBehavior [ RunTime:0.001000s ]
INFO: [ view_filter ] --END-- [ RunTime:0.001000s ]
INFO: [ app_end ] --START--
INFO: Run Behavior\ShowPageTraceBehavior [ RunTime:0.001000s ]
INFO: [ app_end ] --END-- [ RunTime:0.002000s ]

[ 2017-04-12T12:13:33+08:00 ] 127.0.0.1 /user/index/handler/common_ajax.aspx?action=get_lgoin_str
INFO: [ app_init ] --START--
INFO: Run Behavior\BuildLiteBehavior [ RunTime:0.000000s ]
INFO: [ app_init ] --END-- [ RunTime:0.002000s ]
INFO: [ app_begin ] --START--
INFO: Run Behavior\ReadHtmlCacheBehavior [ RunTime:0.001000s ]
INFO: [ app_begin ] --END-- [ RunTime:0.004001s ]
ERR: 非法操作:handler

[ 2017-04-12T12:13:33+08:00 ] 127.0.0.1 /user/index/handler/common_ajax.aspx?action=get_user_cart_count
INFO: [ app_init ] --START--
INFO: Run Behavior\BuildLiteBehavior [ RunTime:0.000000s ]
INFO: [ app_init ] --END-- [ RunTime:0.013000s ]
INFO: [ app_begin ] --START--
INFO: Run Behavior\ReadHtmlCacheBehavior [ RunTime:0.003000s ]
INFO: [ app_begin ] --END-- [ RunTime:0.004000s ]
ERR: 非法操作:handler

[ 2017-04-12T12:13:36+08:00 ] 127.0.0.1 /user/index/address
INFO: [ app_init ] --START--
INFO: Run Behavior\BuildLiteBehavior [ RunTime:0.000000s ]
INFO: [ app_init ] --END-- [ RunTime:0.002000s ]
INFO: [ app_begin ] --START--
INFO: Run Behavior\ReadHtmlCacheBehavior [ RunTime:0.002001s ]
INFO: [ app_begin ] --END-- [ RunTime:0.002001s ]
SQL: SHOW COLUMNS FROM `user_address` [ RunTime:0.0110s ]
SQL: SELECT * FROM `user_address` WHERE `uid` = 42  [ RunTime:0.0010s ]
SQL: SHOW COLUMNS FROM `provinces` [ RunTime:0.0050s ]
SQL: SELECT * FROM `provinces` WHERE `provinceid` = '440000' LIMIT 1   [ RunTime:0.0010s ]
SQL: SHOW COLUMNS FROM `cities` [ RunTime:0.0050s ]
SQL: SELECT * FROM `cities` WHERE `cityid` = '440300' LIMIT 1   [ RunTime:0.0010s ]
SQL: SHOW COLUMNS FROM `areas` [ RunTime:0.0040s ]
SQL: SELECT * FROM `areas` WHERE `areaid` = '440306' LIMIT 1   [ RunTime:0.0030s ]
INFO: [ view_parse ] --START--
INFO: [ template_filter ] --START--
INFO: Run Behavior\ContentReplaceBehavior [ RunTime:0.001000s ]
INFO: [ template_filter ] --END-- [ RunTime:0.001000s ]
INFO: Run Behavior\ParseTemplateBehavior [ RunTime:0.044003s ]
INFO: [ view_parse ] --END-- [ RunTime:0.045003s ]
INFO: [ view_filter ] --START--
INFO: Run Behavior\WriteHtmlCacheBehavior [ RunTime:0.000000s ]
INFO: [ view_filter ] --END-- [ RunTime:0.002000s ]
INFO: [ app_end ] --START--
INFO: Run Behavior\ShowPageTraceBehavior [ RunTime:0.001000s ]
INFO: [ app_end ] --END-- [ RunTime:0.002000s ]

[ 2017-04-12T12:13:37+08:00 ] 127.0.0.1 /user/index/handler/common_ajax.aspx?action=get_user_cart_count
INFO: [ app_init ] --START--
INFO: Run Behavior\BuildLiteBehavior [ RunTime:0.000000s ]
INFO: [ app_init ] --END-- [ RunTime:0.001000s ]
INFO: [ app_begin ] --START--
INFO: Run Behavior\ReadHtmlCacheBehavior [ RunTime:0.002000s ]
INFO: [ app_begin ] --END-- [ RunTime:0.003000s ]
ERR: 非法操作:handler

[ 2017-04-12T12:13:37+08:00 ] 127.0.0.1 /user/index/handler/common_ajax.aspx?action=get_lgoin_str
INFO: [ app_init ] --START--
INFO: Run Behavior\BuildLiteBehavior [ RunTime:0.008001s ]
INFO: [ app_init ] --END-- [ RunTime:0.015001s ]
INFO: [ app_begin ] --START--
INFO: Run Behavior\ReadHtmlCacheBehavior [ RunTime:0.001000s ]
INFO: [ app_begin ] --END-- [ RunTime:0.004000s ]
ERR: 非法操作:handler

[ 2017-04-12T12:14:29+08:00 ] 127.0.0.1 /user/index/address
INFO: [ app_init ] --START--
INFO: Run Behavior\BuildLiteBehavior [ RunTime:0.000000s ]
INFO: [ app_init ] --END-- [ RunTime:0.002000s ]
INFO: [ app_begin ] --START--
INFO: Run Behavior\ReadHtmlCacheBehavior [ RunTime:0.002000s ]
INFO: [ app_begin ] --END-- [ RunTime:0.003000s ]
SQL: SHOW COLUMNS FROM `user_address` [ RunTime:0.0040s ]
SQL: SELECT * FROM `user_address` WHERE `uid` = 42  [ RunTime:0.0020s ]
SQL: SHOW COLUMNS FROM `provinces` [ RunTime:0.0050s ]
SQL: SELECT * FROM `provinces` WHERE `provinceid` = '440000' LIMIT 1   [ RunTime:0.0010s ]
SQL: SHOW COLUMNS FROM `cities` [ RunTime:0.0050s ]
SQL: SELECT * FROM `cities` WHERE `cityid` = '440300' LIMIT 1   [ RunTime:0.0010s ]
SQL: SHOW COLUMNS FROM `areas` [ RunTime:0.0050s ]
SQL: SELECT * FROM `areas` WHERE `areaid` = '440306' LIMIT 1   [ RunTime:0.0020s ]
INFO: [ view_parse ] --START--
INFO: [ template_filter ] --START--
INFO: Run Behavior\ContentReplaceBehavior [ RunTime:0.001000s ]
INFO: [ template_filter ] --END-- [ RunTime:0.001000s ]
INFO: Run Behavior\ParseTemplateBehavior [ RunTime:0.042002s ]
INFO: [ view_parse ] --END-- [ RunTime:0.042002s ]
INFO: [ view_filter ] --START--
INFO: Run Behavior\WriteHtmlCacheBehavior [ RunTime:0.001000s ]
INFO: [ view_filter ] --END-- [ RunTime:0.002000s ]
INFO: [ app_end ] --START--
INFO: Run Behavior\ShowPageTraceBehavior [ RunTime:0.002000s ]
INFO: [ app_end ] --END-- [ RunTime:0.003000s ]

[ 2017-04-12T12:14:30+08:00 ] 127.0.0.1 /user/index/handler/common_ajax.aspx?action=get_lgoin_str
INFO: [ app_init ] --START--
INFO: Run Behavior\BuildLiteBehavior [ RunTime:0.000000s ]
INFO: [ app_init ] --END-- [ RunTime:0.003000s ]
INFO: [ app_begin ] --START--
INFO: Run Behavior\ReadHtmlCacheBehavior [ RunTime:0.003000s ]
INFO: [ app_begin ] --END-- [ RunTime:0.005000s ]
ERR: 非法操作:handler

[ 2017-04-12T12:14:30+08:00 ] 127.0.0.1 /user/index/handler/common_ajax.aspx?action=get_user_cart_count
INFO: [ app_init ] --START--
INFO: Run Behavior\BuildLiteBehavior [ RunTime:0.000000s ]
INFO: [ app_init ] --END-- [ RunTime:0.003000s ]
INFO: [ app_begin ] --START--
INFO: Run Behavior\ReadHtmlCacheBehavior [ RunTime:0.002000s ]
INFO: [ app_begin ] --END-- [ RunTime:0.003000s ]
ERR: 非法操作:handler

[ 2017-04-12T12:14:38+08:00 ] 127.0.0.1 /user/index/address
INFO: [ app_init ] --START--
INFO: Run Behavior\BuildLiteBehavior [ RunTime:0.000000s ]
INFO: [ app_init ] --END-- [ RunTime:0.002000s ]
INFO: [ app_begin ] --START--
INFO: Run Behavior\ReadHtmlCacheBehavior [ RunTime:0.001000s ]
INFO: [ app_begin ] --END-- [ RunTime:0.003000s ]
SQL: SHOW COLUMNS FROM `user_address` [ RunTime:0.0050s ]
SQL: SELECT * FROM `user_address` WHERE `uid` = 42  [ RunTime:0.0020s ]
SQL: SHOW COLUMNS FROM `provinces` [ RunTime:0.0050s ]
SQL: SELECT * FROM `provinces` WHERE `provinceid` = '440000' LIMIT 1   [ RunTime:0.0000s ]
SQL: SHOW COLUMNS FROM `cities` [ RunTime:0.0060s ]
SQL: SELECT * FROM `cities` WHERE `cityid` = '440300' LIMIT 1   [ RunTime:0.0010s ]
SQL: SHOW COLUMNS FROM `areas` [ RunTime:0.0050s ]
SQL: SELECT * FROM `areas` WHERE `areaid` = '440306' LIMIT 1   [ RunTime:0.0020s ]
INFO: [ view_parse ] --START--
INFO: [ template_filter ] --START--
INFO: Run Behavior\ContentReplaceBehavior [ RunTime:0.000000s ]
INFO: [ template_filter ] --END-- [ RunTime:0.001000s ]
INFO: Run Behavior\ParseTemplateBehavior [ RunTime:0.040002s ]
INFO: [ view_parse ] --END-- [ RunTime:0.042002s ]
INFO: [ view_filter ] --START--
INFO: Run Behavior\WriteHtmlCacheBehavior [ RunTime:0.001000s ]
INFO: [ view_filter ] --END-- [ RunTime:0.001000s ]
INFO: [ app_end ] --START--
INFO: Run Behavior\ShowPageTraceBehavior [ RunTime:0.002000s ]
INFO: [ app_end ] --END-- [ RunTime:0.003001s ]

[ 2017-04-12T12:14:39+08:00 ] 127.0.0.1 /user/index/handler/common_ajax.aspx?action=get_user_cart_count
INFO: [ app_init ] --START--
INFO: Run Behavior\BuildLiteBehavior [ RunTime:0.000000s ]
INFO: [ app_init ] --END-- [ RunTime:0.002000s ]
INFO: [ app_begin ] --START--
INFO: Run Behavior\ReadHtmlCacheBehavior [ RunTime:0.002000s ]
INFO: [ app_begin ] --END-- [ RunTime:0.003000s ]
ERR: 非法操作:handler

[ 2017-04-12T12:14:39+08:00 ] 127.0.0.1 /user/index/handler/common_ajax.aspx?action=get_lgoin_str
INFO: [ app_init ] --START--
INFO: Run Behavior\BuildLiteBehavior [ RunTime:0.000000s ]
INFO: [ app_init ] --END-- [ RunTime:0.007000s ]
INFO: [ app_begin ] --START--
INFO: Run Behavior\ReadHtmlCacheBehavior [ RunTime:0.002000s ]
INFO: [ app_begin ] --END-- [ RunTime:0.003000s ]
ERR: 非法操作:handler

[ 2017-04-12T12:14:45+08:00 ] 127.0.0.1 /user/index/address
INFO: [ app_init ] --START--
INFO: Run Behavior\BuildLiteBehavior [ RunTime:0.000000s ]
INFO: [ app_init ] --END-- [ RunTime:0.002000s ]
INFO: [ app_begin ] --START--
INFO: Run Behavior\ReadHtmlCacheBehavior [ RunTime:0.002000s ]
INFO: [ app_begin ] --END-- [ RunTime:0.002000s ]
SQL: SHOW COLUMNS FROM `user_address` [ RunTime:0.0060s ]
SQL: SELECT * FROM `user_address` WHERE `uid` = 42  [ RunTime:0.0010s ]
SQL: SHOW COLUMNS FROM `provinces` [ RunTime:0.0050s ]
SQL: SELECT * FROM `provinces` WHERE `provinceid` = '440000' LIMIT 1   [ RunTime:0.0000s ]
SQL: SHOW COLUMNS FROM `cities` [ RunTime:0.0050s ]
SQL: SELECT * FROM `cities` WHERE `cityid` = '440300' LIMIT 1   [ RunTime:0.0010s ]
SQL: SHOW COLUMNS FROM `areas` [ RunTime:0.0050s ]
SQL: SELECT * FROM `areas` WHERE `areaid` = '440306' LIMIT 1   [ RunTime:0.0020s ]
INFO: [ view_parse ] --START--
INFO: [ template_filter ] --START--
INFO: Run Behavior\ContentReplaceBehavior [ RunTime:0.000000s ]
INFO: [ template_filter ] --END-- [ RunTime:0.001001s ]
INFO: Run Behavior\ParseTemplateBehavior [ RunTime:0.046003s ]
INFO: [ view_parse ] --END-- [ RunTime:0.046003s ]
INFO: [ view_filter ] --START--
INFO: Run Behavior\WriteHtmlCacheBehavior [ RunTime:0.001000s ]
INFO: [ view_filter ] --END-- [ RunTime:0.001000s ]
INFO: [ app_end ] --START--
INFO: Run Behavior\ShowPageTraceBehavior [ RunTime:0.001000s ]
INFO: [ app_end ] --END-- [ RunTime:0.002000s ]

[ 2017-04-12T12:14:46+08:00 ] 127.0.0.1 /user/index/handler/common_ajax.aspx?action=get_lgoin_str
INFO: [ app_init ] --START--
INFO: Run Behavior\BuildLiteBehavior [ RunTime:0.000000s ]
INFO: [ app_init ] --END-- [ RunTime:0.002000s ]
INFO: [ app_begin ] --START--
INFO: Run Behavior\ReadHtmlCacheBehavior [ RunTime:0.002000s ]
INFO: [ app_begin ] --END-- [ RunTime:0.003001s ]
ERR: 非法操作:handler

[ 2017-04-12T12:14:46+08:00 ] 127.0.0.1 /user/index/handler/common_ajax.aspx?action=get_user_cart_count
INFO: [ app_init ] --START--
INFO: Run Behavior\BuildLiteBehavior [ RunTime:0.000000s ]
INFO: [ app_init ] --END-- [ RunTime:0.003000s ]
INFO: [ app_begin ] --START--
INFO: Run Behavior\ReadHtmlCacheBehavior [ RunTime:0.002000s ]
INFO: [ app_begin ] --END-- [ RunTime:0.003000s ]
ERR: 非法操作:handler

[ 2017-04-12T12:15:07+08:00 ] 127.0.0.1 /user/index/address
INFO: [ app_init ] --START--
INFO: Run Behavior\BuildLiteBehavior [ RunTime:0.000000s ]
INFO: [ app_init ] --END-- [ RunTime:0.002000s ]
INFO: [ app_begin ] --START--
INFO: Run Behavior\ReadHtmlCacheBehavior [ RunTime:0.001000s ]
INFO: [ app_begin ] --END-- [ RunTime:0.003000s ]
SQL: SHOW COLUMNS FROM `user_address` [ RunTime:0.0060s ]
SQL: SELECT * FROM `user_address` WHERE `uid` = 42  [ RunTime:0.0010s ]
SQL: SHOW COLUMNS FROM `provinces` [ RunTime:0.0050s ]
SQL: SELECT * FROM `provinces` WHERE `provinceid` = '440000' LIMIT 1   [ RunTime:0.0010s ]
SQL: SHOW COLUMNS FROM `cities` [ RunTime:0.0080s ]
SQL: SELECT * FROM `cities` WHERE `cityid` = '440300' LIMIT 1   [ RunTime:0.0010s ]
SQL: SHOW COLUMNS FROM `areas` [ RunTime:0.0080s ]
SQL: SELECT * FROM `areas` WHERE `areaid` = '440306' LIMIT 1   [ RunTime:0.0040s ]
INFO: [ view_parse ] --START--
INFO: [ template_filter ] --START--
INFO: Run Behavior\ContentReplaceBehavior [ RunTime:0.000000s ]
INFO: [ template_filter ] --END-- [ RunTime:0.001000s ]
INFO: Run Behavior\ParseTemplateBehavior [ RunTime:0.043002s ]
INFO: [ view_parse ] --END-- [ RunTime:0.043002s ]
INFO: [ view_filter ] --START--
INFO: Run Behavior\WriteHtmlCacheBehavior [ RunTime:0.001000s ]
INFO: [ view_filter ] --END-- [ RunTime:0.001000s ]
INFO: [ app_end ] --START--
INFO: Run Behavior\ShowPageTraceBehavior [ RunTime:0.001000s ]
INFO: [ app_end ] --END-- [ RunTime:0.003000s ]

[ 2017-04-12T12:15:07+08:00 ] 127.0.0.1 /user/index/handler/common_ajax.aspx?action=get_user_cart_count
INFO: [ app_init ] --START--
INFO: Run Behavior\BuildLiteBehavior [ RunTime:0.000000s ]
INFO: [ app_init ] --END-- [ RunTime:0.006000s ]
INFO: [ app_begin ] --START--
INFO: Run Behavior\ReadHtmlCacheBehavior [ RunTime:0.002000s ]
INFO: [ app_begin ] --END-- [ RunTime:0.003000s ]
ERR: 非法操作:handler

[ 2017-04-12T12:15:07+08:00 ] 127.0.0.1 /user/index/handler/common_ajax.aspx?action=get_lgoin_str
INFO: [ app_init ] --START--
INFO: Run Behavior\BuildLiteBehavior [ RunTime:0.003000s ]
INFO: [ app_init ] --END-- [ RunTime:0.009000s ]
INFO: [ app_begin ] --START--
INFO: Run Behavior\ReadHtmlCacheBehavior [ RunTime:0.006000s ]
INFO: [ app_begin ] --END-- [ RunTime:0.006000s ]
ERR: 非法操作:handler

[ 2017-04-12T12:15:20+08:00 ] 127.0.0.1 /user/index/address
INFO: [ app_init ] --START--
INFO: Run Behavior\BuildLiteBehavior [ RunTime:0.000000s ]
INFO: [ app_init ] --END-- [ RunTime:0.002000s ]
INFO: [ app_begin ] --START--
INFO: Run Behavior\ReadHtmlCacheBehavior [ RunTime:0.002000s ]
INFO: [ app_begin ] --END-- [ RunTime:0.002000s ]
SQL: SHOW COLUMNS FROM `user_address` [ RunTime:0.0050s ]
SQL: SELECT * FROM `user_address` WHERE `uid` = 42  [ RunTime:0.0010s ]
SQL: SHOW COLUMNS FROM `provinces` [ RunTime:0.0040s ]
SQL: SELECT * FROM `provinces` WHERE `provinceid` = '440000' LIMIT 1   [ RunTime:0.0010s ]
SQL: SHOW COLUMNS FROM `cities` [ RunTime:0.0050s ]
SQL: SELECT * FROM `cities` WHERE `cityid` = '440300' LIMIT 1   [ RunTime:0.0010s ]
SQL: SHOW COLUMNS FROM `areas` [ RunTime:0.0050s ]
SQL: SELECT * FROM `areas` WHERE `areaid` = '440306' LIMIT 1   [ RunTime:0.0020s ]
INFO: [ view_parse ] --START--
INFO: [ template_filter ] --START--
INFO: Run Behavior\ContentReplaceBehavior [ RunTime:0.000000s ]
INFO: [ template_filter ] --END-- [ RunTime:0.001000s ]
INFO: Run Behavior\ParseTemplateBehavior [ RunTime:0.046003s ]
INFO: [ view_parse ] --END-- [ RunTime:0.046003s ]
INFO: [ view_filter ] --START--
INFO: Run Behavior\WriteHtmlCacheBehavior [ RunTime:0.001000s ]
INFO: [ view_filter ] --END-- [ RunTime:0.002000s ]
INFO: [ app_end ] --START--
INFO: Run Behavior\ShowPageTraceBehavior [ RunTime:0.002000s ]
INFO: [ app_end ] --END-- [ RunTime:0.002000s ]

[ 2017-04-12T12:15:21+08:00 ] 127.0.0.1 /user/index/handler/common_ajax.aspx?action=get_user_cart_count
INFO: [ app_init ] --START--
INFO: Run Behavior\BuildLiteBehavior [ RunTime:0.000000s ]
INFO: [ app_init ] --END-- [ RunTime:0.002000s ]
INFO: [ app_begin ] --START--
INFO: Run Behavior\ReadHtmlCacheBehavior [ RunTime:0.004001s ]
INFO: [ app_begin ] --END-- [ RunTime:0.006001s ]
ERR: 非法操作:handler

[ 2017-04-12T12:15:21+08:00 ] 127.0.0.1 /user/index/handler/common_ajax.aspx?action=get_lgoin_str
INFO: [ app_init ] --START--
INFO: Run Behavior\BuildLiteBehavior [ RunTime:0.000000s ]
INFO: [ app_init ] --END-- [ RunTime:0.003000s ]
INFO: [ app_begin ] --START--
INFO: Run Behavior\ReadHtmlCacheBehavior [ RunTime:0.002000s ]
INFO: [ app_begin ] --END-- [ RunTime:0.005000s ]
ERR: 非法操作:handler

[ 2017-04-12T12:15:27+08:00 ] 127.0.0.1 /user/index/address
INFO: [ app_init ] --START--
INFO: Run Behavior\BuildLiteBehavior [ RunTime:0.000000s ]
INFO: [ app_init ] --END-- [ RunTime:0.002000s ]
INFO: [ app_begin ] --START--
INFO: Run Behavior\ReadHtmlCacheBehavior [ RunTime:0.001000s ]
INFO: [ app_begin ] --END-- [ RunTime:0.002000s ]
SQL: SHOW COLUMNS FROM `user_address` [ RunTime:0.0050s ]
SQL: SELECT * FROM `user_address` WHERE `uid` = 42  [ RunTime:0.0010s ]
SQL: SHOW COLUMNS FROM `provinces` [ RunTime:0.0050s ]
SQL: SELECT * FROM `provinces` WHERE `provinceid` = '440000' LIMIT 1   [ RunTime:0.0010s ]
SQL: SHOW COLUMNS FROM `cities` [ RunTime:0.0060s ]
SQL: SELECT * FROM `cities` WHERE `cityid` = '440300' LIMIT 1   [ RunTime:0.0010s ]
SQL: SHOW COLUMNS FROM `areas` [ RunTime:0.0040s ]
SQL: SELECT * FROM `areas` WHERE `areaid` = '440306' LIMIT 1   [ RunTime:0.0030s ]
INFO: [ view_parse ] --START--
INFO: [ template_filter ] --START--
INFO: Run Behavior\ContentReplaceBehavior [ RunTime:0.000000s ]
INFO: [ template_filter ] --END-- [ RunTime:0.002000s ]
INFO: Run Behavior\ParseTemplateBehavior [ RunTime:0.042002s ]
INFO: [ view_parse ] --END-- [ RunTime:0.043002s ]
INFO: [ view_filter ] --START--
INFO: Run Behavior\WriteHtmlCacheBehavior [ RunTime:0.001000s ]
INFO: [ view_filter ] --END-- [ RunTime:0.001000s ]
INFO: [ app_end ] --START--
INFO: Run Behavior\ShowPageTraceBehavior [ RunTime:0.003000s ]
INFO: [ app_end ] --END-- [ RunTime:0.005000s ]

[ 2017-04-12T12:15:27+08:00 ] 127.0.0.1 /user/index/handler/common_ajax.aspx?action=get_user_cart_count
INFO: [ app_init ] --START--
INFO: Run Behavior\BuildLiteBehavior [ RunTime:0.000000s ]
INFO: [ app_init ] --END-- [ RunTime:0.003000s ]
INFO: [ app_begin ] --START--
INFO: Run Behavior\ReadHtmlCacheBehavior [ RunTime:0.004000s ]
INFO: [ app_begin ] --END-- [ RunTime:0.012000s ]
ERR: 非法操作:handler

[ 2017-04-12T12:15:27+08:00 ] 127.0.0.1 /user/index/handler/common_ajax.aspx?action=get_lgoin_str
INFO: [ app_init ] --START--
INFO: Run Behavior\BuildLiteBehavior [ RunTime:0.003000s ]
INFO: [ app_init ] --END-- [ RunTime:0.005000s ]
INFO: [ app_begin ] --START--
INFO: Run Behavior\ReadHtmlCacheBehavior [ RunTime:0.005000s ]
INFO: [ app_begin ] --END-- [ RunTime:0.021001s ]
ERR: 非法操作:handler

[ 2017-04-12T12:16:21+08:00 ] 127.0.0.1 /user/index/address
INFO: [ app_init ] --START--
INFO: Run Behavior\BuildLiteBehavior [ RunTime:0.000000s ]
INFO: [ app_init ] --END-- [ RunTime:0.001000s ]
INFO: [ app_begin ] --START--
INFO: Run Behavior\ReadHtmlCacheBehavior [ RunTime:0.002000s ]
INFO: [ app_begin ] --END-- [ RunTime:0.002000s ]
SQL: SHOW COLUMNS FROM `user_address` [ RunTime:0.0050s ]
SQL: SELECT * FROM `user_address` WHERE `uid` = 42  [ RunTime:0.0010s ]
SQL: SHOW COLUMNS FROM `provinces` [ RunTime:0.0050s ]
SQL: SELECT * FROM `provinces` WHERE `provinceid` = '440000' LIMIT 1   [ RunTime:0.0000s ]
SQL: SHOW COLUMNS FROM `cities` [ RunTime:0.0040s ]
SQL: SELECT * FROM `cities` WHERE `cityid` = '440300' LIMIT 1   [ RunTime:0.0010s ]
SQL: SHOW COLUMNS FROM `areas` [ RunTime:0.0050s ]
SQL: SELECT * FROM `areas` WHERE `areaid` = '440306' LIMIT 1   [ RunTime:0.0020s ]
INFO: [ view_parse ] --START--
INFO: [ template_filter ] --START--
INFO: Run Behavior\ContentReplaceBehavior [ RunTime:0.001000s ]
INFO: [ template_filter ] --END-- [ RunTime:0.001000s ]
INFO: Run Behavior\ParseTemplateBehavior [ RunTime:0.042002s ]
INFO: [ view_parse ] --END-- [ RunTime:0.042002s ]
INFO: [ view_filter ] --START--
INFO: Run Behavior\WriteHtmlCacheBehavior [ RunTime:0.001001s ]
INFO: [ view_filter ] --END-- [ RunTime:0.001001s ]
INFO: [ app_end ] --START--
INFO: Run Behavior\ShowPageTraceBehavior [ RunTime:0.001000s ]
INFO: [ app_end ] --END-- [ RunTime:0.003000s ]

[ 2017-04-12T12:16:22+08:00 ] 127.0.0.1 /user/index/handler/common_ajax.aspx?action=get_user_cart_count
INFO: [ app_init ] --START--
INFO: Run Behavior\BuildLiteBehavior [ RunTime:0.000000s ]
INFO: [ app_init ] --END-- [ RunTime:0.003000s ]
INFO: [ app_begin ] --START--
INFO: Run Behavior\ReadHtmlCacheBehavior [ RunTime:0.002000s ]
INFO: [ app_begin ] --END-- [ RunTime:0.003001s ]
ERR: 非法操作:handler

[ 2017-04-12T12:16:22+08:00 ] 127.0.0.1 /user/index/handler/common_ajax.aspx?action=get_lgoin_str
INFO: [ app_init ] --START--
INFO: Run Behavior\BuildLiteBehavior [ RunTime:0.000000s ]
INFO: [ app_init ] --END-- [ RunTime:0.003001s ]
INFO: [ app_begin ] --START--
INFO: Run Behavior\ReadHtmlCacheBehavior [ RunTime:0.004000s ]
INFO: [ app_begin ] --END-- [ RunTime:0.005000s ]
ERR: 非法操作:handler

[ 2017-04-12T12:16:26+08:00 ] 127.0.0.1 /user/index/address_edit
INFO: [ app_init ] --START--
INFO: Run Behavior\BuildLiteBehavior [ RunTime:0.000000s ]
INFO: [ app_init ] --END-- [ RunTime:0.003000s ]
INFO: [ app_begin ] --START--
INFO: Run Behavior\ReadHtmlCacheBehavior [ RunTime:0.003000s ]
INFO: [ app_begin ] --END-- [ RunTime:0.004000s ]
SQL: SHOW COLUMNS FROM `provinces` [ RunTime:0.0050s ]
SQL: SELECT * FROM `provinces`  [ RunTime:0.0010s ]
INFO: [ view_parse ] --START--
INFO: [ template_filter ] --START--
INFO: Run Behavior\ContentReplaceBehavior [ RunTime:0.001000s ]
INFO: [ template_filter ] --END-- [ RunTime:0.002000s ]
NOTIC: [8] Undefined variable: xg D:\wamp\www\lushantc\Application\Runtime\Cache\User\736014e25bc0b386b2387cb7ffaa2391.php 第 201 行.
NOTIC: [8] Undefined variable: xg D:\wamp\www\lushantc\Application\Runtime\Cache\User\736014e25bc0b386b2387cb7ffaa2391.php 第 201 行.
NOTIC: [8] Undefined variable: xg D:\wamp\www\lushantc\Application\Runtime\Cache\User\736014e25bc0b386b2387cb7ffaa2391.php 第 201 行.
NOTIC: [8] Undefined variable: xg D:\wamp\www\lushantc\Application\Runtime\Cache\User\736014e25bc0b386b2387cb7ffaa2391.php 第 201 行.
NOTIC: [8] Undefined variable: xg D:\wamp\www\lushantc\Application\Runtime\Cache\User\736014e25bc0b386b2387cb7ffaa2391.php 第 201 行.
NOTIC: [8] Undefined variable: xg D:\wamp\www\lushantc\Application\Runtime\Cache\User\736014e25bc0b386b2387cb7ffaa2391.php 第 201 行.
NOTIC: [8] Undefined variable: xg D:\wamp\www\lushantc\Application\Runtime\Cache\User\736014e25bc0b386b2387cb7ffaa2391.php 第 201 行.
NOTIC: [8] Undefined variable: xg D:\wamp\www\lushantc\Application\Runtime\Cache\User\736014e25bc0b386b2387cb7ffaa2391.php 第 201 行.
NOTIC: [8] Undefined variable: xg D:\wamp\www\lushantc\Application\Runtime\Cache\User\736014e25bc0b386b2387cb7ffaa2391.php 第 201 行.
NOTIC: [8] Undefined variable: xg D:\wamp\www\lushantc\Application\Runtime\Cache\User\736014e25bc0b386b2387cb7ffaa2391.php 第 201 行.
NOTIC: [8] Undefined variable: xg D:\wamp\www\lushantc\Application\Runtime\Cache\User\736014e25bc0b386b2387cb7ffaa2391.php 第 201 行.
NOTIC: [8] Undefined variable: xg D:\wamp\www\lushantc\Application\Runtime\Cache\User\736014e25bc0b386b2387cb7ffaa2391.php 第 201 行.
NOTIC: [8] Undefined variable: xg D:\wamp\www\lushantc\Application\Runtime\Cache\User\736014e25bc0b386b2387cb7ffaa2391.php 第 201 行.
NOTIC: [8] Undefined variable: xg D:\wamp\www\lushantc\Application\Runtime\Cache\User\736014e25bc0b386b2387cb7ffaa2391.php 第 201 行.
NOTIC: [8] Undefined variable: xg D:\wamp\www\lushantc\Application\Runtime\Cache\User\736014e25bc0b386b2387cb7ffaa2391.php 第 201 行.
NOTIC: [8] Undefined variable: xg D:\wamp\www\lushantc\Application\Runtime\Cache\User\736014e25bc0b386b2387cb7ffaa2391.php 第 201 行.
NOTIC: [8] Undefined variable: xg D:\wamp\www\lushantc\Application\Runtime\Cache\User\736014e25bc0b386b2387cb7ffaa2391.php 第 201 行.
NOTIC: [8] Undefined variable: xg D:\wamp\www\lushantc\Application\Runtime\Cache\User\736014e25bc0b386b2387cb7ffaa2391.php 第 201 行.
NOTIC: [8] Undefined variable: xg D:\wamp\www\lushantc\Application\Runtime\Cache\User\736014e25bc0b386b2387cb7ffaa2391.php 第 201 行.
NOTIC: [8] Undefined variable: xg D:\wamp\www\lushantc\Application\Runtime\Cache\User\736014e25bc0b386b2387cb7ffaa2391.php 第 201 行.
NOTIC: [8] Undefined variable: xg D:\wamp\www\lushantc\Application\Runtime\Cache\User\736014e25bc0b386b2387cb7ffaa2391.php 第 201 行.
NOTIC: [8] Undefined variable: xg D:\wamp\www\lushantc\Application\Runtime\Cache\User\736014e25bc0b386b2387cb7ffaa2391.php 第 201 行.
NOTIC: [8] Undefined variable: xg D:\wamp\www\lushantc\Application\Runtime\Cache\User\736014e25bc0b386b2387cb7ffaa2391.php 第 201 行.
NOTIC: [8] Undefined variable: xg D:\wamp\www\lushantc\Application\Runtime\Cache\User\736014e25bc0b386b2387cb7ffaa2391.php 第 201 行.
NOTIC: [8] Undefined variable: xg D:\wamp\www\lushantc\Application\Runtime\Cache\User\736014e25bc0b386b2387cb7ffaa2391.php 第 201 行.
NOTIC: [8] Undefined variable: xg D:\wamp\www\lushantc\Application\Runtime\Cache\User\736014e25bc0b386b2387cb7ffaa2391.php 第 201 行.
NOTIC: [8] Undefined variable: xg D:\wamp\www\lushantc\Application\Runtime\Cache\User\736014e25bc0b386b2387cb7ffaa2391.php 第 201 行.
NOTIC: [8] Undefined variable: xg D:\wamp\www\lushantc\Application\Runtime\Cache\User\736014e25bc0b386b2387cb7ffaa2391.php 第 201 行.
NOTIC: [8] Undefined variable: xg D:\wamp\www\lushantc\Application\Runtime\Cache\User\736014e25bc0b386b2387cb7ffaa2391.php 第 201 行.
NOTIC: [8] Undefined variable: xg D:\wamp\www\lushantc\Application\Runtime\Cache\User\736014e25bc0b386b2387cb7ffaa2391.php 第 201 行.
NOTIC: [8] Undefined variable: xg D:\wamp\www\lushantc\Application\Runtime\Cache\User\736014e25bc0b386b2387cb7ffaa2391.php 第 201 行.
NOTIC: [8] Undefined variable: xg D:\wamp\www\lushantc\Application\Runtime\Cache\User\736014e25bc0b386b2387cb7ffaa2391.php 第 201 行.
NOTIC: [8] Undefined variable: xg D:\wamp\www\lushantc\Application\Runtime\Cache\User\736014e25bc0b386b2387cb7ffaa2391.php 第 201 行.
NOTIC: [8] Undefined variable: xg D:\wamp\www\lushantc\Application\Runtime\Cache\User\736014e25bc0b386b2387cb7ffaa2391.php 第 201 行.
NOTIC: [8] Undefined variable: shi D:\wamp\www\lushantc\Application\Runtime\Cache\User\736014e25bc0b386b2387cb7ffaa2391.php 第 206 行.
NOTIC: [8] Undefined variable: qu D:\wamp\www\lushantc\Application\Runtime\Cache\User\736014e25bc0b386b2387cb7ffaa2391.php 第 211 行.
NOTIC: [8] Undefined variable: xg D:\wamp\www\lushantc\Application\Runtime\Cache\User\736014e25bc0b386b2387cb7ffaa2391.php 第 220 行.
NOTIC: [8] Undefined variable: xg D:\wamp\www\lushantc\Application\Runtime\Cache\User\736014e25bc0b386b2387cb7ffaa2391.php 第 224 行.
NOTIC: [8] Undefined variable: xg D:\wamp\www\lushantc\Application\Runtime\Cache\User\736014e25bc0b386b2387cb7ffaa2391.php 第 228 行.
NOTIC: [8] Undefined variable: xg D:\wamp\www\lushantc\Application\Runtime\Cache\User\736014e25bc0b386b2387cb7ffaa2391.php 第 232 行.
NOTIC: [8] Undefined variable: xg D:\wamp\www\lushantc\Application\Runtime\Cache\User\736014e25bc0b386b2387cb7ffaa2391.php 第 236 行.
INFO: Run Behavior\ParseTemplateBehavior [ RunTime:0.074004s ]
INFO: [ view_parse ] --END-- [ RunTime:0.074004s ]
INFO: [ view_filter ] --START--
INFO: Run Behavior\WriteHtmlCacheBehavior [ RunTime:0.001000s ]
INFO: [ view_filter ] --END-- [ RunTime:0.001000s ]
INFO: [ app_end ] --START--
INFO: Run Behavior\ShowPageTraceBehavior [ RunTime:0.002000s ]
INFO: [ app_end ] --END-- [ RunTime:0.003000s ]

[ 2017-04-12T12:16:27+08:00 ] 127.0.0.1 /user/index/handler/common_ajax.aspx?action=get_user_cart_count
INFO: [ app_init ] --START--
INFO: Run Behavior\BuildLiteBehavior [ RunTime:0.000000s ]
INFO: [ app_init ] --END-- [ RunTime:0.004000s ]
INFO: [ app_begin ] --START--
INFO: Run Behavior\ReadHtmlCacheBehavior [ RunTime:0.002000s ]
INFO: [ app_begin ] --END-- [ RunTime:0.002000s ]
ERR: 非法操作:handler

[ 2017-04-12T12:16:27+08:00 ] 127.0.0.1 /user/index/handler/common_ajax.aspx?action=get_lgoin_str
INFO: [ app_init ] --START--
INFO: Run Behavior\BuildLiteBehavior [ RunTime:0.000000s ]
INFO: [ app_init ] --END-- [ RunTime:0.002000s ]
INFO: [ app_begin ] --START--
INFO: Run Behavior\ReadHtmlCacheBehavior [ RunTime:0.001000s ]
INFO: [ app_begin ] --END-- [ RunTime:0.002000s ]
ERR: 非法操作:handler

[ 2017-04-12T12:16:27+08:00 ] 127.0.0.1 /user/index/address
INFO: [ app_init ] --START--
INFO: Run Behavior\BuildLiteBehavior [ RunTime:0.001000s ]
INFO: [ app_init ] --END-- [ RunTime:0.002000s ]
INFO: [ app_begin ] --START--
INFO: Run Behavior\ReadHtmlCacheBehavior [ RunTime:0.002000s ]
INFO: [ app_begin ] --END-- [ RunTime:0.002000s ]
SQL: SHOW COLUMNS FROM `user_address` [ RunTime:0.0050s ]
SQL: SELECT * FROM `user_address` WHERE `uid` = 42  [ RunTime:0.0010s ]
SQL: SHOW COLUMNS FROM `provinces` [ RunTime:0.0050s ]
SQL: SELECT * FROM `provinces` WHERE `provinceid` = '440000' LIMIT 1   [ RunTime:0.0010s ]
SQL: SHOW COLUMNS FROM `cities` [ RunTime:0.0050s ]
SQL: SELECT * FROM `cities` WHERE `cityid` = '440300' LIMIT 1   [ RunTime:0.0010s ]
SQL: SHOW COLUMNS FROM `areas` [ RunTime:0.0060s ]
SQL: SELECT * FROM `areas` WHERE `areaid` = '440306' LIMIT 1   [ RunTime:0.0020s ]
INFO: [ view_parse ] --START--
INFO: [ template_filter ] --START--
INFO: Run Behavior\ContentReplaceBehavior [ RunTime:0.001000s ]
INFO: [ template_filter ] --END-- [ RunTime:0.001000s ]
INFO: Run Behavior\ParseTemplateBehavior [ RunTime:0.042003s ]
INFO: [ view_parse ] --END-- [ RunTime:0.043003s ]
INFO: [ view_filter ] --START--
INFO: Run Behavior\WriteHtmlCacheBehavior [ RunTime:0.001000s ]
INFO: [ view_filter ] --END-- [ RunTime:0.001000s ]
INFO: [ app_end ] --START--
INFO: Run Behavior\ShowPageTraceBehavior [ RunTime:0.002000s ]
INFO: [ app_end ] --END-- [ RunTime:0.002000s ]

[ 2017-04-12T12:16:28+08:00 ] 127.0.0.1 /user/index/handler/common_ajax.aspx?action=get_lgoin_str
INFO: [ app_init ] --START--
INFO: Run Behavior\BuildLiteBehavior [ RunTime:0.000000s ]
INFO: [ app_init ] --END-- [ RunTime:0.003000s ]
INFO: [ app_begin ] --START--
INFO: Run Behavior\ReadHtmlCacheBehavior [ RunTime:0.002000s ]
INFO: [ app_begin ] --END-- [ RunTime:0.010001s ]
ERR: 非法操作:handler

[ 2017-04-12T12:16:28+08:00 ] 127.0.0.1 /user/index/handler/common_ajax.aspx?action=get_user_cart_count
INFO: [ app_init ] --START--
INFO: Run Behavior\BuildLiteBehavior [ RunTime:0.000000s ]
INFO: [ app_init ] --END-- [ RunTime:0.002000s ]
INFO: [ app_begin ] --START--
INFO: Run Behavior\ReadHtmlCacheBehavior [ RunTime:0.003000s ]
INFO: [ app_begin ] --END-- [ RunTime:0.006000s ]
ERR: 非法操作:handler

[ 2017-04-12T13:27:43+08:00 ] 127.0.0.1 /user/order.aspx
INFO: [ app_init ] --START--
INFO: Run Behavior\BuildLiteBehavior [ RunTime:0.000000s ]
INFO: [ app_init ] --END-- [ RunTime:0.001000s ]
INFO: [ app_begin ] --START--
INFO: Run Behavior\ReadHtmlCacheBehavior [ RunTime:0.002000s ]
INFO: [ app_begin ] --END-- [ RunTime:0.002000s ]
ERR: 无法加载控制器:Order

[ 2017-04-12T14:48:55+08:00 ] 127.0.0.1 /user/order.aspx
INFO: [ app_init ] --START--
INFO: Run Behavior\BuildLiteBehavior [ RunTime:0.001000s ]
INFO: [ app_init ] --END-- [ RunTime:0.002000s ]
INFO: [ app_begin ] --START--
INFO: Run Behavior\ReadHtmlCacheBehavior [ RunTime:0.002000s ]
INFO: [ app_begin ] --END-- [ RunTime:0.002000s ]
ERR: 无法加载控制器:Order

[ 2017-04-12T14:49:07+08:00 ] 127.0.0.1 /user/order.aspx
INFO: [ app_init ] --START--
INFO: Run Behavior\BuildLiteBehavior [ RunTime:0.000000s ]
INFO: [ app_init ] --END-- [ RunTime:0.002000s ]
INFO: [ app_begin ] --START--
INFO: Run Behavior\ReadHtmlCacheBehavior [ RunTime:0.002001s ]
INFO: [ app_begin ] --END-- [ RunTime:0.002001s ]
ERR: 无法加载控制器:Order

[ 2017-04-12T14:51:17+08:00 ] 127.0.0.1 /user/order.aspx
INFO: [ app_init ] --START--
INFO: Run Behavior\BuildLiteBehavior [ RunTime:0.000000s ]
INFO: [ app_init ] --END-- [ RunTime:0.002000s ]
INFO: [ app_begin ] --START--
INFO: Run Behavior\ReadHtmlCacheBehavior [ RunTime:0.002000s ]
INFO: [ app_begin ] --END-- [ RunTime:0.002000s ]
ERR: 无法加载控制器:Order

[ 2017-04-12T14:51:29+08:00 ] 127.0.0.1 /user
INFO: [ app_init ] --START--
INFO: Run Behavior\BuildLiteBehavior [ RunTime:0.000000s ]
INFO: [ app_init ] --END-- [ RunTime:0.003000s ]
INFO: [ app_begin ] --START--
INFO: Run Behavior\ReadHtmlCacheBehavior [ RunTime:0.001000s ]
INFO: [ app_begin ] --END-- [ RunTime:0.002000s ]
SQL: SHOW COLUMNS FROM `order` [ RunTime:0.0050s ]
SQL: SELECT COUNT(*) AS tp_count FROM `order` WHERE `uid` = 42 AND `delete` = 0 LIMIT 1   [ RunTime:0.0010s ]
SQL: SELECT * FROM `order` WHERE `uid` = 42 AND `delete` = 0 ORDER BY create_time LIMIT 0,2   [ RunTime:0.0010s ]
SQL: SHOW COLUMNS FROM `order_detail` [ RunTime:0.0060s ]
SQL: SELECT * FROM `order_detail` WHERE `order_sn` = '14917299176512'  [ RunTime:0.0010s ]
SQL: SELECT * FROM `order_detail` WHERE `order_sn` = '14917299403145'  [ RunTime:0.0000s ]
SQL: SELECT COUNT(*) AS tp_count FROM `order` WHERE `uid` = 42 AND `delete` = 0 LIMIT 1   [ RunTime:0.0010s ]
SQL: SELECT COUNT(*) AS tp_count FROM `order` WHERE `uid` = 42 AND `delete` = 0 AND `status` = 1 LIMIT 1   [ RunTime:0.0010s ]
SQL: SELECT COUNT(*) AS tp_count FROM `order` WHERE `uid` = 42 AND `delete` = 0 AND `status` = 3 LIMIT 1   [ RunTime:0.0010s ]
SQL: SELECT COUNT(*) AS tp_count FROM `order` WHERE `uid` = 42 AND `delete` = 0 AND `status` = 4 LIMIT 1   [ RunTime:0.0010s ]
INFO: [ view_parse ] --START--
INFO: [ template_filter ] --START--
INFO: Run Behavior\ContentReplaceBehavior [ RunTime:0.001000s ]
INFO: [ template_filter ] --END-- [ RunTime:0.001000s ]
INFO: Run Behavior\ParseTemplateBehavior [ RunTime:0.065004s ]
INFO: [ view_parse ] --END-- [ RunTime:0.066004s ]
INFO: [ view_filter ] --START--
INFO: Run Behavior\WriteHtmlCacheBehavior [ RunTime:0.000000s ]
INFO: [ view_filter ] --END-- [ RunTime:0.002000s ]
INFO: [ app_end ] --START--
INFO: Run Behavior\ShowPageTraceBehavior [ RunTime:0.002000s ]
INFO: [ app_end ] --END-- [ RunTime:0.002000s ]

[ 2017-04-12T14:51:48+08:00 ] 127.0.0.1 /user
INFO: [ app_init ] --START--
INFO: Run Behavior\BuildLiteBehavior [ RunTime:0.000000s ]
INFO: [ app_init ] --END-- [ RunTime:0.002000s ]
INFO: [ app_begin ] --START--
INFO: Run Behavior\ReadHtmlCacheBehavior [ RunTime:0.003001s ]
INFO: [ app_begin ] --END-- [ RunTime:0.004001s ]
SQL: SHOW COLUMNS FROM `order` [ RunTime:0.0060s ]
SQL: SELECT COUNT(*) AS tp_count FROM `order` WHERE `uid` = 42 AND `delete` = 0 LIMIT 1   [ RunTime:0.0010s ]
SQL: SELECT * FROM `order` WHERE `uid` = 42 AND `delete` = 0 ORDER BY create_time LIMIT 0,2   [ RunTime:0.0010s ]
SQL: SHOW COLUMNS FROM `order_detail` [ RunTime:0.0060s ]
SQL: SELECT * FROM `order_detail` WHERE `order_sn` = '14917299176512'  [ RunTime:0.0000s ]
SQL: SELECT * FROM `order_detail` WHERE `order_sn` = '14917299403145'  [ RunTime:0.0010s ]
SQL: SELECT COUNT(*) AS tp_count FROM `order` WHERE `uid` = 42 AND `delete` = 0 LIMIT 1   [ RunTime:0.0010s ]
SQL: SELECT COUNT(*) AS tp_count FROM `order` WHERE `uid` = 42 AND `delete` = 0 AND `status` = 1 LIMIT 1   [ RunTime:0.0010s ]
SQL: SELECT COUNT(*) AS tp_count FROM `order` WHERE `uid` = 42 AND `delete` = 0 AND `status` = 3 LIMIT 1   [ RunTime:0.0010s ]
SQL: SELECT COUNT(*) AS tp_count FROM `order` WHERE `uid` = 42 AND `delete` = 0 AND `status` = 4 LIMIT 1   [ RunTime:0.0000s ]
INFO: [ view_parse ] --START--
INFO: [ template_filter ] --START--
INFO: Run Behavior\ContentReplaceBehavior [ RunTime:0.000000s ]
INFO: [ template_filter ] --END-- [ RunTime:0.001000s ]
INFO: Run Behavior\ParseTemplateBehavior [ RunTime:0.090005s ]
INFO: [ view_parse ] --END-- [ RunTime:0.090005s ]
INFO: [ view_filter ] --START--
INFO: Run Behavior\WriteHtmlCacheBehavior [ RunTime:0.000000s ]
INFO: [ view_filter ] --END-- [ RunTime:0.002000s ]
INFO: [ app_end ] --START--
INFO: Run Behavior\ShowPageTraceBehavior [ RunTime:0.005001s ]
INFO: [ app_end ] --END-- [ RunTime:0.005001s ]

[ 2017-04-12T14:52:25+08:00 ] 127.0.0.1 /user
INFO: [ app_init ] --START--
INFO: Run Behavior\BuildLiteBehavior [ RunTime:0.000000s ]
INFO: [ app_init ] --END-- [ RunTime:0.001000s ]
INFO: [ app_begin ] --START--
INFO: Run Behavior\ReadHtmlCacheBehavior [ RunTime:0.001000s ]
INFO: [ app_begin ] --END-- [ RunTime:0.002000s ]
SQL: SHOW COLUMNS FROM `order` [ RunTime:0.0060s ]
SQL: SELECT COUNT(*) AS tp_count FROM `order` WHERE `uid` = 42 AND `delete` = 0 LIMIT 1   [ RunTime:0.0010s ]
SQL: SELECT * FROM `order` WHERE `uid` = 42 AND `delete` = 0 ORDER BY create_time LIMIT 0,2   [ RunTime:0.0010s ]
SQL: SHOW COLUMNS FROM `order_detail` [ RunTime:0.0050s ]
SQL: SELECT * FROM `order_detail` WHERE `order_sn` = '14917299176512'  [ RunTime:0.0010s ]
SQL: SELECT * FROM `order_detail` WHERE `order_sn` = '14917299403145'  [ RunTime:0.0010s ]
SQL: SELECT COUNT(*) AS tp_count FROM `order` WHERE `uid` = 42 AND `delete` = 0 LIMIT 1   [ RunTime:0.0000s ]
SQL: SELECT COUNT(*) AS tp_count FROM `order` WHERE `uid` = 42 AND `delete` = 0 AND `status` = 1 LIMIT 1   [ RunTime:0.0010s ]
SQL: SELECT COUNT(*) AS tp_count FROM `order` WHERE `uid` = 42 AND `delete` = 0 AND `status` = 3 LIMIT 1   [ RunTime:0.0000s ]
SQL: SELECT COUNT(*) AS tp_count FROM `order` WHERE `uid` = 42 AND `delete` = 0 AND `status` = 4 LIMIT 1   [ RunTime:0.0000s ]
INFO: [ view_parse ] --START--
INFO: [ template_filter ] --START--
INFO: Run Behavior\ContentReplaceBehavior [ RunTime:0.000000s ]
INFO: [ template_filter ] --END-- [ RunTime:0.002000s ]
INFO: Run Behavior\ParseTemplateBehavior [ RunTime:0.070004s ]
INFO: [ view_parse ] --END-- [ RunTime:0.070004s ]
INFO: [ view_filter ] --START--
INFO: Run Behavior\WriteHtmlCacheBehavior [ RunTime:0.001000s ]
INFO: [ view_filter ] --END-- [ RunTime:0.001000s ]
INFO: [ app_end ] --START--
INFO: Run Behavior\ShowPageTraceBehavior [ RunTime:0.002000s ]
INFO: [ app_end ] --END-- [ RunTime:0.002000s ]

[ 2017-04-12T14:52:29+08:00 ] 127.0.0.1 /user
INFO: [ app_init ] --START--
INFO: Run Behavior\BuildLiteBehavior [ RunTime:0.000000s ]
INFO: [ app_init ] --END-- [ RunTime:0.001000s ]
INFO: [ app_begin ] --START--
INFO: Run Behavior\ReadHtmlCacheBehavior [ RunTime:0.001000s ]
INFO: [ app_begin ] --END-- [ RunTime:0.001000s ]
SQL: SHOW COLUMNS FROM `order` [ RunTime:0.0070s ]
SQL: SELECT COUNT(*) AS tp_count FROM `order` WHERE `uid` = 42 AND `delete` = 0 LIMIT 1   [ RunTime:0.0020s ]
SQL: SELECT * FROM `order` WHERE `uid` = 42 AND `delete` = 0 ORDER BY create_time LIMIT 0,2   [ RunTime:0.0010s ]
SQL: SHOW COLUMNS FROM `order_detail` [ RunTime:0.0060s ]
SQL: SELECT * FROM `order_detail` WHERE `order_sn` = '14917299176512'  [ RunTime:0.0010s ]
SQL: SELECT * FROM `order_detail` WHERE `order_sn` = '14917299403145'  [ RunTime:0.0010s ]
SQL: SELECT COUNT(*) AS tp_count FROM `order` WHERE `uid` = 42 AND `delete` = 0 LIMIT 1   [ RunTime:0.0000s ]
SQL: SELECT COUNT(*) AS tp_count FROM `order` WHERE `uid` = 42 AND `delete` = 0 AND `status` = 1 LIMIT 1   [ RunTime:0.0000s ]
SQL: SELECT COUNT(*) AS tp_count FROM `order` WHERE `uid` = 42 AND `delete` = 0 AND `status` = 3 LIMIT 1   [ RunTime:0.0010s ]
SQL: SELECT COUNT(*) AS tp_count FROM `order` WHERE `uid` = 42 AND `delete` = 0 AND `status` = 4 LIMIT 1   [ RunTime:0.0000s ]
INFO: [ view_parse ] --START--
INFO: [ template_filter ] --START--
INFO: Run Behavior\ContentReplaceBehavior [ RunTime:0.001000s ]
INFO: [ template_filter ] --END-- [ RunTime:0.001000s ]
INFO: Run Behavior\ParseTemplateBehavior [ RunTime:0.061003s ]
INFO: [ view_parse ] --END-- [ RunTime:0.062003s ]
INFO: [ view_filter ] --START--
INFO: Run Behavior\WriteHtmlCacheBehavior [ RunTime:0.000000s ]
INFO: [ view_filter ] --END-- [ RunTime:0.002000s ]
INFO: [ app_end ] --START--
INFO: Run Behavior\ShowPageTraceBehavior [ RunTime:0.001000s ]
INFO: [ app_end ] --END-- [ RunTime:0.002000s ]

